2024-09-28 10:18:34,888 INFO  LibraryManagementApi.Controllers.EventController - Fetching all events...
2024-09-28 10:18:35,111 WARN  LibraryManagementApi.Controllers.EventController - No events found
2024-09-28 10:19:50,385 INFO  LibraryManagementApi.Controllers.EventController - Adding a new event...
2024-09-28 10:19:50,893 INFO  LibraryManagementApi.Controllers.EventController - Event 'Onam Celebrations' added successfully
2024-09-28 10:20:01,680 INFO  LibraryManagementApi.Controllers.EventController - Fetching all events...
2024-09-28 10:20:01,688 INFO  LibraryManagementApi.Controllers.EventController - Events retrieved successfully
2024-09-28 10:20:35,711 INFO  LibraryManagementApi.Controllers.ReviewController - Creating a new review...
2024-09-28 10:20:36,121 INFO  LibraryManagementApi.Controllers.ReviewController - Review for book ID 1 created successfully
2024-09-28 10:20:54,172 INFO  LibraryManagementApi.Controllers.ReviewController - Fetching all reviews
2024-09-28 10:20:54,453 INFO  LibraryManagementApi.Controllers.ReviewController - All reviews fetched successfully
2024-09-28 10:53:33,208 INFO  LibraryManagementApi.Controllers.ReservationController - Fetching count of active reservations...
2024-09-28 10:53:33,525 INFO  LibraryManagementApi.Controllers.ReservationController - Active reservations count: 0
2024-09-28 10:53:33,532 INFO  LibraryManagementApi.Controllers.ReservationController - Fetching count of active reservations...
2024-09-28 10:53:33,542 INFO  LibraryManagementApi.Controllers.ReservationController - Active reservations count: 0
2024-09-28 10:53:33,554 INFO  LibraryManagementApi.Controllers.UserController - Fetching the total number of users...
2024-09-28 10:53:33,632 INFO  LibraryManagementApi.Controllers.UserController - Total number of users: 5
2024-09-28 10:53:33,640 INFO  LibraryManagementApi.Controllers.UserController - Fetching the total number of users...
2024-09-28 10:53:33,655 INFO  LibraryManagementApi.Controllers.UserController - Total number of users: 5
2024-09-28 10:53:33,661 INFO  LibraryManagementApi.Controllers.UserController - Fetching all users...
2024-09-28 10:53:33,825 INFO  LibraryManagementApi.Controllers.UserController - Users fetched successfully
2024-09-28 10:53:33,952 INFO  LibraryManagementApi.Controllers.UserController - Fetching all users...
2024-09-28 10:53:33,966 INFO  LibraryManagementApi.Controllers.UserController - Users fetched successfully
2024-09-28 10:53:43,581 INFO  LibraryManagementApi.Controllers.ReservationController - Fetching all reservations...
2024-09-28 10:53:43,893 WARN  LibraryManagementApi.Controllers.ReservationController - No reservations found.
2024-09-28 10:53:43,901 INFO  LibraryManagementApi.Controllers.ReservationController - Fetching all reservations...
2024-09-28 10:53:43,967 WARN  LibraryManagementApi.Controllers.ReservationController - No reservations found.
2024-09-28 10:54:01,294 INFO  LibraryManagementApi.Controllers.BorrowedBookController - Fetching all borrowed books...
2024-09-28 10:54:01,461 INFO  LibraryManagementApi.Controllers.BorrowedBookController - Borrowed books fetched successfully
2024-09-28 10:54:21,595 INFO  LibraryManagementApi.Controllers.BorrowedBookController - Adding a new borrowed book...
2024-09-28 10:54:23,036 INFO  LibraryManagementApi.Controllers.BorrowedBookController - Borrowed book added successfully with ID: 3
2024-09-28 10:54:24,764 INFO  LibraryManagementApi.Controllers.BorrowedBookController - Fetching all borrowed books...
2024-09-28 10:54:24,776 INFO  LibraryManagementApi.Controllers.BorrowedBookController - Borrowed books fetched successfully
2024-09-28 10:54:31,867 INFO  LibraryManagementApi.Controllers.ReservationController - Fetching count of active reservations...
2024-09-28 10:54:31,880 INFO  LibraryManagementApi.Controllers.ReservationController - Active reservations count: 0
2024-09-28 10:54:31,883 INFO  LibraryManagementApi.Controllers.ReservationController - Fetching count of active reservations...
2024-09-28 10:54:31,890 INFO  LibraryManagementApi.Controllers.UserController - Fetching the total number of users...
2024-09-28 10:54:31,891 INFO  LibraryManagementApi.Controllers.ReservationController - Active reservations count: 0
2024-09-28 10:54:31,979 INFO  LibraryManagementApi.Controllers.UserController - Total number of users: 5
2024-09-28 10:54:31,983 INFO  LibraryManagementApi.Controllers.UserController - Fetching the total number of users...
2024-09-28 10:54:31,993 INFO  LibraryManagementApi.Controllers.UserController - Total number of users: 5
2024-09-28 10:54:31,994 INFO  LibraryManagementApi.Controllers.UserController - Fetching all users...
2024-09-28 10:54:32,002 INFO  LibraryManagementApi.Controllers.UserController - Users fetched successfully
2024-09-28 10:54:32,008 INFO  LibraryManagementApi.Controllers.UserController - Fetching all users...
2024-09-28 10:54:32,014 INFO  LibraryManagementApi.Controllers.UserController - Users fetched successfully
2024-09-28 10:54:41,480 INFO  LibraryManagementApi.Controllers.BorrowedBookController - Fetching all borrowed books...
2024-09-28 10:54:41,489 INFO  LibraryManagementApi.Controllers.BorrowedBookController - Borrowed books fetched successfully
2024-09-28 10:54:54,126 INFO  LibraryManagementApi.Controllers.BorrowedBookController - Adding a new borrowed book...
2024-09-28 10:54:54,169 INFO  LibraryManagementApi.Controllers.BorrowedBookController - Borrowed book added successfully with ID: 4
2024-09-28 10:54:55,821 INFO  LibraryManagementApi.Controllers.BorrowedBookController - Fetching all borrowed books...
2024-09-28 10:54:55,832 INFO  LibraryManagementApi.Controllers.BorrowedBookController - Borrowed books fetched successfully
2024-09-28 10:55:38,569 INFO  LibraryManagementApi.Controllers.ReservationController - Fetching all reservations...
2024-09-28 10:55:38,579 WARN  LibraryManagementApi.Controllers.ReservationController - No reservations found.
2024-09-28 10:55:38,582 INFO  LibraryManagementApi.Controllers.ReservationController - Fetching all reservations...
2024-09-28 10:55:38,591 WARN  LibraryManagementApi.Controllers.ReservationController - No reservations found.
2024-09-28 10:56:05,164 INFO  LibraryManagementApi.Controllers.ReservationController - Fetching count of active reservations...
2024-09-28 10:56:05,173 INFO  LibraryManagementApi.Controllers.ReservationController - Active reservations count: 0
2024-09-28 10:56:05,175 INFO  LibraryManagementApi.Controllers.ReservationController - Fetching count of active reservations...
2024-09-28 10:56:05,181 INFO  LibraryManagementApi.Controllers.UserController - Fetching the total number of users...
2024-09-28 10:56:05,184 INFO  LibraryManagementApi.Controllers.ReservationController - Active reservations count: 0
2024-09-28 10:56:05,191 INFO  LibraryManagementApi.Controllers.UserController - Total number of users: 5
2024-09-28 10:56:05,195 INFO  LibraryManagementApi.Controllers.UserController - Fetching the total number of users...
2024-09-28 10:56:05,205 INFO  LibraryManagementApi.Controllers.UserController - Total number of users: 5
2024-09-28 10:56:05,211 INFO  LibraryManagementApi.Controllers.UserController - Fetching all users...
2024-09-28 10:56:05,236 INFO  LibraryManagementApi.Controllers.UserController - Users fetched successfully
2024-09-28 10:56:05,242 INFO  LibraryManagementApi.Controllers.UserController - Fetching all users...
2024-09-28 10:56:05,253 INFO  LibraryManagementApi.Controllers.UserController - Users fetched successfully
2024-09-28 10:56:44,145 INFO  LibraryManagementApi.Controllers.ReservationController - Adding a new reservation...
2024-09-28 10:56:57,913 INFO  LibraryManagementApi.Controllers.UserController - Fetching user with ID: 1
2024-09-28 10:56:57,925 INFO  LibraryManagementApi.Controllers.UserController - User with ID 1 fetched successfully
2024-09-28 10:56:57,927 INFO  LibraryManagementApi.Controllers.UserController - Fetching user with ID: 1
2024-09-28 10:56:57,934 INFO  LibraryManagementApi.Controllers.UserController - User with ID 1 fetched successfully
2024-09-28 10:57:04,501 INFO  LibraryManagementApi.Controllers.EventController - Fetching upcoming events...
2024-09-28 10:57:04,685 WARN  LibraryManagementApi.Controllers.EventController - No upcoming events found
2024-09-28 10:57:04,689 INFO  LibraryManagementApi.Controllers.EventController - Fetching upcoming events...
2024-09-28 10:57:04,710 WARN  LibraryManagementApi.Controllers.EventController - No upcoming events found
2024-09-28 10:57:06,512 INFO  LibraryManagementApi.Controllers.UserController - Fetching user with ID: 1
2024-09-28 10:57:06,525 INFO  LibraryManagementApi.Controllers.UserController - User with ID 1 fetched successfully
2024-09-28 10:57:06,528 INFO  LibraryManagementApi.Controllers.UserController - Fetching user with ID: 1
2024-09-28 10:57:06,537 INFO  LibraryManagementApi.Controllers.UserController - User with ID 1 fetched successfully
2024-09-28 10:57:07,964 INFO  LibraryManagementApi.Controllers.EventController - Fetching upcoming events...
2024-09-28 10:57:07,975 WARN  LibraryManagementApi.Controllers.EventController - No upcoming events found
2024-09-28 10:57:07,978 INFO  LibraryManagementApi.Controllers.EventController - Fetching upcoming events...
2024-09-28 10:57:07,986 WARN  LibraryManagementApi.Controllers.EventController - No upcoming events found
2024-09-28 11:07:50,555 INFO  LibraryManagementApi.Controllers.BookController - Fetching not available books...
2024-09-28 11:07:51,057 INFO  LibraryManagementApi.Controllers.BookController - Not available books retrieved successfully
2024-09-28 11:15:01,654 INFO  LibraryManagementApi.Controllers.BookController - Fetching not available books...
2024-09-28 11:15:01,940 INFO  LibraryManagementApi.Controllers.BookController - Not available books retrieved successfully
2024-09-28 11:15:28,531 INFO  LibraryManagementApi.Controllers.ReservationController - Adding a new reservation...
2024-09-28 11:20:32,852 INFO  LibraryManagementApi.Controllers.ReservationController - Fetching count of active reservations...
2024-09-28 11:20:32,987 INFO  LibraryManagementApi.Controllers.ReservationController - Active reservations count: 1
2024-09-28 11:20:32,991 INFO  LibraryManagementApi.Controllers.ReservationController - Fetching count of active reservations...
2024-09-28 11:20:33,003 INFO  LibraryManagementApi.Controllers.ReservationController - Active reservations count: 1
2024-09-28 11:20:33,033 INFO  LibraryManagementApi.Controllers.UserController - Fetching the total number of users...
2024-09-28 11:20:33,042 INFO  LibraryManagementApi.Controllers.UserController - Total number of users: 5
2024-09-28 11:20:33,046 INFO  LibraryManagementApi.Controllers.UserController - Fetching the total number of users...
2024-09-28 11:20:33,049 INFO  LibraryManagementApi.Controllers.UserController - Fetching all users...
2024-09-28 11:20:33,112 INFO  LibraryManagementApi.Controllers.UserController - Total number of users: 5
2024-09-28 11:20:33,163 INFO  LibraryManagementApi.Controllers.UserController - Users fetched successfully
2024-09-28 11:20:33,221 INFO  LibraryManagementApi.Controllers.UserController - Fetching all users...
2024-09-28 11:20:33,251 INFO  LibraryManagementApi.Controllers.UserController - Users fetched successfully
2024-09-28 11:21:16,795 INFO  LibraryManagementApi.Controllers.BorrowedBookController - Adding a new borrowed book...
2024-09-28 11:21:17,648 INFO  LibraryManagementApi.Controllers.BorrowedBookController - Borrowed book added successfully with ID: 5
2024-09-28 11:21:20,065 INFO  LibraryManagementApi.Controllers.BorrowedBookController - Fetching all borrowed books...
2024-09-28 11:21:20,106 INFO  LibraryManagementApi.Controllers.BorrowedBookController - Borrowed books fetched successfully
2024-09-28 11:21:29,466 INFO  LibraryManagementApi.Controllers.ReservationController - Fetching all reservations...
2024-09-28 11:21:29,487 INFO  LibraryManagementApi.Controllers.BookController - Fetching not available books...
2024-09-28 11:21:29,511 INFO  LibraryManagementApi.Controllers.BookController - Not available books retrieved successfully
2024-09-28 11:21:29,516 INFO  LibraryManagementApi.Controllers.BookController - Fetching not available books...
2024-09-28 11:21:29,593 INFO  LibraryManagementApi.Controllers.BookController - Not available books retrieved successfully
2024-09-28 11:21:29,593 INFO  LibraryManagementApi.Controllers.ReservationController - Reservations fetched successfully
2024-09-28 11:21:29,596 INFO  LibraryManagementApi.Controllers.ReservationController - Fetching all reservations...
2024-09-28 11:21:29,628 INFO  LibraryManagementApi.Controllers.ReservationController - Reservations fetched successfully
2024-09-28 11:21:44,427 INFO  LibraryManagementApi.Controllers.ReservationController - Fetching count of active reservations...
2024-09-28 11:21:44,451 INFO  LibraryManagementApi.Controllers.ReservationController - Active reservations count: 1
2024-09-28 11:21:44,453 INFO  LibraryManagementApi.Controllers.ReservationController - Fetching count of active reservations...
2024-09-28 11:21:44,460 INFO  LibraryManagementApi.Controllers.ReservationController - Active reservations count: 1
2024-09-28 11:21:44,463 INFO  LibraryManagementApi.Controllers.UserController - Fetching the total number of users...
2024-09-28 11:21:44,475 INFO  LibraryManagementApi.Controllers.UserController - Total number of users: 5
2024-09-28 11:21:44,483 INFO  LibraryManagementApi.Controllers.UserController - Fetching the total number of users...
2024-09-28 11:21:44,490 INFO  LibraryManagementApi.Controllers.UserController - Fetching all users...
2024-09-28 11:21:44,516 INFO  LibraryManagementApi.Controllers.UserController - Total number of users: 5
2024-09-28 11:21:44,625 INFO  LibraryManagementApi.Controllers.UserController - Users fetched successfully
2024-09-28 11:21:44,630 INFO  LibraryManagementApi.Controllers.UserController - Fetching all users...
2024-09-28 11:21:44,653 INFO  LibraryManagementApi.Controllers.UserController - Users fetched successfully
2024-09-28 11:21:50,404 INFO  LibraryManagementApi.Controllers.BookController - Fetching not available books...
2024-09-28 11:21:50,478 INFO  LibraryManagementApi.Controllers.BookController - Not available books retrieved successfully
2024-09-28 11:21:50,481 INFO  LibraryManagementApi.Controllers.BookController - Fetching not available books...
2024-09-28 11:21:50,529 INFO  LibraryManagementApi.Controllers.BookController - Not available books retrieved successfully
2024-09-28 11:21:58,072 INFO  LibraryManagementApi.Controllers.ReservationController - Adding a new reservation...
2024-09-28 11:23:10,752 INFO  LibraryManagementApi.Controllers.ReservationController - Fetching count of active reservations...
2024-09-28 11:23:10,898 INFO  LibraryManagementApi.Controllers.ReservationController - Active reservations count: 2
2024-09-28 11:23:10,904 INFO  LibraryManagementApi.Controllers.ReservationController - Fetching count of active reservations...
2024-09-28 11:23:10,915 INFO  LibraryManagementApi.Controllers.UserController - Fetching the total number of users...
2024-09-28 11:23:10,922 INFO  LibraryManagementApi.Controllers.ReservationController - Active reservations count: 2
2024-09-28 11:23:10,932 INFO  LibraryManagementApi.Controllers.UserController - Total number of users: 5
2024-09-28 11:23:10,935 INFO  LibraryManagementApi.Controllers.UserController - Fetching the total number of users...
2024-09-28 11:23:10,942 INFO  LibraryManagementApi.Controllers.UserController - Fetching all users...
2024-09-28 11:23:10,945 INFO  LibraryManagementApi.Controllers.UserController - Total number of users: 5
2024-09-28 11:23:10,976 INFO  LibraryManagementApi.Controllers.UserController - Users fetched successfully
2024-09-28 11:23:10,979 INFO  LibraryManagementApi.Controllers.UserController - Fetching all users...
2024-09-28 11:23:10,987 INFO  LibraryManagementApi.Controllers.UserController - Users fetched successfully
2024-09-28 11:23:19,056 INFO  LibraryManagementApi.Controllers.BorrowedBookController - Fetching all borrowed books...
2024-09-28 11:23:19,079 INFO  LibraryManagementApi.Controllers.BorrowedBookController - Borrowed books fetched successfully
2024-09-28 11:23:36,282 INFO  LibraryManagementApi.Controllers.BorrowedBookController - Updating borrowed book with User ID: 2 and Book ID: 13
2024-09-28 11:23:46,291 INFO  LibraryManagementApi.Controllers.BorrowedBookController - Updating borrowed book with User ID: 2 and Book ID: 13
2024-09-28 11:23:46,300 WARN  LibraryManagementApi.Controllers.BorrowedBookController - Borrowed book with User ID: 2 and Book ID: 13 not found
2024-09-28 11:23:49,019 INFO  LibraryManagementApi.Controllers.BorrowedBookController - Borrowed book with User ID: 2 and Book ID: 13 updated successfully
2024-09-28 11:23:52,093 INFO  LibraryManagementApi.Controllers.BorrowedBookController - Fetching all borrowed books...
2024-09-28 11:23:52,102 INFO  LibraryManagementApi.Controllers.BorrowedBookController - Borrowed books fetched successfully
2024-09-28 11:23:54,984 INFO  LibraryManagementApi.Controllers.ReservationController - Fetching all reservations...
2024-09-28 11:23:54,987 INFO  LibraryManagementApi.Controllers.BookController - Fetching not available books...
2024-09-28 11:23:54,993 INFO  LibraryManagementApi.Controllers.BookController - Not available books retrieved successfully
2024-09-28 11:23:54,996 INFO  LibraryManagementApi.Controllers.BookController - Fetching not available books...
2024-09-28 11:23:55,003 INFO  LibraryManagementApi.Controllers.BookController - Not available books retrieved successfully
2024-09-28 11:23:55,037 INFO  LibraryManagementApi.Controllers.ReservationController - Reservations fetched successfully
2024-09-28 11:23:55,040 INFO  LibraryManagementApi.Controllers.ReservationController - Fetching all reservations...
2024-09-28 11:23:55,045 INFO  LibraryManagementApi.Controllers.ReservationController - Reservations fetched successfully
2024-09-28 11:24:15,938 INFO  LibraryManagementApi.Controllers.ReservationController - Fetching count of active reservations...
2024-09-28 11:24:15,951 INFO  LibraryManagementApi.Controllers.ReservationController - Active reservations count: 1
2024-09-28 11:24:15,956 INFO  LibraryManagementApi.Controllers.ReservationController - Fetching count of active reservations...
2024-09-28 11:24:15,965 INFO  LibraryManagementApi.Controllers.UserController - Fetching the total number of users...
2024-09-28 11:24:15,970 INFO  LibraryManagementApi.Controllers.ReservationController - Active reservations count: 1
2024-09-28 11:24:15,979 INFO  LibraryManagementApi.Controllers.UserController - Total number of users: 5
2024-09-28 11:24:15,983 INFO  LibraryManagementApi.Controllers.UserController - Fetching the total number of users...
2024-09-28 11:24:15,988 INFO  LibraryManagementApi.Controllers.UserController - Fetching all users...
2024-09-28 11:24:15,989 INFO  LibraryManagementApi.Controllers.UserController - Total number of users: 5
2024-09-28 11:24:15,998 INFO  LibraryManagementApi.Controllers.UserController - Users fetched successfully
2024-09-28 11:24:16,001 INFO  LibraryManagementApi.Controllers.UserController - Fetching all users...
2024-09-28 11:24:16,009 INFO  LibraryManagementApi.Controllers.UserController - Users fetched successfully
2024-09-28 11:24:23,426 INFO  LibraryManagementApi.Controllers.BookController - Fetching not available books...
2024-09-28 11:24:23,448 INFO  LibraryManagementApi.Controllers.BookController - Not available books retrieved successfully
2024-09-28 11:24:23,454 INFO  LibraryManagementApi.Controllers.BookController - Fetching not available books...
2024-09-28 11:24:23,466 INFO  LibraryManagementApi.Controllers.BookController - Not available books retrieved successfully
2024-09-28 11:24:40,253 INFO  LibraryManagementApi.Controllers.ReservationController - Fetching count of active reservations...
2024-09-28 11:24:40,276 INFO  LibraryManagementApi.Controllers.ReservationController - Active reservations count: 1
2024-09-28 11:24:40,278 INFO  LibraryManagementApi.Controllers.ReservationController - Fetching count of active reservations...
2024-09-28 11:24:40,281 INFO  LibraryManagementApi.Controllers.UserController - Fetching the total number of users...
2024-09-28 11:24:40,328 INFO  LibraryManagementApi.Controllers.UserController - Total number of users: 5
2024-09-28 11:24:40,359 INFO  LibraryManagementApi.Controllers.ReservationController - Active reservations count: 1
2024-09-28 11:24:40,367 INFO  LibraryManagementApi.Controllers.UserController - Fetching all users...
2024-09-28 11:24:40,367 INFO  LibraryManagementApi.Controllers.UserController - Fetching the total number of users...
2024-09-28 11:24:40,381 INFO  LibraryManagementApi.Controllers.UserController - Users fetched successfully
2024-09-28 11:24:40,390 INFO  LibraryManagementApi.Controllers.UserController - Total number of users: 5
2024-09-28 11:24:40,396 INFO  LibraryManagementApi.Controllers.UserController - Fetching all users...
2024-09-28 11:24:40,409 INFO  LibraryManagementApi.Controllers.UserController - Users fetched successfully
2024-09-28 11:24:43,866 INFO  LibraryManagementApi.Controllers.ReservationController - Fetching all reservations...
2024-09-28 11:24:43,866 INFO  LibraryManagementApi.Controllers.BookController - Fetching not available books...
2024-09-28 11:24:43,876 INFO  LibraryManagementApi.Controllers.BookController - Not available books retrieved successfully
2024-09-28 11:24:43,879 INFO  LibraryManagementApi.Controllers.BookController - Fetching not available books...
2024-09-28 11:24:43,884 INFO  LibraryManagementApi.Controllers.BookController - Not available books retrieved successfully
2024-09-28 11:24:43,933 INFO  LibraryManagementApi.Controllers.ReservationController - Reservations fetched successfully
2024-09-28 11:24:43,937 INFO  LibraryManagementApi.Controllers.ReservationController - Fetching all reservations...
2024-09-28 11:24:43,946 INFO  LibraryManagementApi.Controllers.ReservationController - Reservations fetched successfully
2024-09-28 11:24:52,026 INFO  LibraryManagementApi.Controllers.BorrowedBookController - Fetching all borrowed books...
2024-09-28 11:24:52,035 INFO  LibraryManagementApi.Controllers.BorrowedBookController - Borrowed books fetched successfully
2024-09-28 11:25:41,781 INFO  LibraryManagementApi.Controllers.ReservationController - Fetching all reservations...
2024-09-28 11:25:41,781 INFO  LibraryManagementApi.Controllers.BookController - Fetching not available books...
2024-09-28 11:25:41,809 INFO  LibraryManagementApi.Controllers.ReservationController - Reservations fetched successfully
2024-09-28 11:25:41,829 INFO  LibraryManagementApi.Controllers.BookController - Not available books retrieved successfully
2024-09-28 11:25:41,829 INFO  LibraryManagementApi.Controllers.ReservationController - Fetching all reservations...
2024-09-28 11:25:41,882 INFO  LibraryManagementApi.Controllers.BookController - Fetching not available books...
2024-09-28 11:25:41,894 INFO  LibraryManagementApi.Controllers.BookController - Not available books retrieved successfully
2024-09-28 11:25:41,962 INFO  LibraryManagementApi.Controllers.ReservationController - Reservations fetched successfully
2024-09-28 11:25:54,111 INFO  LibraryManagementApi.Controllers.BorrowedBookController - Fetching all borrowed books...
2024-09-28 11:25:54,120 INFO  LibraryManagementApi.Controllers.BorrowedBookController - Borrowed books fetched successfully
2024-09-28 11:25:57,482 INFO  LibraryManagementApi.Controllers.BookController - Fetching not available books...
2024-09-28 11:25:57,482 INFO  LibraryManagementApi.Controllers.ReservationController - Fetching all reservations...
2024-09-28 11:25:57,493 INFO  LibraryManagementApi.Controllers.ReservationController - Reservations fetched successfully
2024-09-28 11:25:57,496 INFO  LibraryManagementApi.Controllers.ReservationController - Fetching all reservations...
2024-09-28 11:25:57,509 INFO  LibraryManagementApi.Controllers.BookController - Not available books retrieved successfully
2024-09-28 11:25:57,512 INFO  LibraryManagementApi.Controllers.ReservationController - Reservations fetched successfully
2024-09-28 11:25:57,512 INFO  LibraryManagementApi.Controllers.BookController - Fetching not available books...
2024-09-28 11:25:57,521 INFO  LibraryManagementApi.Controllers.BookController - Not available books retrieved successfully
2024-09-28 11:26:17,385 INFO  LibraryManagementApi.Controllers.ReservationController - Fetching count of active reservations...
2024-09-28 11:26:17,405 INFO  LibraryManagementApi.Controllers.ReservationController - Active reservations count: 1
2024-09-28 11:26:17,408 INFO  LibraryManagementApi.Controllers.ReservationController - Fetching count of active reservations...
2024-09-28 11:26:17,416 INFO  LibraryManagementApi.Controllers.UserController - Fetching the total number of users...
2024-09-28 11:26:17,418 INFO  LibraryManagementApi.Controllers.ReservationController - Active reservations count: 1
2024-09-28 11:26:17,431 INFO  LibraryManagementApi.Controllers.UserController - Total number of users: 5
2024-09-28 11:26:17,434 INFO  LibraryManagementApi.Controllers.UserController - Fetching the total number of users...
2024-09-28 11:26:17,440 INFO  LibraryManagementApi.Controllers.UserController - Fetching all users...
2024-09-28 11:26:17,441 INFO  LibraryManagementApi.Controllers.UserController - Total number of users: 5
2024-09-28 11:26:17,450 INFO  LibraryManagementApi.Controllers.UserController - Users fetched successfully
2024-09-28 11:26:17,453 INFO  LibraryManagementApi.Controllers.UserController - Fetching all users...
2024-09-28 11:26:17,461 INFO  LibraryManagementApi.Controllers.UserController - Users fetched successfully
2024-09-28 11:26:29,582 INFO  LibraryManagementApi.Controllers.BookController - Fetching not available books...
2024-09-28 11:26:29,594 INFO  LibraryManagementApi.Controllers.BookController - Not available books retrieved successfully
2024-09-28 11:26:29,597 INFO  LibraryManagementApi.Controllers.BookController - Fetching not available books...
2024-09-28 11:26:29,603 INFO  LibraryManagementApi.Controllers.BookController - Not available books retrieved successfully
2024-09-28 11:26:32,829 INFO  LibraryManagementApi.Controllers.BookController - Fetching not available books...
2024-09-28 11:26:32,837 INFO  LibraryManagementApi.Controllers.BookController - Not available books retrieved successfully
2024-09-28 11:26:32,843 INFO  LibraryManagementApi.Controllers.BookController - Fetching not available books...
2024-09-28 11:26:32,854 INFO  LibraryManagementApi.Controllers.BookController - Not available books retrieved successfully
2024-09-28 11:56:16,472 INFO  LibraryManagementApi.Controllers.ReservationController - Fetching count of active reservations...
2024-09-28 11:56:16,535 INFO  LibraryManagementApi.Controllers.ReservationController - Active reservations count: 1
2024-09-28 11:56:16,543 INFO  LibraryManagementApi.Controllers.ReservationController - Fetching count of active reservations...
2024-09-28 11:56:16,551 INFO  LibraryManagementApi.Controllers.ReservationController - Active reservations count: 1
2024-09-28 11:56:16,561 INFO  LibraryManagementApi.Controllers.UserController - Fetching the total number of users...
2024-09-28 11:56:16,578 INFO  LibraryManagementApi.Controllers.UserController - Total number of users: 5
2024-09-28 11:56:16,587 INFO  LibraryManagementApi.Controllers.UserController - Fetching the total number of users...
2024-09-28 11:56:16,597 INFO  LibraryManagementApi.Controllers.UserController - Total number of users: 5
2024-09-28 11:56:16,604 INFO  LibraryManagementApi.Controllers.UserController - Fetching all users...
2024-09-28 11:56:16,651 INFO  LibraryManagementApi.Controllers.UserController - Users fetched successfully
2024-09-28 11:56:16,749 INFO  LibraryManagementApi.Controllers.UserController - Fetching all users...
2024-09-28 11:56:16,761 INFO  LibraryManagementApi.Controllers.UserController - Users fetched successfully
2024-09-28 11:56:17,659 INFO  LibraryManagementApi.Controllers.BookController - Fetching not available books...
2024-09-28 11:56:17,663 INFO  LibraryManagementApi.Controllers.ReservationController - Fetching active reservations for user ID: 1
2024-09-28 11:56:17,710 INFO  LibraryManagementApi.Controllers.BookController - Not available books retrieved successfully
2024-09-28 11:56:17,717 INFO  LibraryManagementApi.Controllers.BookController - Fetching not available books...
2024-09-28 11:56:17,730 INFO  LibraryManagementApi.Controllers.BookController - Not available books retrieved successfully
2024-09-28 11:56:17,746 INFO  LibraryManagementApi.Controllers.ReservationController - Active reservations retrieved successfully
2024-09-28 11:56:17,761 INFO  LibraryManagementApi.Controllers.ReservationController - Fetching active reservations for user ID: 1
2024-09-28 11:56:17,771 INFO  LibraryManagementApi.Controllers.ReservationController - Active reservations retrieved successfully
2024-09-28 11:57:31,967 INFO  LibraryManagementApi.Controllers.ReservationController - Fetching active reservations for user ID: 1
2024-09-28 11:57:31,982 INFO  LibraryManagementApi.Controllers.ReservationController - Active reservations retrieved successfully
2024-09-28 12:04:39,770 INFO  LibraryManagementApi.Controllers.ReservationController - Fetching active reservations for user ID: 1
2024-09-28 12:04:39,983 INFO  LibraryManagementApi.Controllers.ReservationController - Active reservations retrieved successfully
2024-09-28 12:05:10,497 INFO  LibraryManagementApi.Controllers.ReservationController - Fetching count of active reservations...
2024-09-28 12:05:10,509 INFO  LibraryManagementApi.Controllers.ReservationController - Active reservations count: 1
2024-09-28 12:05:10,515 INFO  LibraryManagementApi.Controllers.ReservationController - Fetching count of active reservations...
2024-09-28 12:05:10,524 INFO  LibraryManagementApi.Controllers.ReservationController - Active reservations count: 1
2024-09-28 12:05:10,532 INFO  LibraryManagementApi.Controllers.UserController - Fetching the total number of users...
2024-09-28 12:05:10,543 INFO  LibraryManagementApi.Controllers.UserController - Total number of users: 5
2024-09-28 12:05:10,547 INFO  LibraryManagementApi.Controllers.UserController - Fetching the total number of users...
2024-09-28 12:05:10,555 INFO  LibraryManagementApi.Controllers.UserController - Total number of users: 5
2024-09-28 12:05:10,564 INFO  LibraryManagementApi.Controllers.UserController - Fetching all users...
2024-09-28 12:05:10,578 INFO  LibraryManagementApi.Controllers.UserController - Users fetched successfully
2024-09-28 12:05:10,629 INFO  LibraryManagementApi.Controllers.UserController - Fetching all users...
2024-09-28 12:05:10,638 INFO  LibraryManagementApi.Controllers.UserController - Users fetched successfully
2024-09-28 12:05:12,783 INFO  LibraryManagementApi.Controllers.ReservationController - Fetching active reservations for user ID: 1
2024-09-28 12:05:12,791 INFO  LibraryManagementApi.Controllers.BookController - Fetching not available books...
2024-09-28 12:05:12,799 INFO  LibraryManagementApi.Controllers.ReservationController - Active reservations retrieved successfully
2024-09-28 12:05:12,803 INFO  LibraryManagementApi.Controllers.ReservationController - Fetching active reservations for user ID: 1
2024-09-28 12:05:12,823 INFO  LibraryManagementApi.Controllers.BookController - Not available books retrieved successfully
2024-09-28 12:05:12,825 INFO  LibraryManagementApi.Controllers.ReservationController - Active reservations retrieved successfully
2024-09-28 12:05:12,841 INFO  LibraryManagementApi.Controllers.BookController - Fetching not available books...
2024-09-28 12:05:12,872 INFO  LibraryManagementApi.Controllers.BookController - Not available books retrieved successfully
2024-09-28 12:05:45,855 INFO  LibraryManagementApi.Controllers.BookController - Fetching not available books...
2024-09-28 12:05:45,855 INFO  LibraryManagementApi.Controllers.ReservationController - Fetching active reservations for user ID: 1
2024-09-28 12:05:45,869 INFO  LibraryManagementApi.Controllers.BookController - Not available books retrieved successfully
2024-09-28 12:05:45,881 INFO  LibraryManagementApi.Controllers.BookController - Fetching not available books...
2024-09-28 12:05:45,897 INFO  LibraryManagementApi.Controllers.BookController - Not available books retrieved successfully
2024-09-28 12:05:45,905 WARN  LibraryManagementApi.Controllers.ReservationController - No active reservations found for user ID: 1
2024-09-28 12:05:45,910 INFO  LibraryManagementApi.Controllers.ReservationController - Fetching active reservations for user ID: 1
2024-09-28 12:05:45,924 WARN  LibraryManagementApi.Controllers.ReservationController - No active reservations found for user ID: 1
2024-09-28 12:05:50,246 INFO  LibraryManagementApi.Controllers.BookController - Fetching not available books...
2024-09-28 12:05:50,246 INFO  LibraryManagementApi.Controllers.ReservationController - Fetching active reservations for user ID: 1
2024-09-28 12:05:50,266 WARN  LibraryManagementApi.Controllers.ReservationController - No active reservations found for user ID: 1
2024-09-28 12:05:50,271 INFO  LibraryManagementApi.Controllers.BookController - Not available books retrieved successfully
2024-09-28 12:05:50,282 INFO  LibraryManagementApi.Controllers.BookController - Fetching not available books...
2024-09-28 12:05:50,282 INFO  LibraryManagementApi.Controllers.ReservationController - Fetching active reservations for user ID: 1
2024-09-28 12:05:50,304 INFO  LibraryManagementApi.Controllers.BookController - Not available books retrieved successfully
2024-09-28 12:05:50,309 WARN  LibraryManagementApi.Controllers.ReservationController - No active reservations found for user ID: 1
2024-09-28 15:36:06,104 INFO  LibraryManagementApi.Controllers.UserController - Fetching all users...
2024-09-28 15:36:06,295 INFO  LibraryManagementApi.Controllers.UserController - Users fetched successfully
2024-09-28 15:37:07,676 INFO  LibraryManagementApi.Controllers.UserController - Creating a new user...
2024-09-28 15:47:05,364 INFO  LibraryManagementApi.Controllers.UserController - Creating a new user...
2024-09-28 15:47:06,144 INFO  LibraryManagementApi.Controllers.UserController - User with email kanishikka.2001105@srec.ac.in created successfully
2024-09-28 15:48:19,427 INFO  LibraryManagementApi.Controllers.UserController - Updating user with ID: 4
2024-09-28 15:48:19,428 WARN  LibraryManagementApi.Controllers.UserController - User ID mismatch
2024-09-28 15:48:59,644 INFO  LibraryManagementApi.Controllers.UserController - Updating user with ID: 4
2024-09-28 15:48:59,644 WARN  LibraryManagementApi.Controllers.UserController - User ID mismatch
2024-09-28 15:49:09,548 INFO  LibraryManagementApi.Controllers.UserController - Updating user with ID: 4
2024-09-28 15:49:09,549 WARN  LibraryManagementApi.Controllers.UserController - User ID mismatch
2024-09-28 15:49:48,116 INFO  LibraryManagementApi.Controllers.UserController - Updating user with ID: 4
2024-09-28 15:49:48,274 INFO  LibraryManagementApi.Controllers.UserController - User with ID 4 updated successfully
