2024-10-25 09:48:35,953 INFO  LibraryManagementApi.Controllers.ReservationController - Fetching count of active reservations...
2024-10-25 09:48:35,978 INFO  LibraryManagementApi.Controllers.ReservationController - Active reservations count: 0
2024-10-25 09:48:35,987 INFO  LibraryManagementApi.Controllers.ReservationController - Fetching count of active reservations...
2024-10-25 09:48:35,997 INFO  LibraryManagementApi.Controllers.ReservationController - Active reservations count: 0
2024-10-25 09:48:36,019 INFO  LibraryManagementApi.Controllers.UserController - Fetching the total number of users...
2024-10-25 09:48:36,032 INFO  LibraryManagementApi.Controllers.UserController - Total number of users: 17
2024-10-25 09:48:36,037 INFO  LibraryManagementApi.Controllers.UserController - Fetching the total number of users...
2024-10-25 09:48:36,047 INFO  LibraryManagementApi.Controllers.UserController - Total number of users: 17
2024-10-25 09:48:36,056 INFO  LibraryManagementApi.Controllers.UserController - Fetching all users...
2024-10-25 09:48:36,072 INFO  LibraryManagementApi.Controllers.UserController - Users fetched successfully
2024-10-25 09:48:36,109 INFO  LibraryManagementApi.Controllers.UserController - Fetching all users...
2024-10-25 09:48:36,120 INFO  LibraryManagementApi.Controllers.UserController - Users fetched successfully
2024-10-25 09:49:06,413 INFO  LibraryManagementApi.Controllers.BookController - Fetching available books...
2024-10-25 09:49:06,416 INFO  LibraryManagementApi.Controllers.BookController - Fetching all books...
2024-10-25 09:49:06,424 INFO  LibraryManagementApi.Controllers.BookController - Fetching not available books...
2024-10-25 09:49:06,437 INFO  LibraryManagementApi.Controllers.BookController - Books retrieved successfully
2024-10-25 09:49:06,448 INFO  LibraryManagementApi.Controllers.BookController - Fetching all books...
2024-10-25 09:49:06,451 INFO  LibraryManagementApi.Controllers.BookController - Available books retrieved successfully
2024-10-25 09:49:06,458 INFO  LibraryManagementApi.Controllers.BookController - Not available books retrieved successfully
2024-10-25 09:49:06,459 INFO  LibraryManagementApi.Controllers.BookController - Fetching available books...
2024-10-25 09:49:06,463 INFO  LibraryManagementApi.Controllers.BookController - Books retrieved successfully
2024-10-25 09:49:06,491 INFO  LibraryManagementApi.Controllers.BookController - Fetching not available books...
2024-10-25 09:49:06,612 INFO  LibraryManagementApi.Controllers.BookController - Not available books retrieved successfully
2024-10-25 09:49:06,622 INFO  LibraryManagementApi.Controllers.BookController - Available books retrieved successfully
2024-10-25 09:49:08,103 INFO  LibraryManagementApi.Controllers.BorrowedBookController - Fetching all borrowed books...
2024-10-25 09:49:08,154 INFO  LibraryManagementApi.Controllers.BorrowedBookController - Borrowed books fetched successfully
2024-10-25 09:49:40,556 INFO  LibraryManagementApi.Controllers.BookController - Fetching not available books...
2024-10-25 09:49:40,569 INFO  LibraryManagementApi.Controllers.BookController - Not available books retrieved successfully
2024-10-25 09:49:40,572 INFO  LibraryManagementApi.Controllers.ReservationController - Fetching active reservations for user ID: 1
2024-10-25 09:49:40,572 INFO  LibraryManagementApi.Controllers.ReservationController - Fetching all reservations...
2024-10-25 09:49:40,575 INFO  LibraryManagementApi.Controllers.BookController - Fetching not available books...
2024-10-25 09:49:40,588 INFO  LibraryManagementApi.Controllers.BookController - Not available books retrieved successfully
2024-10-25 09:49:40,610 WARN  LibraryManagementApi.Controllers.ReservationController - No active reservations found for user ID: 1
2024-10-25 09:49:40,610 INFO  LibraryManagementApi.Controllers.ReservationController - Reservations fetched successfully
2024-10-25 09:49:40,613 INFO  LibraryManagementApi.Controllers.ReservationController - Fetching active reservations for user ID: 1
2024-10-25 09:49:40,617 WARN  LibraryManagementApi.Controllers.ReservationController - No active reservations found for user ID: 1
2024-10-25 09:49:40,624 INFO  LibraryManagementApi.Controllers.ReservationController - Fetching all reservations...
2024-10-25 09:49:40,632 INFO  LibraryManagementApi.Controllers.ReservationController - Reservations fetched successfully
2024-10-25 09:50:39,120 INFO  LibraryManagementApi.Controllers.BookController - Fetching all books...
2024-10-25 09:50:39,128 INFO  LibraryManagementApi.Controllers.BookController - Books retrieved successfully
2024-10-25 09:50:39,134 INFO  LibraryManagementApi.Controllers.BookController - Fetching all books...
2024-10-25 09:50:39,136 INFO  LibraryManagementApi.Controllers.ReviewController - Fetching all reviews
2024-10-25 09:50:39,145 INFO  LibraryManagementApi.Controllers.BookController - Books retrieved successfully
2024-10-25 09:50:39,187 INFO  LibraryManagementApi.Controllers.ReviewController - All reviews fetched successfully
2024-10-25 09:50:39,192 INFO  LibraryManagementApi.Controllers.ReviewController - Fetching all reviews
2024-10-25 09:50:39,196 INFO  LibraryManagementApi.Controllers.ReviewController - All reviews fetched successfully
2024-10-25 09:51:03,483 INFO  LibraryManagementApi.Controllers.EventController - Fetching upcoming events...
2024-10-25 09:51:03,499 WARN  LibraryManagementApi.Controllers.EventController - No upcoming events found
2024-10-25 09:51:03,521 INFO  LibraryManagementApi.Controllers.EventController - Fetching upcoming events...
2024-10-25 09:51:03,524 WARN  LibraryManagementApi.Controllers.EventController - No upcoming events found
2024-10-25 09:51:14,755 INFO  LibraryManagementApi.Controllers.UserController - Fetching user with ID: 1
2024-10-25 09:51:14,789 INFO  LibraryManagementApi.Controllers.UserController - User with ID 1 fetched successfully
2024-10-25 09:51:14,791 INFO  LibraryManagementApi.Controllers.UserController - Fetching user with ID: 1
2024-10-25 09:51:14,796 INFO  LibraryManagementApi.Controllers.UserController - User with ID 1 fetched successfully
2024-10-25 09:54:47,116 INFO  LibraryManagementApi.Controllers.ReservationController - Fetching count of active reservations...
2024-10-25 09:54:47,126 INFO  LibraryManagementApi.Controllers.ReservationController - Active reservations count: 0
2024-10-25 09:54:47,133 INFO  LibraryManagementApi.Controllers.UserController - Fetching the total number of users...
2024-10-25 09:54:47,135 INFO  LibraryManagementApi.Controllers.ReservationController - Fetching count of active reservations...
2024-10-25 09:54:47,140 INFO  LibraryManagementApi.Controllers.UserController - Total number of users: 17
2024-10-25 09:54:47,147 INFO  LibraryManagementApi.Controllers.ReservationController - Active reservations count: 0
2024-10-25 09:54:47,156 INFO  LibraryManagementApi.Controllers.UserController - Fetching all users...
2024-10-25 09:54:47,157 INFO  LibraryManagementApi.Controllers.UserController - Fetching the total number of users...
2024-10-25 09:54:47,164 INFO  LibraryManagementApi.Controllers.UserController - Users fetched successfully
2024-10-25 09:54:47,166 INFO  LibraryManagementApi.Controllers.UserController - Total number of users: 17
2024-10-25 09:54:47,174 INFO  LibraryManagementApi.Controllers.UserController - Fetching all users...
2024-10-25 09:54:47,182 INFO  LibraryManagementApi.Controllers.UserController - Users fetched successfully
2024-10-25 09:56:50,849 INFO  LibraryManagementApi.Controllers.BookController - Fetching available books...
2024-10-25 09:56:50,855 INFO  LibraryManagementApi.Controllers.BookController - Fetching all books...
2024-10-25 09:56:50,875 INFO  LibraryManagementApi.Controllers.BookController - Fetching not available books...
2024-10-25 09:56:50,877 INFO  LibraryManagementApi.Controllers.BookController - Books retrieved successfully
2024-10-25 09:56:50,881 INFO  LibraryManagementApi.Controllers.BookController - Available books retrieved successfully
2024-10-25 09:56:50,929 INFO  LibraryManagementApi.Controllers.BookController - Not available books retrieved successfully
2024-10-25 09:56:50,930 INFO  LibraryManagementApi.Controllers.BookController - Fetching all books...
2024-10-25 09:56:50,930 INFO  LibraryManagementApi.Controllers.BookController - Fetching available books...
2024-10-25 09:56:50,958 INFO  LibraryManagementApi.Controllers.BookController - Fetching not available books...
2024-10-25 09:56:50,958 INFO  LibraryManagementApi.Controllers.BookController - Books retrieved successfully
2024-10-25 09:56:50,964 INFO  LibraryManagementApi.Controllers.BookController - Available books retrieved successfully
2024-10-25 09:56:51,021 INFO  LibraryManagementApi.Controllers.BookController - Not available books retrieved successfully
2024-10-25 10:00:20,704 INFO  LibraryManagementApi.Controllers.BookController - Fetching not available books...
2024-10-25 10:00:20,742 INFO  LibraryManagementApi.Controllers.BookController - Fetching all books...
2024-10-25 10:00:20,759 INFO  LibraryManagementApi.Controllers.BookController - Fetching available books...
2024-10-25 10:00:20,772 INFO  LibraryManagementApi.Controllers.BookController - Not available books retrieved successfully
2024-10-25 10:00:20,786 INFO  LibraryManagementApi.Controllers.BookController - Fetching not available books...
2024-10-25 10:00:20,798 INFO  LibraryManagementApi.Controllers.BookController - Available books retrieved successfully
2024-10-25 10:00:20,814 INFO  LibraryManagementApi.Controllers.BookController - Not available books retrieved successfully
2024-10-25 10:00:20,830 INFO  LibraryManagementApi.Controllers.BookController - Books retrieved successfully
2024-10-25 10:00:20,836 INFO  LibraryManagementApi.Controllers.BookController - Fetching available books...
2024-10-25 10:00:20,847 INFO  LibraryManagementApi.Controllers.BookController - Fetching all books...
2024-10-25 10:00:20,852 INFO  LibraryManagementApi.Controllers.BookController - Available books retrieved successfully
2024-10-25 10:00:20,858 INFO  LibraryManagementApi.Controllers.BookController - Books retrieved successfully
2024-10-25 10:00:33,882 INFO  LibraryManagementApi.Controllers.BorrowedBookController - Adding a new borrowed book...
2024-10-25 10:00:46,432 INFO  LibraryManagementApi.Controllers.BorrowedBookController - Borrowed book added successfully with ID: 62
2024-10-25 10:00:48,457 INFO  LibraryManagementApi.Controllers.BorrowedBookController - Fetching all borrowed books...
2024-10-25 10:00:48,491 INFO  LibraryManagementApi.Controllers.BorrowedBookController - Borrowed books fetched successfully
2024-10-25 10:00:49,766 INFO  LibraryManagementApi.Controllers.BorrowedBookController - Fetching all borrowed books...
2024-10-25 10:00:49,782 INFO  LibraryManagementApi.Controllers.BorrowedBookController - Borrowed books fetched successfully
2024-10-25 10:00:52,152 INFO  LibraryManagementApi.Controllers.BorrowedBookController - Fetching all borrowed books...
2024-10-25 10:00:52,166 INFO  LibraryManagementApi.Controllers.BorrowedBookController - Borrowed books fetched successfully
2024-10-25 10:10:54,774 INFO  LibraryManagementApi.Controllers.ReservationController - Fetching count of active reservations...
2024-10-25 10:10:54,788 INFO  LibraryManagementApi.Controllers.ReservationController - Active reservations count: 0
2024-10-25 10:10:54,792 INFO  LibraryManagementApi.Controllers.ReservationController - Fetching count of active reservations...
2024-10-25 10:10:54,798 INFO  LibraryManagementApi.Controllers.ReservationController - Active reservations count: 0
2024-10-25 10:10:54,800 INFO  LibraryManagementApi.Controllers.UserController - Fetching the total number of users...
2024-10-25 10:10:54,808 INFO  LibraryManagementApi.Controllers.UserController - Total number of users: 17
2024-10-25 10:10:54,812 INFO  LibraryManagementApi.Controllers.UserController - Fetching the total number of users...
2024-10-25 10:10:54,820 INFO  LibraryManagementApi.Controllers.UserController - Total number of users: 17
2024-10-25 10:10:54,824 INFO  LibraryManagementApi.Controllers.UserController - Fetching all users...
2024-10-25 10:10:54,832 INFO  LibraryManagementApi.Controllers.UserController - Users fetched successfully
2024-10-25 10:10:54,836 INFO  LibraryManagementApi.Controllers.UserController - Fetching all users...
2024-10-25 10:10:54,846 INFO  LibraryManagementApi.Controllers.UserController - Users fetched successfully
2024-10-25 10:12:17,216 INFO  LibraryManagementApi.Controllers.BookController - Fetching all books...
2024-10-25 10:12:17,218 INFO  LibraryManagementApi.Controllers.BookController - Fetching available books...
2024-10-25 10:12:17,234 INFO  LibraryManagementApi.Controllers.BookController - Fetching not available books...
2024-10-25 10:12:17,241 INFO  LibraryManagementApi.Controllers.BookController - Books retrieved successfully
2024-10-25 10:12:17,245 INFO  LibraryManagementApi.Controllers.BookController - Available books retrieved successfully
2024-10-25 10:12:17,298 INFO  LibraryManagementApi.Controllers.BookController - Fetching all books...
2024-10-25 10:12:17,305 INFO  LibraryManagementApi.Controllers.BookController - Fetching available books...
2024-10-25 10:12:17,314 INFO  LibraryManagementApi.Controllers.BookController - Not available books retrieved successfully
2024-10-25 10:12:17,327 INFO  LibraryManagementApi.Controllers.BookController - Books retrieved successfully
2024-10-25 10:12:17,344 INFO  LibraryManagementApi.Controllers.BookController - Available books retrieved successfully
2024-10-25 10:12:17,344 INFO  LibraryManagementApi.Controllers.BookController - Fetching not available books...
2024-10-25 10:12:17,392 INFO  LibraryManagementApi.Controllers.BookController - Not available books retrieved successfully
2024-10-25 10:12:21,005 INFO  LibraryManagementApi.Controllers.BorrowedBookController - Fetching all borrowed books...
2024-10-25 10:12:21,024 INFO  LibraryManagementApi.Controllers.BorrowedBookController - Borrowed books fetched successfully
2024-10-25 10:13:39,028 INFO  LibraryManagementApi.Controllers.BookController - Fetching all books...
2024-10-25 10:13:39,028 INFO  LibraryManagementApi.Controllers.BookController - Fetching available books...
2024-10-25 10:13:39,040 INFO  LibraryManagementApi.Controllers.BookController - Fetching not available books...
2024-10-25 10:13:39,046 INFO  LibraryManagementApi.Controllers.BookController - Books retrieved successfully
2024-10-25 10:13:39,070 INFO  LibraryManagementApi.Controllers.BookController - Fetching all books...
2024-10-25 10:13:39,105 INFO  LibraryManagementApi.Controllers.BookController - Available books retrieved successfully
2024-10-25 10:13:39,120 INFO  LibraryManagementApi.Controllers.BookController - Fetching available books...
2024-10-25 10:13:39,127 INFO  LibraryManagementApi.Controllers.BookController - Books retrieved successfully
2024-10-25 10:13:39,142 INFO  LibraryManagementApi.Controllers.BookController - Not available books retrieved successfully
2024-10-25 10:13:39,149 INFO  LibraryManagementApi.Controllers.BookController - Available books retrieved successfully
2024-10-25 10:13:39,177 INFO  LibraryManagementApi.Controllers.BookController - Fetching not available books...
2024-10-25 10:13:39,205 INFO  LibraryManagementApi.Controllers.BookController - Not available books retrieved successfully
2024-10-25 10:13:53,054 INFO  LibraryManagementApi.Controllers.BookController - Fetching available books...
2024-10-25 10:13:53,054 INFO  LibraryManagementApi.Controllers.BookController - Fetching not available books...
2024-10-25 10:13:53,054 INFO  LibraryManagementApi.Controllers.BookController - Fetching all books...
2024-10-25 10:13:53,073 INFO  LibraryManagementApi.Controllers.BookController - Books retrieved successfully
2024-10-25 10:13:53,080 INFO  LibraryManagementApi.Controllers.BookController - Available books retrieved successfully
2024-10-25 10:13:53,083 INFO  LibraryManagementApi.Controllers.BookController - Not available books retrieved successfully
2024-10-25 10:13:53,112 INFO  LibraryManagementApi.Controllers.BookController - Fetching not available books...
2024-10-25 10:13:53,112 INFO  LibraryManagementApi.Controllers.BookController - Fetching available books...
2024-10-25 10:13:53,135 INFO  LibraryManagementApi.Controllers.BookController - Available books retrieved successfully
2024-10-25 10:13:53,135 INFO  LibraryManagementApi.Controllers.BookController - Fetching all books...
2024-10-25 10:13:53,149 INFO  LibraryManagementApi.Controllers.BookController - Not available books retrieved successfully
2024-10-25 10:13:53,150 INFO  LibraryManagementApi.Controllers.BookController - Books retrieved successfully
2024-10-25 10:13:54,400 INFO  LibraryManagementApi.Controllers.BookController - Fetching not available books...
2024-10-25 10:13:54,408 INFO  LibraryManagementApi.Controllers.ReservationController - Fetching all reservations...
2024-10-25 10:13:54,410 INFO  LibraryManagementApi.Controllers.ReservationController - Fetching active reservations for user ID: 1
2024-10-25 10:13:54,410 INFO  LibraryManagementApi.Controllers.BookController - Not available books retrieved successfully
2024-10-25 10:13:54,413 INFO  LibraryManagementApi.Controllers.BookController - Fetching not available books...
2024-10-25 10:13:54,430 INFO  LibraryManagementApi.Controllers.BookController - Not available books retrieved successfully
2024-10-25 10:13:54,438 WARN  LibraryManagementApi.Controllers.ReservationController - No active reservations found for user ID: 1
2024-10-25 10:13:54,442 INFO  LibraryManagementApi.Controllers.ReservationController - Reservations fetched successfully
2024-10-25 10:13:54,444 INFO  LibraryManagementApi.Controllers.ReservationController - Fetching active reservations for user ID: 1
2024-10-25 10:13:54,448 INFO  LibraryManagementApi.Controllers.ReservationController - Fetching all reservations...
2024-10-25 10:13:54,453 WARN  LibraryManagementApi.Controllers.ReservationController - No active reservations found for user ID: 1
2024-10-25 10:13:54,465 INFO  LibraryManagementApi.Controllers.ReservationController - Reservations fetched successfully
2024-10-25 10:15:18,486 INFO  LibraryManagementApi.Controllers.BookController - Fetching all books...
2024-10-25 10:15:18,491 INFO  LibraryManagementApi.Controllers.BookController - Fetching not available books...
2024-10-25 10:15:18,491 INFO  LibraryManagementApi.Controllers.BookController - Fetching available books...
2024-10-25 10:15:18,552 INFO  LibraryManagementApi.Controllers.BookController - Books retrieved successfully
2024-10-25 10:15:18,570 INFO  LibraryManagementApi.Controllers.BookController - Not available books retrieved successfully
2024-10-25 10:15:18,574 INFO  LibraryManagementApi.Controllers.BookController - Available books retrieved successfully
2024-10-25 10:15:18,612 INFO  LibraryManagementApi.Controllers.BookController - Fetching available books...
2024-10-25 10:15:18,615 INFO  LibraryManagementApi.Controllers.BookController - Fetching not available books...
2024-10-25 10:15:18,630 INFO  LibraryManagementApi.Controllers.BookController - Fetching all books...
2024-10-25 10:15:18,641 INFO  LibraryManagementApi.Controllers.BookController - Available books retrieved successfully
2024-10-25 10:15:18,668 INFO  LibraryManagementApi.Controllers.BookController - Not available books retrieved successfully
2024-10-25 10:15:18,669 INFO  LibraryManagementApi.Controllers.BookController - Books retrieved successfully
2024-10-25 10:15:19,538 INFO  LibraryManagementApi.Controllers.BorrowedBookController - Fetching all borrowed books...
2024-10-25 10:15:19,563 INFO  LibraryManagementApi.Controllers.BorrowedBookController - Borrowed books fetched successfully
2024-10-25 10:16:40,906 INFO  LibraryManagementApi.Controllers.BookController - Fetching not available books...
2024-10-25 10:16:40,911 INFO  LibraryManagementApi.Controllers.BookController - Fetching all books...
2024-10-25 10:16:40,925 INFO  LibraryManagementApi.Controllers.BookController - Fetching available books...
2024-10-25 10:16:40,962 INFO  LibraryManagementApi.Controllers.BookController - Books retrieved successfully
2024-10-25 10:16:41,000 INFO  LibraryManagementApi.Controllers.BookController - Fetching all books...
2024-10-25 10:16:41,000 INFO  LibraryManagementApi.Controllers.BookController - Not available books retrieved successfully
2024-10-25 10:16:41,012 INFO  LibraryManagementApi.Controllers.BookController - Available books retrieved successfully
2024-10-25 10:16:41,026 INFO  LibraryManagementApi.Controllers.BookController - Fetching not available books...
2024-10-25 10:16:41,036 INFO  LibraryManagementApi.Controllers.BookController - Books retrieved successfully
2024-10-25 10:16:41,049 INFO  LibraryManagementApi.Controllers.BookController - Not available books retrieved successfully
2024-10-25 10:16:41,056 INFO  LibraryManagementApi.Controllers.BookController - Fetching available books...
2024-10-25 10:16:41,091 INFO  LibraryManagementApi.Controllers.BookController - Available books retrieved successfully
2024-10-25 10:16:44,574 INFO  LibraryManagementApi.Controllers.UserController - Fetching all users...
2024-10-25 10:16:44,580 INFO  LibraryManagementApi.Controllers.UserController - Users fetched successfully
2024-10-25 10:16:44,584 INFO  LibraryManagementApi.Controllers.UserController - Fetching all users...
2024-10-25 10:16:44,592 INFO  LibraryManagementApi.Controllers.UserController - Users fetched successfully
2024-10-25 10:16:46,275 INFO  LibraryManagementApi.Controllers.BookController - Fetching not available books...
2024-10-25 10:16:46,275 INFO  LibraryManagementApi.Controllers.BookController - Fetching all books...
2024-10-25 10:16:46,277 INFO  LibraryManagementApi.Controllers.BookController - Fetching available books...
2024-10-25 10:16:46,290 INFO  LibraryManagementApi.Controllers.BookController - Books retrieved successfully
2024-10-25 10:16:46,298 INFO  LibraryManagementApi.Controllers.BookController - Fetching all books...
2024-10-25 10:16:46,314 INFO  LibraryManagementApi.Controllers.BookController - Books retrieved successfully
2024-10-25 10:16:46,321 INFO  LibraryManagementApi.Controllers.BookController - Available books retrieved successfully
2024-10-25 10:16:46,330 INFO  LibraryManagementApi.Controllers.BookController - Not available books retrieved successfully
2024-10-25 10:16:46,334 INFO  LibraryManagementApi.Controllers.BookController - Fetching available books...
2024-10-25 10:16:46,343 INFO  LibraryManagementApi.Controllers.BookController - Fetching not available books...
2024-10-25 10:16:46,352 INFO  LibraryManagementApi.Controllers.BookController - Available books retrieved successfully
2024-10-25 10:16:46,362 INFO  LibraryManagementApi.Controllers.BookController - Not available books retrieved successfully
2024-10-25 10:16:47,359 INFO  LibraryManagementApi.Controllers.BorrowedBookController - Fetching all borrowed books...
2024-10-25 10:16:47,380 INFO  LibraryManagementApi.Controllers.BorrowedBookController - Borrowed books fetched successfully
2024-10-25 10:17:23,498 INFO  LibraryManagementApi.Controllers.BookController - Fetching not available books...
2024-10-25 10:17:23,498 INFO  LibraryManagementApi.Controllers.BookController - Fetching available books...
2024-10-25 10:17:23,498 INFO  LibraryManagementApi.Controllers.BookController - Fetching all books...
2024-10-25 10:17:23,521 INFO  LibraryManagementApi.Controllers.BookController - Not available books retrieved successfully
2024-10-25 10:17:23,535 INFO  LibraryManagementApi.Controllers.BookController - Books retrieved successfully
2024-10-25 10:17:23,552 INFO  LibraryManagementApi.Controllers.BookController - Available books retrieved successfully
2024-10-25 10:17:23,570 INFO  LibraryManagementApi.Controllers.BookController - Fetching not available books...
2024-10-25 10:17:23,570 INFO  LibraryManagementApi.Controllers.BookController - Fetching all books...
2024-10-25 10:17:23,581 INFO  LibraryManagementApi.Controllers.BookController - Fetching available books...
2024-10-25 10:17:23,603 INFO  LibraryManagementApi.Controllers.BookController - Books retrieved successfully
2024-10-25 10:17:23,612 INFO  LibraryManagementApi.Controllers.BookController - Not available books retrieved successfully
2024-10-25 10:17:23,613 INFO  LibraryManagementApi.Controllers.BookController - Available books retrieved successfully
2024-10-25 10:17:25,349 INFO  LibraryManagementApi.Controllers.BorrowedBookController - Fetching all borrowed books...
2024-10-25 10:17:25,364 INFO  LibraryManagementApi.Controllers.BorrowedBookController - Borrowed books fetched successfully
2024-10-25 10:22:23,031 INFO  LibraryManagementApi.Controllers.BookController - Fetching all books...
2024-10-25 10:22:23,068 INFO  LibraryManagementApi.Controllers.BookController - Books retrieved successfully
2024-10-25 10:22:23,073 INFO  LibraryManagementApi.Controllers.ReviewController - Fetching all reviews
2024-10-25 10:22:23,107 INFO  LibraryManagementApi.Controllers.BookController - Fetching all books...
2024-10-25 10:22:23,152 INFO  LibraryManagementApi.Controllers.BookController - Books retrieved successfully
2024-10-25 10:22:23,168 INFO  LibraryManagementApi.Controllers.ReviewController - All reviews fetched successfully
2024-10-25 10:22:23,187 INFO  LibraryManagementApi.Controllers.ReviewController - Fetching all reviews
2024-10-25 10:22:23,197 INFO  LibraryManagementApi.Controllers.ReviewController - All reviews fetched successfully
2024-10-25 10:33:24,643 INFO  LibraryManagementApi.Controllers.BookController - Fetching not available books...
2024-10-25 10:33:24,648 INFO  LibraryManagementApi.Controllers.BookController - Fetching available books...
2024-10-25 10:33:24,673 INFO  LibraryManagementApi.Controllers.BookController - Fetching all books...
2024-10-25 10:33:24,737 INFO  LibraryManagementApi.Controllers.BookController - Available books retrieved successfully
2024-10-25 10:33:24,746 INFO  LibraryManagementApi.Controllers.BookController - Not available books retrieved successfully
2024-10-25 10:33:24,760 INFO  LibraryManagementApi.Controllers.BookController - Books retrieved successfully
2024-10-25 10:33:24,761 INFO  LibraryManagementApi.Controllers.BookController - Fetching not available books...
2024-10-25 10:33:24,795 INFO  LibraryManagementApi.Controllers.BookController - Not available books retrieved successfully
2024-10-25 10:33:24,805 INFO  LibraryManagementApi.Controllers.BookController - Fetching available books...
2024-10-25 10:33:24,806 INFO  LibraryManagementApi.Controllers.BookController - Fetching all books...
2024-10-25 10:33:24,839 INFO  LibraryManagementApi.Controllers.BookController - Available books retrieved successfully
2024-10-25 10:33:24,845 INFO  LibraryManagementApi.Controllers.BookController - Books retrieved successfully
2024-10-25 10:33:26,989 INFO  LibraryManagementApi.Controllers.BookController - Fetching not available books...
2024-10-25 10:33:26,993 INFO  LibraryManagementApi.Controllers.ReservationController - Fetching all reservations...
2024-10-25 10:33:26,993 INFO  LibraryManagementApi.Controllers.ReservationController - Fetching active reservations for user ID: 1
2024-10-25 10:33:26,998 INFO  LibraryManagementApi.Controllers.BookController - Not available books retrieved successfully
2024-10-25 10:33:27,004 INFO  LibraryManagementApi.Controllers.BookController - Fetching not available books...
2024-10-25 10:33:27,013 INFO  LibraryManagementApi.Controllers.BookController - Not available books retrieved successfully
2024-10-25 10:33:27,016 WARN  LibraryManagementApi.Controllers.ReservationController - No active reservations found for user ID: 1
2024-10-25 10:33:27,019 INFO  LibraryManagementApi.Controllers.ReservationController - Fetching active reservations for user ID: 1
2024-10-25 10:33:27,020 INFO  LibraryManagementApi.Controllers.ReservationController - Reservations fetched successfully
2024-10-25 10:33:27,025 WARN  LibraryManagementApi.Controllers.ReservationController - No active reservations found for user ID: 1
2024-10-25 10:33:27,027 INFO  LibraryManagementApi.Controllers.ReservationController - Fetching all reservations...
2024-10-25 10:33:27,036 INFO  LibraryManagementApi.Controllers.ReservationController - Reservations fetched successfully
2024-10-25 10:33:31,516 INFO  LibraryManagementApi.Controllers.BookController - Fetching all books...
2024-10-25 10:33:31,516 INFO  LibraryManagementApi.Controllers.BookController - Fetching available books...
2024-10-25 10:33:31,516 INFO  LibraryManagementApi.Controllers.BookController - Fetching not available books...
2024-10-25 10:33:31,531 INFO  LibraryManagementApi.Controllers.BookController - Not available books retrieved successfully
2024-10-25 10:33:31,535 INFO  LibraryManagementApi.Controllers.BookController - Books retrieved successfully
2024-10-25 10:33:31,544 INFO  LibraryManagementApi.Controllers.BookController - Available books retrieved successfully
2024-10-25 10:33:31,545 INFO  LibraryManagementApi.Controllers.BookController - Fetching not available books...
2024-10-25 10:33:31,580 INFO  LibraryManagementApi.Controllers.BookController - Not available books retrieved successfully
2024-10-25 10:33:31,584 INFO  LibraryManagementApi.Controllers.BookController - Fetching all books...
2024-10-25 10:33:31,585 INFO  LibraryManagementApi.Controllers.BookController - Fetching available books...
2024-10-25 10:33:31,604 INFO  LibraryManagementApi.Controllers.BookController - Books retrieved successfully
2024-10-25 10:33:31,643 INFO  LibraryManagementApi.Controllers.BookController - Available books retrieved successfully
2024-10-25 10:33:35,264 INFO  LibraryManagementApi.Controllers.BorrowedBookController - Fetching all borrowed books...
2024-10-25 10:33:35,283 INFO  LibraryManagementApi.Controllers.BorrowedBookController - Borrowed books fetched successfully
2024-10-25 10:35:34,219 INFO  LibraryManagementApi.Controllers.BookController - Fetching all books...
2024-10-25 10:35:34,219 INFO  LibraryManagementApi.Controllers.BookController - Fetching available books...
2024-10-25 10:35:34,234 INFO  LibraryManagementApi.Controllers.BookController - Fetching not available books...
2024-10-25 10:35:34,254 INFO  LibraryManagementApi.Controllers.BookController - Books retrieved successfully
2024-10-25 10:35:34,262 INFO  LibraryManagementApi.Controllers.BookController - Available books retrieved successfully
2024-10-25 10:35:34,272 INFO  LibraryManagementApi.Controllers.BookController - Fetching all books...
2024-10-25 10:35:34,273 INFO  LibraryManagementApi.Controllers.BookController - Fetching available books...
2024-10-25 10:35:34,281 INFO  LibraryManagementApi.Controllers.BookController - Not available books retrieved successfully
2024-10-25 10:35:34,288 INFO  LibraryManagementApi.Controllers.BookController - Books retrieved successfully
2024-10-25 10:35:34,301 INFO  LibraryManagementApi.Controllers.BookController - Fetching not available books...
2024-10-25 10:35:34,305 INFO  LibraryManagementApi.Controllers.BookController - Available books retrieved successfully
2024-10-25 10:35:34,310 INFO  LibraryManagementApi.Controllers.BookController - Not available books retrieved successfully
2024-10-25 10:36:03,527 INFO  LibraryManagementApi.Controllers.BorrowedBookController - Fetching all borrowed books...
2024-10-25 10:36:03,546 INFO  LibraryManagementApi.Controllers.BorrowedBookController - Borrowed books fetched successfully
2024-10-25 10:43:43,870 INFO  LibraryManagementApi.Controllers.BookController - Fetching all books...
2024-10-25 10:43:43,870 INFO  LibraryManagementApi.Controllers.ReviewController - Fetching all reviews
2024-10-25 10:43:43,881 INFO  LibraryManagementApi.Controllers.BookController - Books retrieved successfully
2024-10-25 10:43:43,889 INFO  LibraryManagementApi.Controllers.BookController - Fetching all books...
2024-10-25 10:43:43,898 INFO  LibraryManagementApi.Controllers.ReviewController - All reviews fetched successfully
2024-10-25 10:43:43,898 INFO  LibraryManagementApi.Controllers.BookController - Books retrieved successfully
2024-10-25 10:43:43,902 INFO  LibraryManagementApi.Controllers.ReviewController - Fetching all reviews
2024-10-25 10:43:43,911 INFO  LibraryManagementApi.Controllers.ReviewController - All reviews fetched successfully
2024-10-25 10:43:59,670 INFO  LibraryManagementApi.Controllers.BookController - Fetching not available books...
2024-10-25 10:43:59,673 INFO  LibraryManagementApi.Controllers.BookController - Fetching all books...
2024-10-25 10:43:59,675 INFO  LibraryManagementApi.Controllers.BookController - Fetching available books...
2024-10-25 10:43:59,818 INFO  LibraryManagementApi.Controllers.BookController - Books retrieved successfully
2024-10-25 10:43:59,820 INFO  LibraryManagementApi.Controllers.BookController - Not available books retrieved successfully
2024-10-25 10:43:59,836 INFO  LibraryManagementApi.Controllers.BookController - Available books retrieved successfully
2024-10-25 10:43:59,836 INFO  LibraryManagementApi.Controllers.BookController - Fetching not available books...
2024-10-25 10:43:59,845 INFO  LibraryManagementApi.Controllers.BookController - Fetching all books...
2024-10-25 10:43:59,848 INFO  LibraryManagementApi.Controllers.BookController - Not available books retrieved successfully
2024-10-25 10:43:59,848 INFO  LibraryManagementApi.Controllers.BookController - Fetching available books...
2024-10-25 10:43:59,856 INFO  LibraryManagementApi.Controllers.BookController - Books retrieved successfully
2024-10-25 10:43:59,859 INFO  LibraryManagementApi.Controllers.BookController - Available books retrieved successfully
2024-10-25 10:44:00,593 INFO  LibraryManagementApi.Controllers.BookController - Fetching not available books...
2024-10-25 10:44:00,597 INFO  LibraryManagementApi.Controllers.ReservationController - Fetching all reservations...
2024-10-25 10:44:00,597 INFO  LibraryManagementApi.Controllers.ReservationController - Fetching active reservations for user ID: 1
2024-10-25 10:44:00,600 INFO  LibraryManagementApi.Controllers.BookController - Not available books retrieved successfully
2024-10-25 10:44:00,604 INFO  LibraryManagementApi.Controllers.BookController - Fetching not available books...
2024-10-25 10:44:00,613 INFO  LibraryManagementApi.Controllers.BookController - Not available books retrieved successfully
2024-10-25 10:44:00,615 WARN  LibraryManagementApi.Controllers.ReservationController - No active reservations found for user ID: 1
2024-10-25 10:44:00,618 INFO  LibraryManagementApi.Controllers.ReservationController - Reservations fetched successfully
2024-10-25 10:44:00,619 INFO  LibraryManagementApi.Controllers.ReservationController - Fetching active reservations for user ID: 1
2024-10-25 10:44:00,620 INFO  LibraryManagementApi.Controllers.ReservationController - Fetching all reservations...
2024-10-25 10:44:00,626 WARN  LibraryManagementApi.Controllers.ReservationController - No active reservations found for user ID: 1
2024-10-25 10:44:00,630 INFO  LibraryManagementApi.Controllers.ReservationController - Reservations fetched successfully
2024-10-25 10:44:04,177 INFO  LibraryManagementApi.Controllers.BookController - Fetching all books...
2024-10-25 10:44:04,181 INFO  LibraryManagementApi.Controllers.ReviewController - Fetching all reviews
2024-10-25 10:44:04,187 INFO  LibraryManagementApi.Controllers.BookController - Books retrieved successfully
2024-10-25 10:44:04,193 INFO  LibraryManagementApi.Controllers.BookController - Fetching all books...
2024-10-25 10:44:04,198 INFO  LibraryManagementApi.Controllers.ReviewController - All reviews fetched successfully
2024-10-25 10:44:04,233 INFO  LibraryManagementApi.Controllers.BookController - Books retrieved successfully
2024-10-25 10:44:04,235 INFO  LibraryManagementApi.Controllers.ReviewController - Fetching all reviews
2024-10-25 10:44:04,244 INFO  LibraryManagementApi.Controllers.ReviewController - All reviews fetched successfully
2024-10-25 10:45:48,666 INFO  LibraryManagementApi.Controllers.BookController - Fetching all books...
2024-10-25 10:45:48,668 INFO  LibraryManagementApi.Controllers.BookController - Fetching not available books...
2024-10-25 10:45:48,686 INFO  LibraryManagementApi.Controllers.BookController - Fetching available books...
2024-10-25 10:45:48,747 INFO  LibraryManagementApi.Controllers.BookController - Books retrieved successfully
2024-10-25 10:45:48,751 INFO  LibraryManagementApi.Controllers.BookController - Not available books retrieved successfully
2024-10-25 10:45:48,764 INFO  LibraryManagementApi.Controllers.BookController - Available books retrieved successfully
2024-10-25 10:45:48,773 INFO  LibraryManagementApi.Controllers.BookController - Fetching not available books...
2024-10-25 10:45:48,773 INFO  LibraryManagementApi.Controllers.BookController - Fetching all books...
2024-10-25 10:45:48,781 INFO  LibraryManagementApi.Controllers.BookController - Fetching available books...
2024-10-25 10:45:48,785 INFO  LibraryManagementApi.Controllers.BookController - Books retrieved successfully
2024-10-25 10:45:48,789 INFO  LibraryManagementApi.Controllers.BookController - Not available books retrieved successfully
2024-10-25 10:45:48,835 INFO  LibraryManagementApi.Controllers.BookController - Available books retrieved successfully
2024-10-25 10:46:07,627 INFO  LibraryManagementApi.Controllers.BookController - Fetching not available books...
2024-10-25 10:46:07,627 INFO  LibraryManagementApi.Controllers.BookController - Fetching all books...
2024-10-25 10:46:07,646 INFO  LibraryManagementApi.Controllers.BookController - Books retrieved successfully
2024-10-25 10:46:07,648 INFO  LibraryManagementApi.Controllers.BookController - Not available books retrieved successfully
2024-10-25 10:46:07,659 INFO  LibraryManagementApi.Controllers.BookController - Fetching available books...
2024-10-25 10:46:07,661 INFO  LibraryManagementApi.Controllers.BookController - Fetching not available books...
2024-10-25 10:46:07,667 INFO  LibraryManagementApi.Controllers.BookController - Fetching all books...
2024-10-25 10:46:07,685 INFO  LibraryManagementApi.Controllers.BookController - Books retrieved successfully
2024-10-25 10:46:07,708 INFO  LibraryManagementApi.Controllers.BookController - Not available books retrieved successfully
2024-10-25 10:46:07,719 INFO  LibraryManagementApi.Controllers.BookController - Available books retrieved successfully
2024-10-25 10:46:07,734 INFO  LibraryManagementApi.Controllers.BookController - Fetching available books...
2024-10-25 10:46:07,749 INFO  LibraryManagementApi.Controllers.BookController - Available books retrieved successfully
2024-10-25 10:46:09,408 INFO  LibraryManagementApi.Controllers.BookController - Fetching not available books...
2024-10-25 10:46:09,414 INFO  LibraryManagementApi.Controllers.ReservationController - Fetching all reservations...
2024-10-25 10:46:09,414 INFO  LibraryManagementApi.Controllers.ReservationController - Fetching active reservations for user ID: 1
2024-10-25 10:46:09,418 INFO  LibraryManagementApi.Controllers.BookController - Not available books retrieved successfully
2024-10-25 10:46:09,425 INFO  LibraryManagementApi.Controllers.BookController - Fetching not available books...
2024-10-25 10:46:09,435 WARN  LibraryManagementApi.Controllers.ReservationController - No active reservations found for user ID: 1
2024-10-25 10:46:09,435 INFO  LibraryManagementApi.Controllers.ReservationController - Reservations fetched successfully
2024-10-25 10:46:09,440 INFO  LibraryManagementApi.Controllers.BookController - Not available books retrieved successfully
2024-10-25 10:46:09,446 INFO  LibraryManagementApi.Controllers.ReservationController - Fetching all reservations...
2024-10-25 10:46:09,446 INFO  LibraryManagementApi.Controllers.ReservationController - Fetching active reservations for user ID: 1
2024-10-25 10:46:09,541 WARN  LibraryManagementApi.Controllers.ReservationController - No active reservations found for user ID: 1
2024-10-25 10:46:09,554 INFO  LibraryManagementApi.Controllers.ReservationController - Reservations fetched successfully
2024-10-25 10:46:13,920 INFO  LibraryManagementApi.Controllers.BookController - Fetching all books...
2024-10-25 10:46:13,920 INFO  LibraryManagementApi.Controllers.ReviewController - Fetching all reviews
2024-10-25 10:46:13,936 INFO  LibraryManagementApi.Controllers.BookController - Books retrieved successfully
2024-10-25 10:46:13,942 INFO  LibraryManagementApi.Controllers.ReviewController - All reviews fetched successfully
2024-10-25 10:46:13,947 INFO  LibraryManagementApi.Controllers.BookController - Fetching all books...
2024-10-25 10:46:13,947 INFO  LibraryManagementApi.Controllers.ReviewController - Fetching all reviews
2024-10-25 10:46:13,958 INFO  LibraryManagementApi.Controllers.BookController - Books retrieved successfully
2024-10-25 10:46:13,964 INFO  LibraryManagementApi.Controllers.ReviewController - All reviews fetched successfully
2024-10-25 10:47:00,212 INFO  LibraryManagementApi.Controllers.BookController - Fetching not available books...
2024-10-25 10:47:00,213 INFO  LibraryManagementApi.Controllers.BookController - Fetching all books...
2024-10-25 10:47:00,213 INFO  LibraryManagementApi.Controllers.BookController - Fetching available books...
2024-10-25 10:47:00,229 INFO  LibraryManagementApi.Controllers.BookController - Books retrieved successfully
2024-10-25 10:47:00,257 INFO  LibraryManagementApi.Controllers.BookController - Fetching all books...
2024-10-25 10:47:00,268 INFO  LibraryManagementApi.Controllers.BookController - Books retrieved successfully
2024-10-25 10:47:00,280 INFO  LibraryManagementApi.Controllers.BookController - Available books retrieved successfully
2024-10-25 10:47:00,299 INFO  LibraryManagementApi.Controllers.BookController - Fetching available books...
2024-10-25 10:47:00,365 INFO  LibraryManagementApi.Controllers.BookController - Not available books retrieved successfully
2024-10-25 10:47:00,370 INFO  LibraryManagementApi.Controllers.BookController - Fetching not available books...
2024-10-25 10:47:00,388 INFO  LibraryManagementApi.Controllers.BookController - Available books retrieved successfully
2024-10-25 10:47:00,391 INFO  LibraryManagementApi.Controllers.BookController - Not available books retrieved successfully
2024-10-25 10:47:01,756 INFO  LibraryManagementApi.Controllers.BorrowedBookController - Fetching all borrowed books...
2024-10-25 10:47:01,774 INFO  LibraryManagementApi.Controllers.BorrowedBookController - Borrowed books fetched successfully
2024-10-25 10:47:34,042 INFO  LibraryManagementApi.Controllers.BorrowedBookController - Fetching all borrowed books...
2024-10-25 10:47:34,059 INFO  LibraryManagementApi.Controllers.BorrowedBookController - Borrowed books fetched successfully
2024-10-25 10:47:38,761 INFO  LibraryManagementApi.Controllers.BorrowedBookController - Fetching all borrowed books...
2024-10-25 10:47:38,768 INFO  LibraryManagementApi.Controllers.BorrowedBookController - Borrowed books fetched successfully
2024-10-25 10:50:48,296 INFO  LibraryManagementApi.Controllers.BookController - Fetching all books...
2024-10-25 10:50:48,296 INFO  LibraryManagementApi.Controllers.ReviewController - Fetching all reviews
2024-10-25 10:50:48,304 INFO  LibraryManagementApi.Controllers.BookController - Books retrieved successfully
2024-10-25 10:50:48,310 INFO  LibraryManagementApi.Controllers.BookController - Fetching all books...
2024-10-25 10:50:48,310 INFO  LibraryManagementApi.Controllers.ReviewController - All reviews fetched successfully
2024-10-25 10:50:48,313 INFO  LibraryManagementApi.Controllers.ReviewController - Fetching all reviews
2024-10-25 10:50:48,321 INFO  LibraryManagementApi.Controllers.BookController - Books retrieved successfully
2024-10-25 10:50:48,334 INFO  LibraryManagementApi.Controllers.ReviewController - All reviews fetched successfully
2024-10-25 11:05:44,385 INFO  LibraryManagementApi.Controllers.BookController - Fetching all books...
2024-10-25 11:05:44,385 INFO  LibraryManagementApi.Controllers.BookController - Fetching available books...
2024-10-25 11:05:44,389 INFO  LibraryManagementApi.Controllers.BookController - Fetching not available books...
2024-10-25 11:05:44,446 INFO  LibraryManagementApi.Controllers.BookController - Books retrieved successfully
2024-10-25 11:05:44,455 INFO  LibraryManagementApi.Controllers.BookController - Not available books retrieved successfully
2024-10-25 11:05:44,457 INFO  LibraryManagementApi.Controllers.BookController - Available books retrieved successfully
2024-10-25 11:05:44,465 INFO  LibraryManagementApi.Controllers.BookController - Fetching not available books...
2024-10-25 11:05:44,465 INFO  LibraryManagementApi.Controllers.BookController - Fetching all books...
2024-10-25 11:05:44,469 INFO  LibraryManagementApi.Controllers.BookController - Fetching available books...
2024-10-25 11:05:44,506 INFO  LibraryManagementApi.Controllers.BookController - Not available books retrieved successfully
2024-10-25 11:05:44,534 INFO  LibraryManagementApi.Controllers.BookController - Books retrieved successfully
2024-10-25 11:05:44,536 INFO  LibraryManagementApi.Controllers.BookController - Available books retrieved successfully
2024-10-25 11:05:45,466 INFO  LibraryManagementApi.Controllers.BorrowedBookController - Fetching all borrowed books...
2024-10-25 11:05:45,476 INFO  LibraryManagementApi.Controllers.BorrowedBookController - Borrowed books fetched successfully
2024-10-25 11:34:31,351 INFO  LibraryManagementApi.Controllers.BookController - Fetching available books...
2024-10-25 11:34:31,353 INFO  LibraryManagementApi.Controllers.BookController - Fetching all books...
2024-10-25 11:34:31,401 INFO  LibraryManagementApi.Controllers.BookController - Fetching not available books...
2024-10-25 11:34:31,440 INFO  LibraryManagementApi.Controllers.BookController - Books retrieved successfully
2024-10-25 11:34:31,482 INFO  LibraryManagementApi.Controllers.BookController - Fetching all books...
2024-10-25 11:34:31,523 INFO  LibraryManagementApi.Controllers.BookController - Available books retrieved successfully
2024-10-25 11:34:31,526 INFO  LibraryManagementApi.Controllers.BookController - Not available books retrieved successfully
2024-10-25 11:34:31,533 INFO  LibraryManagementApi.Controllers.BookController - Fetching not available books...
2024-10-25 11:34:31,538 INFO  LibraryManagementApi.Controllers.BookController - Books retrieved successfully
2024-10-25 11:34:31,548 INFO  LibraryManagementApi.Controllers.BookController - Not available books retrieved successfully
2024-10-25 11:34:31,548 INFO  LibraryManagementApi.Controllers.BookController - Fetching available books...
2024-10-25 11:34:31,561 INFO  LibraryManagementApi.Controllers.BookController - Available books retrieved successfully
2024-10-25 11:34:32,625 INFO  LibraryManagementApi.Controllers.BookController - Fetching not available books...
2024-10-25 11:34:32,629 INFO  LibraryManagementApi.Controllers.ReservationController - Fetching all reservations...
2024-10-25 11:34:32,629 INFO  LibraryManagementApi.Controllers.ReservationController - Fetching active reservations for user ID: 1
2024-10-25 11:34:32,636 INFO  LibraryManagementApi.Controllers.BookController - Not available books retrieved successfully
2024-10-25 11:34:32,641 INFO  LibraryManagementApi.Controllers.BookController - Fetching not available books...
2024-10-25 11:34:32,648 WARN  LibraryManagementApi.Controllers.ReservationController - No active reservations found for user ID: 1
2024-10-25 11:34:32,658 INFO  LibraryManagementApi.Controllers.ReservationController - Reservations fetched successfully
2024-10-25 11:34:32,679 INFO  LibraryManagementApi.Controllers.BookController - Not available books retrieved successfully
2024-10-25 11:34:32,680 INFO  LibraryManagementApi.Controllers.ReservationController - Fetching active reservations for user ID: 1
2024-10-25 11:34:32,688 INFO  LibraryManagementApi.Controllers.ReservationController - Fetching all reservations...
2024-10-25 11:34:32,746 WARN  LibraryManagementApi.Controllers.ReservationController - No active reservations found for user ID: 1
2024-10-25 11:34:32,755 INFO  LibraryManagementApi.Controllers.ReservationController - Reservations fetched successfully
2024-10-25 11:34:34,083 INFO  LibraryManagementApi.Controllers.UserController - Fetching all users...
2024-10-25 11:34:34,090 INFO  LibraryManagementApi.Controllers.UserController - Users fetched successfully
2024-10-25 11:34:34,098 INFO  LibraryManagementApi.Controllers.UserController - Fetching all users...
2024-10-25 11:34:34,105 INFO  LibraryManagementApi.Controllers.UserController - Users fetched successfully
2024-10-25 11:34:36,328 INFO  LibraryManagementApi.Controllers.UserController - Fetching user with ID: 1
2024-10-25 11:34:36,353 INFO  LibraryManagementApi.Controllers.UserController - User with ID 1 fetched successfully
2024-10-25 11:34:36,357 INFO  LibraryManagementApi.Controllers.UserController - Fetching user with ID: 1
2024-10-25 11:34:36,365 INFO  LibraryManagementApi.Controllers.UserController - User with ID 1 fetched successfully
2024-10-25 11:36:37,694 INFO  LibraryManagementApi.Controllers.BookController - Fetching not available books...
2024-10-25 11:36:37,695 INFO  LibraryManagementApi.Controllers.BookController - Fetching available books...
2024-10-25 11:36:37,724 INFO  LibraryManagementApi.Controllers.BookController - Not available books retrieved successfully
2024-10-25 11:36:37,731 INFO  LibraryManagementApi.Controllers.BookController - Fetching all books...
2024-10-25 11:36:37,739 INFO  LibraryManagementApi.Controllers.BookController - Available books retrieved successfully
2024-10-25 11:36:37,754 INFO  LibraryManagementApi.Controllers.BookController - Fetching not available books...
2024-10-25 11:36:37,763 INFO  LibraryManagementApi.Controllers.BookController - Books retrieved successfully
2024-10-25 11:36:37,767 INFO  LibraryManagementApi.Controllers.BookController - Not available books retrieved successfully
2024-10-25 11:36:37,771 INFO  LibraryManagementApi.Controllers.BookController - Fetching available books...
2024-10-25 11:36:37,779 INFO  LibraryManagementApi.Controllers.BookController - Fetching all books...
2024-10-25 11:36:37,787 INFO  LibraryManagementApi.Controllers.BookController - Available books retrieved successfully
2024-10-25 11:36:37,798 INFO  LibraryManagementApi.Controllers.BookController - Books retrieved successfully
2024-10-25 11:37:46,926 INFO  LibraryManagementApi.Controllers.UserController - Fetching user with ID: 1
2024-10-25 11:37:46,937 INFO  LibraryManagementApi.Controllers.UserController - User with ID 1 fetched successfully
2024-10-25 11:37:46,940 INFO  LibraryManagementApi.Controllers.UserController - Fetching user with ID: 1
2024-10-25 11:37:46,946 INFO  LibraryManagementApi.Controllers.UserController - User with ID 1 fetched successfully
2024-10-25 11:38:08,533 INFO  LibraryManagementApi.Controllers.UserController - Fetching all users...
2024-10-25 11:38:08,541 INFO  LibraryManagementApi.Controllers.UserController - Users fetched successfully
2024-10-25 11:38:08,545 INFO  LibraryManagementApi.Controllers.UserController - Fetching all users...
2024-10-25 11:38:08,550 INFO  LibraryManagementApi.Controllers.UserController - Users fetched successfully
2024-10-25 11:38:34,676 INFO  LibraryManagementApi.Controllers.UserController - Fetching all users...
2024-10-25 11:38:34,688 INFO  LibraryManagementApi.Controllers.UserController - Users fetched successfully
2024-10-25 11:38:51,861 INFO  LibraryManagementApi.Controllers.UserController - Fetching all users...
2024-10-25 11:38:51,869 INFO  LibraryManagementApi.Controllers.UserController - Users fetched successfully
2024-10-25 11:38:55,806 INFO  LibraryManagementApi.Controllers.UserController - Fetching all users...
2024-10-25 11:38:55,812 INFO  LibraryManagementApi.Controllers.UserController - Users fetched successfully
2024-10-25 11:38:59,934 INFO  LibraryManagementApi.Controllers.UserController - Fetching all users...
2024-10-25 11:38:59,943 INFO  LibraryManagementApi.Controllers.UserController - Users fetched successfully
2024-10-25 11:39:07,790 INFO  LibraryManagementApi.Controllers.UserController - Fetching user with ID: 1
2024-10-25 11:39:07,799 INFO  LibraryManagementApi.Controllers.UserController - User with ID 1 fetched successfully
2024-10-25 11:39:07,804 INFO  LibraryManagementApi.Controllers.UserController - Fetching user with ID: 1
2024-10-25 11:39:07,811 INFO  LibraryManagementApi.Controllers.UserController - User with ID 1 fetched successfully
2024-10-25 11:39:49,113 INFO  LibraryManagementApi.Controllers.BookController - Fetching not available books...
2024-10-25 11:39:49,113 INFO  LibraryManagementApi.Controllers.BookController - Fetching all books...
2024-10-25 11:39:49,136 INFO  LibraryManagementApi.Controllers.BookController - Books retrieved successfully
2024-10-25 11:39:49,144 INFO  LibraryManagementApi.Controllers.BookController - Fetching available books...
2024-10-25 11:39:49,147 INFO  LibraryManagementApi.Controllers.BookController - Not available books retrieved successfully
2024-10-25 11:39:49,162 INFO  LibraryManagementApi.Controllers.BookController - Fetching not available books...
2024-10-25 11:39:49,171 INFO  LibraryManagementApi.Controllers.BookController - Available books retrieved successfully
2024-10-25 11:39:49,180 INFO  LibraryManagementApi.Controllers.BookController - Fetching all books...
2024-10-25 11:39:49,187 INFO  LibraryManagementApi.Controllers.BookController - Not available books retrieved successfully
2024-10-25 11:39:49,197 INFO  LibraryManagementApi.Controllers.BookController - Books retrieved successfully
2024-10-25 11:39:49,215 INFO  LibraryManagementApi.Controllers.BookController - Fetching available books...
2024-10-25 11:39:49,226 INFO  LibraryManagementApi.Controllers.BookController - Available books retrieved successfully
2024-10-25 11:42:31,683 INFO  LibraryManagementApi.Controllers.UserController - Fetching user with ID: 1
2024-10-25 11:42:31,693 INFO  LibraryManagementApi.Controllers.UserController - User with ID 1 fetched successfully
2024-10-25 11:42:31,696 INFO  LibraryManagementApi.Controllers.UserController - Fetching user with ID: 1
2024-10-25 11:42:31,706 INFO  LibraryManagementApi.Controllers.UserController - User with ID 1 fetched successfully
2024-10-25 11:42:38,378 INFO  LibraryManagementApi.Controllers.BookController - Fetching not available books...
2024-10-25 11:42:38,378 INFO  LibraryManagementApi.Controllers.BookController - Fetching all books...
2024-10-25 11:42:38,378 INFO  LibraryManagementApi.Controllers.BookController - Fetching available books...
2024-10-25 11:42:38,441 INFO  LibraryManagementApi.Controllers.BookController - Not available books retrieved successfully
2024-10-25 11:42:38,446 INFO  LibraryManagementApi.Controllers.BookController - Books retrieved successfully
2024-10-25 11:42:38,447 INFO  LibraryManagementApi.Controllers.BookController - Fetching not available books...
2024-10-25 11:42:38,460 INFO  LibraryManagementApi.Controllers.BookController - Fetching all books...
2024-10-25 11:42:38,467 INFO  LibraryManagementApi.Controllers.BookController - Books retrieved successfully
2024-10-25 11:42:38,520 INFO  LibraryManagementApi.Controllers.BookController - Available books retrieved successfully
2024-10-25 11:42:38,523 INFO  LibraryManagementApi.Controllers.BookController - Fetching available books...
2024-10-25 11:42:38,529 INFO  LibraryManagementApi.Controllers.BookController - Available books retrieved successfully
2024-10-25 11:42:38,542 INFO  LibraryManagementApi.Controllers.BookController - Not available books retrieved successfully
2024-10-25 11:42:46,905 INFO  LibraryManagementApi.Controllers.BookController - Fetching not available books...
2024-10-25 11:42:46,906 INFO  LibraryManagementApi.Controllers.ReservationController - Fetching all reservations...
2024-10-25 11:42:46,906 INFO  LibraryManagementApi.Controllers.ReservationController - Fetching active reservations for user ID: 1
2024-10-25 11:42:46,919 INFO  LibraryManagementApi.Controllers.BookController - Not available books retrieved successfully
2024-10-25 11:42:46,924 INFO  LibraryManagementApi.Controllers.BookController - Fetching not available books...
2024-10-25 11:42:46,925 INFO  LibraryManagementApi.Controllers.ReservationController - Reservations fetched successfully
2024-10-25 11:42:46,926 WARN  LibraryManagementApi.Controllers.ReservationController - No active reservations found for user ID: 1
2024-10-25 11:42:46,929 INFO  LibraryManagementApi.Controllers.ReservationController - Fetching all reservations...
2024-10-25 11:42:46,929 INFO  LibraryManagementApi.Controllers.ReservationController - Fetching active reservations for user ID: 1
2024-10-25 11:42:46,940 INFO  LibraryManagementApi.Controllers.BookController - Not available books retrieved successfully
2024-10-25 11:42:46,943 WARN  LibraryManagementApi.Controllers.ReservationController - No active reservations found for user ID: 1
2024-10-25 11:42:46,946 INFO  LibraryManagementApi.Controllers.ReservationController - Reservations fetched successfully
2024-10-25 11:42:52,604 INFO  LibraryManagementApi.Controllers.BookController - Fetching available books...
2024-10-25 11:42:52,605 INFO  LibraryManagementApi.Controllers.BookController - Fetching not available books...
2024-10-25 11:42:52,605 INFO  LibraryManagementApi.Controllers.BookController - Fetching all books...
2024-10-25 11:42:52,624 INFO  LibraryManagementApi.Controllers.BookController - Books retrieved successfully
2024-10-25 11:42:52,629 INFO  LibraryManagementApi.Controllers.BookController - Not available books retrieved successfully
2024-10-25 11:42:52,642 INFO  LibraryManagementApi.Controllers.BookController - Available books retrieved successfully
2024-10-25 11:42:52,643 INFO  LibraryManagementApi.Controllers.BookController - Fetching all books...
2024-10-25 11:42:52,652 INFO  LibraryManagementApi.Controllers.BookController - Fetching not available books...
2024-10-25 11:42:52,675 INFO  LibraryManagementApi.Controllers.BookController - Not available books retrieved successfully
2024-10-25 11:42:52,677 INFO  LibraryManagementApi.Controllers.BookController - Fetching available books...
2024-10-25 11:42:52,677 INFO  LibraryManagementApi.Controllers.BookController - Books retrieved successfully
2024-10-25 11:42:52,719 INFO  LibraryManagementApi.Controllers.BookController - Available books retrieved successfully
2024-10-25 11:59:00,226 INFO  LibraryManagementApi.Controllers.UserController - Fetching user with ID: 1
2024-10-25 11:59:00,242 INFO  LibraryManagementApi.Controllers.UserController - User with ID 1 fetched successfully
2024-10-25 11:59:00,247 INFO  LibraryManagementApi.Controllers.UserController - Fetching user with ID: 1
2024-10-25 11:59:00,255 INFO  LibraryManagementApi.Controllers.UserController - User with ID 1 fetched successfully
2024-10-25 11:59:08,259 INFO  LibraryManagementApi.Controllers.UserController - Fetching user with ID: 1
2024-10-25 11:59:08,302 INFO  LibraryManagementApi.Controllers.UserController - User with ID 1 fetched successfully
2024-10-25 12:04:00,739 INFO  LibraryManagementApi.Controllers.UserController - Fetching user with ID: 1
2024-10-25 12:04:00,750 INFO  LibraryManagementApi.Controllers.UserController - User with ID 1 fetched successfully
2024-10-25 12:04:47,835 INFO  LibraryManagementApi.Controllers.ReservationController - Fetching count of active reservations...
2024-10-25 12:04:47,844 INFO  LibraryManagementApi.Controllers.ReservationController - Active reservations count: 0
2024-10-25 12:04:47,847 INFO  LibraryManagementApi.Controllers.ReservationController - Fetching count of active reservations...
2024-10-25 12:04:47,850 INFO  LibraryManagementApi.Controllers.ReservationController - Active reservations count: 0
2024-10-25 12:04:47,852 INFO  LibraryManagementApi.Controllers.UserController - Fetching the total number of users...
2024-10-25 12:04:47,860 INFO  LibraryManagementApi.Controllers.UserController - Total number of users: 17
2024-10-25 12:04:47,864 INFO  LibraryManagementApi.Controllers.UserController - Fetching the total number of users...
2024-10-25 12:04:47,872 INFO  LibraryManagementApi.Controllers.UserController - Total number of users: 17
2024-10-25 12:04:47,878 INFO  LibraryManagementApi.Controllers.UserController - Fetching all users...
2024-10-25 12:04:47,885 INFO  LibraryManagementApi.Controllers.UserController - Users fetched successfully
2024-10-25 12:04:47,887 INFO  LibraryManagementApi.Controllers.UserController - Fetching all users...
2024-10-25 12:04:47,896 INFO  LibraryManagementApi.Controllers.UserController - Users fetched successfully
2024-10-25 12:04:50,165 INFO  LibraryManagementApi.Controllers.UserController - Fetching user with ID: 1
2024-10-25 12:04:50,172 INFO  LibraryManagementApi.Controllers.UserController - User with ID 1 fetched successfully
2024-10-25 12:04:50,177 INFO  LibraryManagementApi.Controllers.UserController - Fetching user with ID: 1
2024-10-25 12:04:50,185 INFO  LibraryManagementApi.Controllers.UserController - User with ID 1 fetched successfully
2024-10-25 12:05:06,348 INFO  LibraryManagementApi.Controllers.ReservationController - Fetching count of active reservations...
2024-10-25 12:05:06,354 INFO  LibraryManagementApi.Controllers.ReservationController - Active reservations count: 0
2024-10-25 12:05:06,359 INFO  LibraryManagementApi.Controllers.ReservationController - Fetching count of active reservations...
2024-10-25 12:05:06,366 INFO  LibraryManagementApi.Controllers.UserController - Fetching the total number of users...
2024-10-25 12:05:06,368 INFO  LibraryManagementApi.Controllers.ReservationController - Active reservations count: 0
2024-10-25 12:05:06,377 INFO  LibraryManagementApi.Controllers.UserController - Total number of users: 17
2024-10-25 12:05:06,379 INFO  LibraryManagementApi.Controllers.UserController - Fetching the total number of users...
2024-10-25 12:05:06,385 INFO  LibraryManagementApi.Controllers.UserController - Fetching all users...
2024-10-25 12:05:06,386 INFO  LibraryManagementApi.Controllers.UserController - Total number of users: 17
2024-10-25 12:05:06,400 INFO  LibraryManagementApi.Controllers.UserController - Users fetched successfully
2024-10-25 12:05:06,404 INFO  LibraryManagementApi.Controllers.UserController - Fetching all users...
2024-10-25 12:05:06,416 INFO  LibraryManagementApi.Controllers.UserController - Users fetched successfully
2024-10-25 12:05:08,258 INFO  LibraryManagementApi.Controllers.UserController - Fetching user with ID: 1
2024-10-25 12:05:08,265 INFO  LibraryManagementApi.Controllers.UserController - User with ID 1 fetched successfully
2024-10-25 12:05:08,267 INFO  LibraryManagementApi.Controllers.UserController - Fetching user with ID: 1
2024-10-25 12:05:08,275 INFO  LibraryManagementApi.Controllers.UserController - User with ID 1 fetched successfully
2024-10-25 12:05:18,194 INFO  LibraryManagementApi.Controllers.ReservationController - Fetching count of active reservations...
2024-10-25 12:05:18,204 INFO  LibraryManagementApi.Controllers.ReservationController - Active reservations count: 0
2024-10-25 12:05:18,209 INFO  LibraryManagementApi.Controllers.ReservationController - Fetching count of active reservations...
2024-10-25 12:05:18,215 INFO  LibraryManagementApi.Controllers.ReservationController - Active reservations count: 0
2024-10-25 12:05:18,216 INFO  LibraryManagementApi.Controllers.UserController - Fetching the total number of users...
2024-10-25 12:05:18,221 INFO  LibraryManagementApi.Controllers.UserController - Total number of users: 17
2024-10-25 12:05:18,228 INFO  LibraryManagementApi.Controllers.UserController - Fetching the total number of users...
2024-10-25 12:05:18,232 INFO  LibraryManagementApi.Controllers.UserController - Fetching all users...
2024-10-25 12:05:18,234 INFO  LibraryManagementApi.Controllers.UserController - Total number of users: 17
2024-10-25 12:05:18,250 INFO  LibraryManagementApi.Controllers.UserController - Users fetched successfully
2024-10-25 12:05:18,255 INFO  LibraryManagementApi.Controllers.UserController - Fetching all users...
2024-10-25 12:05:18,287 INFO  LibraryManagementApi.Controllers.UserController - Users fetched successfully
2024-10-25 12:05:25,498 INFO  LibraryManagementApi.Controllers.UserController - Fetching user with ID: 1
2024-10-25 12:05:25,508 INFO  LibraryManagementApi.Controllers.UserController - User with ID 1 fetched successfully
2024-10-25 12:05:25,512 INFO  LibraryManagementApi.Controllers.UserController - Fetching user with ID: 1
2024-10-25 12:05:25,520 INFO  LibraryManagementApi.Controllers.UserController - User with ID 1 fetched successfully
2024-10-25 12:09:49,393 INFO  LibraryManagementApi.Controllers.UserController - Fetching all users...
2024-10-25 12:09:49,399 INFO  LibraryManagementApi.Controllers.UserController - Users fetched successfully
2024-10-25 12:09:49,402 INFO  LibraryManagementApi.Controllers.UserController - Fetching all users...
2024-10-25 12:09:49,409 INFO  LibraryManagementApi.Controllers.UserController - Users fetched successfully
2024-10-25 12:09:50,509 INFO  LibraryManagementApi.Controllers.UserController - Fetching user with ID: 1
2024-10-25 12:09:50,520 INFO  LibraryManagementApi.Controllers.UserController - User with ID 1 fetched successfully
2024-10-25 12:09:50,522 INFO  LibraryManagementApi.Controllers.UserController - Fetching user with ID: 1
2024-10-25 12:09:50,529 INFO  LibraryManagementApi.Controllers.UserController - User with ID 1 fetched successfully
2024-10-25 12:10:40,961 INFO  LibraryManagementApi.Controllers.BookController - Fetching not available books...
2024-10-25 12:10:40,962 INFO  LibraryManagementApi.Controllers.ReservationController - Fetching all reservations...
2024-10-25 12:10:40,962 INFO  LibraryManagementApi.Controllers.ReservationController - Fetching active reservations for user ID: 1
2024-10-25 12:10:40,979 INFO  LibraryManagementApi.Controllers.BookController - Not available books retrieved successfully
2024-10-25 12:10:40,984 INFO  LibraryManagementApi.Controllers.BookController - Fetching not available books...
2024-10-25 12:10:40,991 INFO  LibraryManagementApi.Controllers.BookController - Not available books retrieved successfully
2024-10-25 12:10:41,000 WARN  LibraryManagementApi.Controllers.ReservationController - No active reservations found for user ID: 1
2024-10-25 12:10:41,000 INFO  LibraryManagementApi.Controllers.ReservationController - Reservations fetched successfully
2024-10-25 12:10:41,003 INFO  LibraryManagementApi.Controllers.ReservationController - Fetching all reservations...
2024-10-25 12:10:41,003 INFO  LibraryManagementApi.Controllers.ReservationController - Fetching active reservations for user ID: 1
2024-10-25 12:10:41,017 WARN  LibraryManagementApi.Controllers.ReservationController - No active reservations found for user ID: 1
2024-10-25 12:10:41,021 INFO  LibraryManagementApi.Controllers.ReservationController - Reservations fetched successfully
2024-10-25 12:10:44,007 INFO  LibraryManagementApi.Controllers.BookController - Fetching all books...
2024-10-25 12:10:44,011 INFO  LibraryManagementApi.Controllers.ReviewController - Fetching all reviews
2024-10-25 12:10:44,015 INFO  LibraryManagementApi.Controllers.BookController - Books retrieved successfully
2024-10-25 12:10:44,020 INFO  LibraryManagementApi.Controllers.BookController - Fetching all books...
2024-10-25 12:10:44,030 INFO  LibraryManagementApi.Controllers.BookController - Books retrieved successfully
2024-10-25 12:10:44,033 INFO  LibraryManagementApi.Controllers.ReviewController - All reviews fetched successfully
2024-10-25 12:10:44,036 INFO  LibraryManagementApi.Controllers.ReviewController - Fetching all reviews
2024-10-25 12:10:44,049 INFO  LibraryManagementApi.Controllers.ReviewController - All reviews fetched successfully
2024-10-25 12:10:47,260 INFO  LibraryManagementApi.Controllers.EventController - Fetching upcoming events...
2024-10-25 12:10:47,273 WARN  LibraryManagementApi.Controllers.EventController - No upcoming events found
2024-10-25 12:10:47,295 INFO  LibraryManagementApi.Controllers.EventController - Fetching upcoming events...
2024-10-25 12:10:47,300 WARN  LibraryManagementApi.Controllers.EventController - No upcoming events found
2024-10-25 12:10:50,575 INFO  LibraryManagementApi.Controllers.UserController - Fetching user with ID: 1
2024-10-25 12:10:50,583 INFO  LibraryManagementApi.Controllers.UserController - User with ID 1 fetched successfully
2024-10-25 12:10:50,585 INFO  LibraryManagementApi.Controllers.UserController - Fetching user with ID: 1
2024-10-25 12:10:50,593 INFO  LibraryManagementApi.Controllers.UserController - User with ID 1 fetched successfully
2024-10-25 12:10:52,173 INFO  LibraryManagementApi.Controllers.UserController - Fetching all users...
2024-10-25 12:10:52,180 INFO  LibraryManagementApi.Controllers.UserController - Users fetched successfully
2024-10-25 12:10:52,183 INFO  LibraryManagementApi.Controllers.UserController - Fetching all users...
2024-10-25 12:10:52,190 INFO  LibraryManagementApi.Controllers.UserController - Users fetched successfully
2024-10-25 12:12:10,431 INFO  LibraryManagementApi.Controllers.BookController - Fetching all books...
2024-10-25 12:12:10,431 INFO  LibraryManagementApi.Controllers.ReviewController - Fetching all reviews
2024-10-25 12:12:10,444 INFO  LibraryManagementApi.Controllers.BookController - Books retrieved successfully
2024-10-25 12:12:10,446 INFO  LibraryManagementApi.Controllers.ReviewController - All reviews fetched successfully
2024-10-25 12:12:10,448 INFO  LibraryManagementApi.Controllers.BookController - Fetching all books...
2024-10-25 12:12:10,448 INFO  LibraryManagementApi.Controllers.ReviewController - Fetching all reviews
2024-10-25 12:12:10,453 INFO  LibraryManagementApi.Controllers.BookController - Books retrieved successfully
2024-10-25 12:12:10,457 INFO  LibraryManagementApi.Controllers.ReviewController - All reviews fetched successfully
2024-10-25 16:42:53,935 INFO  LibraryManagementApi.Controllers.BookController - Fetching available books...
2024-10-25 16:42:54,078 INFO  LibraryManagementApi.Controllers.BookController - Available books retrieved successfully
2024-10-25 16:43:44,903 INFO  LibraryManagementApi.Controllers.BorrowedBookController - Fetching all borrowed books...
2024-10-25 16:43:45,165 INFO  LibraryManagementApi.Controllers.BorrowedBookController - Borrowed books fetched successfully
2024-10-25 16:44:38,699 INFO  LibraryManagementApi.Controllers.BorrowedBookController - Adding a new borrowed book...
2024-10-25 16:45:11,807 INFO  LibraryManagementApi.Controllers.BorrowedBookController - Borrowed book added successfully with ID: 63
2024-10-25 16:45:50,617 INFO  LibraryManagementApi.Controllers.ReservationController - Adding a new reservation...
2024-10-25 16:46:21,918 INFO  LibraryManagementApi.Controllers.BorrowedBookController - Updating borrowed book with User ID: 10 and Book ID: 2
2024-10-25 16:46:25,373 INFO  LibraryManagementApi.Controllers.BorrowedBookController - Borrowed book with User ID: 10 and Book ID: 2 updated successfully
2024-10-25 16:48:21,403 INFO  LibraryManagementApi.Controllers.BookController - Fetching all books...
2024-10-25 16:48:21,420 INFO  LibraryManagementApi.Controllers.BookController - Books retrieved successfully
2024-10-25 16:48:47,491 INFO  LibraryManagementApi.Controllers.BorrowedBookController - Updating borrowed book with User ID: 9 and Book ID: 2
2024-10-25 16:48:47,502 WARN  LibraryManagementApi.Controllers.BorrowedBookController - Borrowed book with User ID: 9 and Book ID: 2 not found
