2024-10-06 14:14:39,860 INFO  LibraryManagementApi.Controllers.BorrowedBookController - Updating borrowed book with User ID: 1 and Book ID: 8
2024-10-06 14:14:40,315 INFO  LibraryManagementApi.Controllers.BorrowedBookController - Borrowed book with User ID: 1 and Book ID: 8 updated successfully
2024-10-06 14:14:47,340 INFO  LibraryManagementApi.Controllers.BorrowedBookController - Updating borrowed book with User ID: 1 and Book ID: 3
2024-10-06 14:14:47,497 INFO  LibraryManagementApi.Controllers.BorrowedBookController - Borrowed book with User ID: 1 and Book ID: 3 updated successfully
2024-10-06 14:14:53,985 INFO  LibraryManagementApi.Controllers.BorrowedBookController - Updating borrowed book with User ID: 1 and Book ID: 5
2024-10-06 14:14:54,137 INFO  LibraryManagementApi.Controllers.BorrowedBookController - Borrowed book with User ID: 1 and Book ID: 5 updated successfully
2024-10-06 14:15:27,336 INFO  LibraryManagementApi.Controllers.BorrowedBookController - Updating borrowed book with User ID: 1 and Book ID: 3
2024-10-06 14:15:27,489 INFO  LibraryManagementApi.Controllers.BorrowedBookController - Borrowed book with User ID: 1 and Book ID: 3 updated successfully
2024-10-06 14:15:33,560 INFO  LibraryManagementApi.Controllers.BorrowedBookController - Updating borrowed book with User ID: 1 and Book ID: 8
2024-10-06 14:15:33,704 INFO  LibraryManagementApi.Controllers.BorrowedBookController - Borrowed book with User ID: 1 and Book ID: 8 updated successfully
2024-10-06 14:16:05,632 INFO  LibraryManagementApi.Controllers.BorrowedBookController - Fetching borrowed book with ID: 2
2024-10-06 14:16:05,669 INFO  LibraryManagementApi.Controllers.BorrowedBookController - Borrowed book with ID 2 fetched successfully
2024-10-06 14:17:12,963 INFO  LibraryManagementApi.Controllers.BorrowedBookController - Updating borrowed book with User ID: 2 and Book ID: 2
2024-10-06 14:17:13,106 INFO  LibraryManagementApi.Controllers.BorrowedBookController - Borrowed book with User ID: 2 and Book ID: 2 updated successfully
2024-10-06 14:17:19,096 INFO  LibraryManagementApi.Controllers.BorrowedBookController - Updating borrowed book with User ID: 2 and Book ID: 10
2024-10-06 14:17:19,251 INFO  LibraryManagementApi.Controllers.BorrowedBookController - Borrowed book with User ID: 2 and Book ID: 10 updated successfully
2024-10-06 14:17:26,373 INFO  LibraryManagementApi.Controllers.BorrowedBookController - Updating borrowed book with User ID: 2 and Book ID: 20
2024-10-06 14:17:26,532 INFO  LibraryManagementApi.Controllers.BorrowedBookController - Borrowed book with User ID: 2 and Book ID: 20 updated successfully
2024-10-06 14:17:34,731 INFO  LibraryManagementApi.Controllers.BorrowedBookController - Updating borrowed book with User ID: 2 and Book ID: 21
2024-10-06 14:17:34,758 WARN  LibraryManagementApi.Controllers.BorrowedBookController - Borrowed book with User ID: 2 and Book ID: 21 not found
2024-10-06 14:19:03,316 INFO  LibraryManagementApi.Controllers.BorrowedBookController - Updating borrowed book with User ID: 2 and Book ID: 4
2024-10-06 14:19:03,470 INFO  LibraryManagementApi.Controllers.BorrowedBookController - Borrowed book with User ID: 2 and Book ID: 4 updated successfully
2024-10-06 14:19:13,091 INFO  LibraryManagementApi.Controllers.BorrowedBookController - Updating borrowed book with User ID: 2 and Book ID: 14
2024-10-06 14:19:13,268 INFO  LibraryManagementApi.Controllers.BorrowedBookController - Borrowed book with User ID: 2 and Book ID: 14 updated successfully
2024-10-06 14:27:21,813 INFO  LibraryManagementApi.Controllers.BorrowedBookController - Adding a new borrowed book...
2024-10-06 14:27:38,710 INFO  LibraryManagementApi.Controllers.BorrowedBookController - Borrowed book added successfully with ID: 53
2024-10-06 14:31:57,093 INFO  LibraryManagementApi.Controllers.BorrowedBookController - Updating borrowed book with User ID: 2 and Book ID: 20
2024-10-06 14:31:57,383 INFO  LibraryManagementApi.Controllers.BorrowedBookController - Borrowed book with User ID: 2 and Book ID: 20 updated successfully
2024-10-06 14:34:57,693 INFO  LibraryManagementApi.Controllers.BorrowedBookController - Adding a new borrowed book...
2024-10-06 14:35:04,635 INFO  LibraryManagementApi.Controllers.BorrowedBookController - Borrowed book added successfully with ID: 54
2024-10-06 21:32:07,936 INFO  LibraryManagementApi.Controllers.ReservationController - Fetching count of active reservations...
2024-10-06 21:32:07,995 INFO  LibraryManagementApi.Controllers.ReservationController - Active reservations count: 2
2024-10-06 21:32:08,014 INFO  LibraryManagementApi.Controllers.ReservationController - Fetching count of active reservations...
2024-10-06 21:32:08,043 INFO  LibraryManagementApi.Controllers.ReservationController - Active reservations count: 2
2024-10-06 21:32:08,065 INFO  LibraryManagementApi.Controllers.UserController - Fetching the total number of users...
2024-10-06 21:32:08,092 INFO  LibraryManagementApi.Controllers.UserController - Total number of users: 17
2024-10-06 21:32:08,112 INFO  LibraryManagementApi.Controllers.UserController - Fetching the total number of users...
2024-10-06 21:32:08,128 INFO  LibraryManagementApi.Controllers.UserController - Total number of users: 17
2024-10-06 21:32:08,137 INFO  LibraryManagementApi.Controllers.UserController - Fetching all users...
2024-10-06 21:32:08,171 INFO  LibraryManagementApi.Controllers.UserController - Users fetched successfully
2024-10-06 21:32:08,297 INFO  LibraryManagementApi.Controllers.UserController - Fetching all users...
2024-10-06 21:32:08,328 INFO  LibraryManagementApi.Controllers.UserController - Users fetched successfully
2024-10-06 21:33:11,753 INFO  LibraryManagementApi.Controllers.ReservationController - Fetching count of active reservations...
2024-10-06 21:33:11,771 INFO  LibraryManagementApi.Controllers.ReservationController - Active reservations count: 2
2024-10-06 21:33:11,779 INFO  LibraryManagementApi.Controllers.ReservationController - Fetching count of active reservations...
2024-10-06 21:33:11,789 INFO  LibraryManagementApi.Controllers.UserController - Fetching the total number of users...
2024-10-06 21:33:11,795 INFO  LibraryManagementApi.Controllers.ReservationController - Active reservations count: 2
2024-10-06 21:33:11,814 INFO  LibraryManagementApi.Controllers.UserController - Total number of users: 17
2024-10-06 21:33:11,818 INFO  LibraryManagementApi.Controllers.UserController - Fetching the total number of users...
2024-10-06 21:33:11,828 INFO  LibraryManagementApi.Controllers.UserController - Fetching all users...
2024-10-06 21:33:11,832 INFO  LibraryManagementApi.Controllers.UserController - Total number of users: 17
2024-10-06 21:33:11,845 INFO  LibraryManagementApi.Controllers.UserController - Users fetched successfully
2024-10-06 21:33:11,851 INFO  LibraryManagementApi.Controllers.UserController - Fetching all users...
2024-10-06 21:33:11,862 INFO  LibraryManagementApi.Controllers.UserController - Users fetched successfully
2024-10-06 21:34:30,578 INFO  LibraryManagementApi.Controllers.ReservationController - Fetching count of active reservations...
2024-10-06 21:34:30,594 INFO  LibraryManagementApi.Controllers.ReservationController - Active reservations count: 2
2024-10-06 21:34:30,598 INFO  LibraryManagementApi.Controllers.ReservationController - Fetching count of active reservations...
2024-10-06 21:34:30,607 INFO  LibraryManagementApi.Controllers.UserController - Fetching the total number of users...
2024-10-06 21:34:30,612 INFO  LibraryManagementApi.Controllers.ReservationController - Active reservations count: 2
2024-10-06 21:34:30,627 INFO  LibraryManagementApi.Controllers.UserController - Total number of users: 17
2024-10-06 21:34:30,630 INFO  LibraryManagementApi.Controllers.UserController - Fetching the total number of users...
2024-10-06 21:34:30,638 INFO  LibraryManagementApi.Controllers.UserController - Fetching all users...
2024-10-06 21:34:30,644 INFO  LibraryManagementApi.Controllers.UserController - Total number of users: 17
2024-10-06 21:34:30,658 INFO  LibraryManagementApi.Controllers.UserController - Users fetched successfully
2024-10-06 21:34:30,664 INFO  LibraryManagementApi.Controllers.UserController - Fetching all users...
2024-10-06 21:34:30,676 INFO  LibraryManagementApi.Controllers.UserController - Users fetched successfully
2024-10-06 21:34:31,983 INFO  LibraryManagementApi.Controllers.BookController - Fetching not available books...
2024-10-06 21:34:31,986 INFO  LibraryManagementApi.Controllers.ReservationController - Fetching all reservations...
2024-10-06 21:34:31,988 INFO  LibraryManagementApi.Controllers.ReservationController - Fetching active reservations for user ID: 1
2024-10-06 21:34:32,021 INFO  LibraryManagementApi.Controllers.BookController - Not available books retrieved successfully
2024-10-06 21:34:32,039 INFO  LibraryManagementApi.Controllers.BookController - Fetching not available books...
2024-10-06 21:34:32,074 INFO  LibraryManagementApi.Controllers.BookController - Not available books retrieved successfully
2024-10-06 21:34:32,087 INFO  LibraryManagementApi.Controllers.ReservationController - Reservations fetched successfully
2024-10-06 21:34:32,088 WARN  LibraryManagementApi.Controllers.ReservationController - No active reservations found for user ID: 1
2024-10-06 21:34:32,096 INFO  LibraryManagementApi.Controllers.ReservationController - Fetching active reservations for user ID: 1
2024-10-06 21:34:32,110 INFO  LibraryManagementApi.Controllers.ReservationController - Fetching all reservations...
2024-10-06 21:34:32,131 WARN  LibraryManagementApi.Controllers.ReservationController - No active reservations found for user ID: 1
2024-10-06 21:34:32,139 INFO  LibraryManagementApi.Controllers.ReservationController - Reservations fetched successfully
2024-10-06 21:36:43,805 INFO  LibraryManagementApi.Controllers.ReservationController - Fetching all reservations...
2024-10-06 21:36:43,805 INFO  LibraryManagementApi.Controllers.BookController - Fetching not available books...
2024-10-06 21:36:43,822 INFO  LibraryManagementApi.Controllers.BookController - Not available books retrieved successfully
2024-10-06 21:36:43,823 INFO  LibraryManagementApi.Controllers.ReservationController - Fetching active reservations for user ID: 1
2024-10-06 21:36:43,835 INFO  LibraryManagementApi.Controllers.ReservationController - Reservations fetched successfully
2024-10-06 21:36:43,836 INFO  LibraryManagementApi.Controllers.BookController - Fetching not available books...
2024-10-06 21:36:43,849 INFO  LibraryManagementApi.Controllers.ReservationController - Fetching all reservations...
2024-10-06 21:36:43,855 INFO  LibraryManagementApi.Controllers.BookController - Not available books retrieved successfully
2024-10-06 21:36:43,861 WARN  LibraryManagementApi.Controllers.ReservationController - No active reservations found for user ID: 1
2024-10-06 21:36:43,867 INFO  LibraryManagementApi.Controllers.ReservationController - Reservations fetched successfully
2024-10-06 21:36:43,877 INFO  LibraryManagementApi.Controllers.ReservationController - Fetching active reservations for user ID: 1
2024-10-06 21:36:43,891 WARN  LibraryManagementApi.Controllers.ReservationController - No active reservations found for user ID: 1
