2024-10-05 17:35:52,153 INFO  LibraryManagementApi.Controllers.BorrowedBookController - Adding a new borrowed book...
2024-10-05 17:36:02,695 INFO  LibraryManagementApi.Controllers.BorrowedBookController - Borrowed book added successfully with ID: 37
2024-10-05 17:39:25,150 INFO  LibraryManagementApi.Controllers.BorrowedBookController - Adding a new borrowed book...
2024-10-05 17:39:29,663 INFO  LibraryManagementApi.Controllers.BorrowedBookController - Borrowed book added successfully with ID: 38
2024-10-05 17:54:14,734 INFO  LibraryManagementApi.Controllers.BorrowedBookController - Adding a new borrowed book...
2024-10-05 17:54:19,733 INFO  LibraryManagementApi.Controllers.BorrowedBookController - Borrowed book added successfully with ID: 39
2024-10-05 18:03:36,817 INFO  LibraryManagementApi.Controllers.BorrowedBookController - Adding a new borrowed book...
2024-10-05 18:03:51,496 INFO  LibraryManagementApi.Controllers.BorrowedBookController - Adding a new borrowed book...
2024-10-05 18:08:27,328 INFO  LibraryManagementApi.Controllers.BorrowedBookController - Adding a new borrowed book...
2024-10-05 18:08:32,549 INFO  LibraryManagementApi.Controllers.BorrowedBookController - Borrowed book added successfully with ID: 42
2024-10-05 18:30:17,503 INFO  LibraryManagementApi.Controllers.BorrowedBookController - Updating borrowed book with User ID: 1 and Book ID: 4
2024-10-05 18:30:18,573 INFO  LibraryManagementApi.Controllers.BorrowedBookController - Borrowed book with User ID: 1 and Book ID: 4 updated successfully
2024-10-05 18:30:35,748 INFO  LibraryManagementApi.Controllers.BorrowedBookController - Adding a new borrowed book...
2024-10-05 18:30:42,840 INFO  LibraryManagementApi.Controllers.BorrowedBookController - Borrowed book added successfully with ID: 43
2024-10-05 18:33:33,449 INFO  LibraryManagementApi.Controllers.BorrowedBookController - Updating borrowed book with User ID: 1 and Book ID: 8
2024-10-05 18:33:33,609 INFO  LibraryManagementApi.Controllers.BorrowedBookController - Borrowed book with User ID: 1 and Book ID: 8 updated successfully
2024-10-05 18:34:51,860 INFO  LibraryManagementApi.Controllers.BorrowedBookController - Adding a new borrowed book...
2024-10-05 18:34:58,903 INFO  LibraryManagementApi.Controllers.BorrowedBookController - Borrowed book added successfully with ID: 44
2024-10-05 18:42:00,446 INFO  LibraryManagementApi.Controllers.BorrowedBookController - Updating borrowed book with User ID: 1 and Book ID: 8
2024-10-05 18:42:00,704 INFO  LibraryManagementApi.Controllers.BorrowedBookController - Borrowed book with User ID: 1 and Book ID: 8 updated successfully
2024-10-05 18:42:57,255 INFO  LibraryManagementApi.Controllers.BorrowedBookController - Adding a new borrowed book...
2024-10-05 18:43:04,077 INFO  LibraryManagementApi.Controllers.BorrowedBookController - Borrowed book added successfully with ID: 45
2024-10-05 18:50:12,471 INFO  LibraryManagementApi.Controllers.BorrowedBookController - Updating borrowed book with User ID: 1 and Book ID: 8
2024-10-05 18:50:12,776 INFO  LibraryManagementApi.Controllers.BorrowedBookController - Borrowed book with User ID: 1 and Book ID: 8 updated successfully
2024-10-05 18:51:15,984 INFO  LibraryManagementApi.Controllers.BorrowedBookController - Adding a new borrowed book...
2024-10-05 18:51:22,531 INFO  LibraryManagementApi.Controllers.BorrowedBookController - Borrowed book added successfully with ID: 46
2024-10-05 18:52:39,619 INFO  LibraryManagementApi.Controllers.BorrowedBookController - Updating borrowed book with User ID: 1 and Book ID: 8
2024-10-05 18:52:39,884 INFO  LibraryManagementApi.Controllers.BorrowedBookController - Borrowed book with User ID: 1 and Book ID: 8 updated successfully
2024-10-05 18:55:15,293 INFO  LibraryManagementApi.Controllers.ReservationController - Fetching count of active reservations...
2024-10-05 18:55:15,312 INFO  LibraryManagementApi.Controllers.ReservationController - Active reservations count: 2
2024-10-05 18:55:15,319 INFO  LibraryManagementApi.Controllers.ReservationController - Fetching count of active reservations...
2024-10-05 18:55:15,330 INFO  LibraryManagementApi.Controllers.ReservationController - Active reservations count: 2
2024-10-05 18:55:15,343 INFO  LibraryManagementApi.Controllers.UserController - Fetching the total number of users...
2024-10-05 18:55:15,360 INFO  LibraryManagementApi.Controllers.UserController - Total number of users: 17
2024-10-05 18:55:15,367 INFO  LibraryManagementApi.Controllers.UserController - Fetching the total number of users...
2024-10-05 18:55:15,381 INFO  LibraryManagementApi.Controllers.UserController - Total number of users: 17
2024-10-05 18:55:15,398 INFO  LibraryManagementApi.Controllers.UserController - Fetching all users...
2024-10-05 18:55:15,430 INFO  LibraryManagementApi.Controllers.UserController - Users fetched successfully
2024-10-05 18:55:15,483 INFO  LibraryManagementApi.Controllers.UserController - Fetching all users...
2024-10-05 18:55:15,504 INFO  LibraryManagementApi.Controllers.UserController - Users fetched successfully
2024-10-05 18:55:16,833 INFO  LibraryManagementApi.Controllers.BookController - Fetching not available books...
2024-10-05 18:55:16,852 INFO  LibraryManagementApi.Controllers.BookController - Fetching all books...
2024-10-05 18:55:16,860 INFO  LibraryManagementApi.Controllers.BookController - Fetching available books...
2024-10-05 18:55:16,898 INFO  LibraryManagementApi.Controllers.BookController - Books retrieved successfully
2024-10-05 18:55:16,921 INFO  LibraryManagementApi.Controllers.BookController - Not available books retrieved successfully
2024-10-05 18:55:16,958 INFO  LibraryManagementApi.Controllers.BookController - Fetching not available books...
2024-10-05 18:55:16,976 INFO  LibraryManagementApi.Controllers.BookController - Fetching all books...
2024-10-05 18:55:17,002 INFO  LibraryManagementApi.Controllers.BookController - Not available books retrieved successfully
2024-10-05 18:55:17,063 INFO  LibraryManagementApi.Controllers.BookController - Available books retrieved successfully
2024-10-05 18:55:17,097 INFO  LibraryManagementApi.Controllers.BookController - Books retrieved successfully
2024-10-05 18:55:17,123 INFO  LibraryManagementApi.Controllers.BookController - Fetching available books...
2024-10-05 18:55:17,171 INFO  LibraryManagementApi.Controllers.BookController - Available books retrieved successfully
2024-10-05 18:55:29,788 INFO  LibraryManagementApi.Controllers.BorrowedBookController - Adding a new borrowed book...
2024-10-05 18:55:34,598 INFO  LibraryManagementApi.Controllers.BorrowedBookController - Adding a new borrowed book...
2024-10-05 18:55:43,325 INFO  LibraryManagementApi.Controllers.BorrowedBookController - Adding a new borrowed book...
2024-10-05 18:55:53,563 INFO  LibraryManagementApi.Controllers.BorrowedBookController - Adding a new borrowed book...
2024-10-05 18:55:55,180 INFO  LibraryManagementApi.Controllers.BorrowedBookController - Adding a new borrowed book...
2024-10-05 18:56:01,765 INFO  LibraryManagementApi.Controllers.BorrowedBookController - Adding a new borrowed book...
2024-10-05 18:56:03,087 INFO  LibraryManagementApi.Controllers.BorrowedBookController - Adding a new borrowed book...
2024-10-05 18:56:56,691 INFO  LibraryManagementApi.Controllers.BorrowedBookController - Adding a new borrowed book...
2024-10-05 18:56:57,630 INFO  LibraryManagementApi.Controllers.BorrowedBookController - Adding a new borrowed book...
2024-10-05 18:56:57,866 INFO  LibraryManagementApi.Controllers.BorrowedBookController - Adding a new borrowed book...
2024-10-05 18:56:58,263 INFO  LibraryManagementApi.Controllers.BorrowedBookController - Adding a new borrowed book...
2024-10-05 18:56:58,486 INFO  LibraryManagementApi.Controllers.BorrowedBookController - Adding a new borrowed book...
2024-10-05 18:57:00,696 INFO  LibraryManagementApi.Controllers.BorrowedBookController - Borrowed book added successfully with ID: 48
2024-10-05 18:57:03,812 INFO  LibraryManagementApi.Controllers.BorrowedBookController - Fetching all borrowed books...
2024-10-05 18:57:03,906 INFO  LibraryManagementApi.Controllers.BorrowedBookController - Borrowed books fetched successfully
2024-10-05 18:59:36,189 INFO  LibraryManagementApi.Controllers.BorrowedBookController - Adding a new borrowed book...
2024-10-05 18:59:43,720 INFO  LibraryManagementApi.Controllers.BorrowedBookController - Borrowed book added successfully with ID: 51
2024-10-05 19:04:59,638 INFO  LibraryManagementApi.Controllers.ReservationController - Fetching count of active reservations...
2024-10-05 19:04:59,688 INFO  LibraryManagementApi.Controllers.ReservationController - Active reservations count: 2
2024-10-05 19:04:59,701 INFO  LibraryManagementApi.Controllers.ReservationController - Fetching count of active reservations...
2024-10-05 19:04:59,723 INFO  LibraryManagementApi.Controllers.ReservationController - Active reservations count: 2
2024-10-05 19:04:59,736 INFO  LibraryManagementApi.Controllers.UserController - Fetching the total number of users...
2024-10-05 19:04:59,768 INFO  LibraryManagementApi.Controllers.UserController - Total number of users: 17
2024-10-05 19:04:59,819 INFO  LibraryManagementApi.Controllers.UserController - Fetching the total number of users...
2024-10-05 19:04:59,841 INFO  LibraryManagementApi.Controllers.UserController - Total number of users: 17
2024-10-05 19:04:59,867 INFO  LibraryManagementApi.Controllers.UserController - Fetching all users...
2024-10-05 19:04:59,909 INFO  LibraryManagementApi.Controllers.UserController - Users fetched successfully
2024-10-05 19:04:59,988 INFO  LibraryManagementApi.Controllers.UserController - Fetching all users...
2024-10-05 19:05:00,012 INFO  LibraryManagementApi.Controllers.UserController - Users fetched successfully
2024-10-05 19:05:00,938 INFO  LibraryManagementApi.Controllers.BookController - Fetching all books...
2024-10-05 19:05:00,938 INFO  LibraryManagementApi.Controllers.BookController - Fetching not available books...
2024-10-05 19:05:00,939 INFO  LibraryManagementApi.Controllers.BookController - Fetching available books...
2024-10-05 19:05:01,000 INFO  LibraryManagementApi.Controllers.BookController - Available books retrieved successfully
2024-10-05 19:05:01,016 INFO  LibraryManagementApi.Controllers.BookController - Not available books retrieved successfully
2024-10-05 19:05:01,045 INFO  LibraryManagementApi.Controllers.BookController - Books retrieved successfully
2024-10-05 19:05:01,070 INFO  LibraryManagementApi.Controllers.BookController - Fetching not available books...
2024-10-05 19:05:01,089 INFO  LibraryManagementApi.Controllers.BookController - Fetching available books...
2024-10-05 19:05:01,089 INFO  LibraryManagementApi.Controllers.BookController - Fetching all books...
2024-10-05 19:05:01,123 INFO  LibraryManagementApi.Controllers.BookController - Books retrieved successfully
2024-10-05 19:05:01,280 INFO  LibraryManagementApi.Controllers.BookController - Available books retrieved successfully
2024-10-05 19:05:01,288 INFO  LibraryManagementApi.Controllers.BookController - Not available books retrieved successfully
2024-10-05 19:06:04,932 INFO  LibraryManagementApi.Controllers.BorrowedBookController - Adding a new borrowed book...
2024-10-05 19:06:08,833 INFO  LibraryManagementApi.Controllers.BorrowedBookController - Borrowed book added successfully with ID: 52
2024-10-05 19:06:10,855 INFO  LibraryManagementApi.Controllers.BorrowedBookController - Fetching all borrowed books...
2024-10-05 19:06:10,961 INFO  LibraryManagementApi.Controllers.BorrowedBookController - Borrowed books fetched successfully
2024-10-05 19:07:26,472 INFO  LibraryManagementApi.Controllers.BorrowedBookController - Fetching all borrowed books...
2024-10-05 19:07:26,523 INFO  LibraryManagementApi.Controllers.BorrowedBookController - Borrowed books fetched successfully
2024-10-05 19:07:35,895 INFO  LibraryManagementApi.Controllers.ReservationController - Fetching count of active reservations...
2024-10-05 19:07:35,923 INFO  LibraryManagementApi.Controllers.ReservationController - Active reservations count: 2
2024-10-05 19:07:35,930 INFO  LibraryManagementApi.Controllers.ReservationController - Fetching count of active reservations...
2024-10-05 19:07:35,949 INFO  LibraryManagementApi.Controllers.UserController - Fetching the total number of users...
2024-10-05 19:07:35,988 INFO  LibraryManagementApi.Controllers.ReservationController - Active reservations count: 2
2024-10-05 19:07:36,002 INFO  LibraryManagementApi.Controllers.UserController - Total number of users: 17
2024-10-05 19:07:36,008 INFO  LibraryManagementApi.Controllers.UserController - Fetching the total number of users...
2024-10-05 19:07:36,018 INFO  LibraryManagementApi.Controllers.UserController - Fetching all users...
2024-10-05 19:07:36,023 INFO  LibraryManagementApi.Controllers.UserController - Total number of users: 17
2024-10-05 19:07:36,042 INFO  LibraryManagementApi.Controllers.UserController - Users fetched successfully
2024-10-05 19:07:36,049 INFO  LibraryManagementApi.Controllers.UserController - Fetching all users...
2024-10-05 19:07:36,068 INFO  LibraryManagementApi.Controllers.UserController - Users fetched successfully
2024-10-05 19:07:37,384 INFO  LibraryManagementApi.Controllers.BookController - Fetching available books...
2024-10-05 19:07:37,384 INFO  LibraryManagementApi.Controllers.BookController - Fetching not available books...
2024-10-05 19:07:37,400 INFO  LibraryManagementApi.Controllers.BookController - Fetching all books...
2024-10-05 19:07:37,423 INFO  LibraryManagementApi.Controllers.BookController - Not available books retrieved successfully
2024-10-05 19:07:37,428 INFO  LibraryManagementApi.Controllers.BookController - Available books retrieved successfully
2024-10-05 19:07:37,430 INFO  LibraryManagementApi.Controllers.BookController - Fetching not available books...
2024-10-05 19:07:37,446 INFO  LibraryManagementApi.Controllers.BookController - Books retrieved successfully
2024-10-05 19:07:37,511 INFO  LibraryManagementApi.Controllers.BookController - Fetching available books...
2024-10-05 19:07:37,512 INFO  LibraryManagementApi.Controllers.BookController - Fetching all books...
2024-10-05 19:07:37,539 INFO  LibraryManagementApi.Controllers.BookController - Not available books retrieved successfully
2024-10-05 19:07:37,579 INFO  LibraryManagementApi.Controllers.BookController - Books retrieved successfully
2024-10-05 19:07:37,663 INFO  LibraryManagementApi.Controllers.BookController - Available books retrieved successfully
2024-10-05 19:07:47,909 INFO  LibraryManagementApi.Controllers.BorrowedBookController - Fetching all borrowed books...
2024-10-05 19:07:47,943 INFO  LibraryManagementApi.Controllers.BorrowedBookController - Borrowed books fetched successfully
2024-10-05 19:07:56,903 INFO  LibraryManagementApi.Controllers.BorrowedBookController - Fetching all borrowed books...
2024-10-05 19:07:56,928 INFO  LibraryManagementApi.Controllers.BorrowedBookController - Borrowed books fetched successfully
2024-10-05 19:08:10,539 INFO  LibraryManagementApi.Controllers.BorrowedBookController - Updating borrowed book with User ID: 5 and Book ID: 9
2024-10-05 19:08:10,808 INFO  LibraryManagementApi.Controllers.BorrowedBookController - Borrowed book with User ID: 5 and Book ID: 9 updated successfully
2024-10-05 19:08:14,262 INFO  LibraryManagementApi.Controllers.BorrowedBookController - Fetching all borrowed books...
2024-10-05 19:08:14,305 INFO  LibraryManagementApi.Controllers.BorrowedBookController - Borrowed books fetched successfully
2024-10-05 19:08:16,603 INFO  LibraryManagementApi.Controllers.BorrowedBookController - Fetching all borrowed books...
2024-10-05 19:08:16,633 INFO  LibraryManagementApi.Controllers.BorrowedBookController - Borrowed books fetched successfully
2024-10-05 19:08:32,999 INFO  LibraryManagementApi.Controllers.BorrowedBookController - Fetching all borrowed books...
2024-10-05 19:08:33,024 INFO  LibraryManagementApi.Controllers.BorrowedBookController - Borrowed books fetched successfully
2024-10-05 19:08:47,722 INFO  LibraryManagementApi.Controllers.BorrowedBookController - Updating borrowed book with User ID: 9 and Book ID: 6
2024-10-05 19:08:47,847 INFO  LibraryManagementApi.Controllers.BorrowedBookController - Borrowed book with User ID: 9 and Book ID: 6 updated successfully
2024-10-05 19:08:49,734 INFO  LibraryManagementApi.Controllers.BorrowedBookController - Fetching all borrowed books...
2024-10-05 19:08:49,761 INFO  LibraryManagementApi.Controllers.BorrowedBookController - Borrowed books fetched successfully
2024-10-05 19:09:00,900 INFO  LibraryManagementApi.Controllers.BorrowedBookController - Fetching all borrowed books...
2024-10-05 19:09:00,934 INFO  LibraryManagementApi.Controllers.BorrowedBookController - Borrowed books fetched successfully
2024-10-05 19:13:35,484 INFO  LibraryManagementApi.Controllers.BookController - Fetching all books...
2024-10-05 19:13:35,493 INFO  LibraryManagementApi.Controllers.BookController - Fetching available books...
2024-10-05 19:13:35,574 INFO  LibraryManagementApi.Controllers.BookController - Fetching not available books...
2024-10-05 19:13:35,580 INFO  LibraryManagementApi.Controllers.BookController - Books retrieved successfully
2024-10-05 19:13:35,644 INFO  LibraryManagementApi.Controllers.BookController - Available books retrieved successfully
2024-10-05 19:13:35,740 INFO  LibraryManagementApi.Controllers.BookController - Not available books retrieved successfully
2024-10-05 19:16:44,646 INFO  LibraryManagementApi.Controllers.ReservationController - Fetching count of active reservations...
2024-10-05 19:16:44,668 INFO  LibraryManagementApi.Controllers.ReservationController - Active reservations count: 2
2024-10-05 19:16:44,675 INFO  LibraryManagementApi.Controllers.ReservationController - Fetching count of active reservations...
2024-10-05 19:16:44,686 INFO  LibraryManagementApi.Controllers.ReservationController - Active reservations count: 2
2024-10-05 19:16:44,692 INFO  LibraryManagementApi.Controllers.UserController - Fetching the total number of users...
2024-10-05 19:16:44,707 INFO  LibraryManagementApi.Controllers.UserController - Total number of users: 17
2024-10-05 19:16:44,714 INFO  LibraryManagementApi.Controllers.UserController - Fetching the total number of users...
2024-10-05 19:16:44,725 INFO  LibraryManagementApi.Controllers.UserController - Total number of users: 17
2024-10-05 19:16:44,730 INFO  LibraryManagementApi.Controllers.UserController - Fetching all users...
2024-10-05 19:16:44,748 INFO  LibraryManagementApi.Controllers.UserController - Users fetched successfully
2024-10-05 19:16:44,756 INFO  LibraryManagementApi.Controllers.UserController - Fetching all users...
2024-10-05 19:16:44,771 INFO  LibraryManagementApi.Controllers.UserController - Users fetched successfully
