2024-10-07 13:55:23,743 INFO  LibraryManagementApi.Controllers.BorrowedBookController - Updating borrowed book with User ID: 7 and Book ID: 16
2024-10-07 13:55:24,206 INFO  LibraryManagementApi.Controllers.BorrowedBookController - Borrowed book with User ID: 7 and Book ID: 16 updated successfully
2024-10-07 13:55:38,775 INFO  LibraryManagementApi.Controllers.BorrowedBookController - Updating borrowed book with User ID: 10 and Book ID: 4
2024-10-07 13:55:38,914 INFO  LibraryManagementApi.Controllers.BorrowedBookController - Borrowed book with User ID: 10 and Book ID: 4 updated successfully
2024-10-07 13:55:51,916 INFO  LibraryManagementApi.Controllers.BorrowedBookController - Updating borrowed book with User ID: 8 and Book ID: 10
2024-10-07 13:55:52,076 INFO  LibraryManagementApi.Controllers.BorrowedBookController - Borrowed book with User ID: 8 and Book ID: 10 updated successfully
2024-10-07 13:56:11,962 INFO  LibraryManagementApi.Controllers.BorrowedBookController - Updating borrowed book with User ID: 4 and Book ID: 1
2024-10-07 13:56:15,045 INFO  LibraryManagementApi.Controllers.BorrowedBookController - Borrowed book with User ID: 4 and Book ID: 1 updated successfully
2024-10-07 13:56:52,185 INFO  LibraryManagementApi.Controllers.BorrowedBookController - Updating borrowed book with User ID: 13 and Book ID: 1
2024-10-07 13:56:55,363 INFO  LibraryManagementApi.Controllers.BorrowedBookController - Borrowed book with User ID: 13 and Book ID: 1 updated successfully
2024-10-07 13:57:20,453 INFO  LibraryManagementApi.Controllers.BorrowedBookController - Updating borrowed book with User ID: 12 and Book ID: 7
2024-10-07 13:57:20,607 INFO  LibraryManagementApi.Controllers.BorrowedBookController - Borrowed book with User ID: 12 and Book ID: 7 updated successfully
2024-10-07 13:57:34,972 INFO  LibraryManagementApi.Controllers.BorrowedBookController - Updating borrowed book with User ID: 6 and Book ID: 17
2024-10-07 13:57:35,127 INFO  LibraryManagementApi.Controllers.BorrowedBookController - Borrowed book with User ID: 6 and Book ID: 17 updated successfully
2024-10-07 13:57:49,120 INFO  LibraryManagementApi.Controllers.BorrowedBookController - Updating borrowed book with User ID: 13 and Book ID: 16
2024-10-07 13:57:49,489 INFO  LibraryManagementApi.Controllers.BorrowedBookController - Borrowed book with User ID: 13 and Book ID: 16 updated successfully
2024-10-07 13:58:07,583 INFO  LibraryManagementApi.Controllers.BorrowedBookController - Updating borrowed book with User ID: 3 and Book ID: 8
2024-10-07 13:58:26,276 INFO  LibraryManagementApi.Controllers.BorrowedBookController - Borrowed book with User ID: 3 and Book ID: 8 updated successfully
2024-10-07 13:58:36,961 INFO  LibraryManagementApi.Controllers.BorrowedBookController - Updating borrowed book with User ID: 6 and Book ID: 12
2024-10-07 13:58:46,291 INFO  LibraryManagementApi.Controllers.BorrowedBookController - Borrowed book with User ID: 6 and Book ID: 12 updated successfully
2024-10-07 14:01:04,288 INFO  LibraryManagementApi.Controllers.ReservationController - Fetching count of active reservations...
2024-10-07 14:01:04,313 INFO  LibraryManagementApi.Controllers.ReservationController - Active reservations count: 0
2024-10-07 14:01:04,323 INFO  LibraryManagementApi.Controllers.ReservationController - Fetching count of active reservations...
2024-10-07 14:01:04,337 INFO  LibraryManagementApi.Controllers.ReservationController - Active reservations count: 0
2024-10-07 14:01:04,355 INFO  LibraryManagementApi.Controllers.UserController - Fetching the total number of users...
2024-10-07 14:01:04,383 INFO  LibraryManagementApi.Controllers.UserController - Total number of users: 17
2024-10-07 14:01:04,391 INFO  LibraryManagementApi.Controllers.UserController - Fetching the total number of users...
2024-10-07 14:01:04,404 INFO  LibraryManagementApi.Controllers.UserController - Total number of users: 17
2024-10-07 14:01:04,423 INFO  LibraryManagementApi.Controllers.UserController - Fetching all users...
2024-10-07 14:01:04,455 INFO  LibraryManagementApi.Controllers.UserController - Users fetched successfully
2024-10-07 14:01:04,563 INFO  LibraryManagementApi.Controllers.UserController - Fetching all users...
2024-10-07 14:01:04,579 INFO  LibraryManagementApi.Controllers.UserController - Users fetched successfully
2024-10-07 14:01:05,723 INFO  LibraryManagementApi.Controllers.BookController - Fetching not available books...
2024-10-07 14:01:05,723 INFO  LibraryManagementApi.Controllers.BookController - Fetching all books...
2024-10-07 14:01:05,750 INFO  LibraryManagementApi.Controllers.BookController - Fetching available books...
2024-10-07 14:01:05,760 INFO  LibraryManagementApi.Controllers.BookController - Not available books retrieved successfully
2024-10-07 14:01:05,767 INFO  LibraryManagementApi.Controllers.BookController - Books retrieved successfully
2024-10-07 14:01:05,801 INFO  LibraryManagementApi.Controllers.BookController - Available books retrieved successfully
2024-10-07 14:01:05,803 INFO  LibraryManagementApi.Controllers.BookController - Fetching not available books...
2024-10-07 14:01:05,825 INFO  LibraryManagementApi.Controllers.BookController - Fetching all books...
2024-10-07 14:01:05,828 INFO  LibraryManagementApi.Controllers.BookController - Not available books retrieved successfully
2024-10-07 14:01:05,828 INFO  LibraryManagementApi.Controllers.BookController - Fetching available books...
2024-10-07 14:01:05,929 INFO  LibraryManagementApi.Controllers.BookController - Books retrieved successfully
2024-10-07 14:01:05,971 INFO  LibraryManagementApi.Controllers.BookController - Available books retrieved successfully
2024-10-07 14:01:58,834 INFO  LibraryManagementApi.Controllers.BorrowedBookController - Adding a new borrowed book...
2024-10-07 14:02:09,901 INFO  LibraryManagementApi.Controllers.BorrowedBookController - Adding a new borrowed book...
2024-10-07 14:02:13,209 INFO  LibraryManagementApi.Controllers.BorrowedBookController - Borrowed book added successfully with ID: 55
2024-10-07 14:02:15,742 INFO  LibraryManagementApi.Controllers.BorrowedBookController - Fetching all borrowed books...
2024-10-07 14:02:15,831 INFO  LibraryManagementApi.Controllers.BorrowedBookController - Borrowed books fetched successfully
2024-10-07 14:03:13,959 INFO  LibraryManagementApi.Controllers.ReservationController - Fetching count of active reservations...
2024-10-07 14:03:13,989 INFO  LibraryManagementApi.Controllers.ReservationController - Active reservations count: 0
2024-10-07 14:03:13,994 INFO  LibraryManagementApi.Controllers.ReservationController - Fetching count of active reservations...
2024-10-07 14:03:14,005 INFO  LibraryManagementApi.Controllers.ReservationController - Active reservations count: 0
2024-10-07 14:03:14,009 INFO  LibraryManagementApi.Controllers.UserController - Fetching the total number of users...
2024-10-07 14:03:14,023 INFO  LibraryManagementApi.Controllers.UserController - Total number of users: 17
2024-10-07 14:03:14,027 INFO  LibraryManagementApi.Controllers.UserController - Fetching the total number of users...
2024-10-07 14:03:14,042 INFO  LibraryManagementApi.Controllers.UserController - Total number of users: 17
2024-10-07 14:03:14,043 INFO  LibraryManagementApi.Controllers.UserController - Fetching all users...
2024-10-07 14:03:14,058 INFO  LibraryManagementApi.Controllers.UserController - Users fetched successfully
2024-10-07 14:03:14,064 INFO  LibraryManagementApi.Controllers.UserController - Fetching all users...
2024-10-07 14:03:14,074 INFO  LibraryManagementApi.Controllers.UserController - Users fetched successfully
2024-10-07 14:03:15,297 INFO  LibraryManagementApi.Controllers.BookController - Fetching not available books...
2024-10-07 14:03:15,321 INFO  LibraryManagementApi.Controllers.BookController - Fetching available books...
2024-10-07 14:03:15,324 INFO  LibraryManagementApi.Controllers.BookController - Fetching all books...
2024-10-07 14:03:15,325 INFO  LibraryManagementApi.Controllers.BookController - Not available books retrieved successfully
2024-10-07 14:03:15,339 INFO  LibraryManagementApi.Controllers.BookController - Fetching not available books...
2024-10-07 14:03:15,393 INFO  LibraryManagementApi.Controllers.BookController - Not available books retrieved successfully
2024-10-07 14:03:15,432 INFO  LibraryManagementApi.Controllers.BookController - Available books retrieved successfully
2024-10-07 14:03:15,452 INFO  LibraryManagementApi.Controllers.BookController - Books retrieved successfully
2024-10-07 14:03:15,486 INFO  LibraryManagementApi.Controllers.BookController - Fetching all books...
2024-10-07 14:03:15,486 INFO  LibraryManagementApi.Controllers.BookController - Fetching available books...
2024-10-07 14:03:15,529 INFO  LibraryManagementApi.Controllers.BookController - Books retrieved successfully
2024-10-07 14:03:15,535 INFO  LibraryManagementApi.Controllers.BookController - Available books retrieved successfully
2024-10-07 14:03:38,201 INFO  LibraryManagementApi.Controllers.BookController - Fetching available books...
2024-10-07 14:03:38,201 INFO  LibraryManagementApi.Controllers.BookController - Fetching not available books...
2024-10-07 14:03:38,222 INFO  LibraryManagementApi.Controllers.BookController - Fetching all books...
2024-10-07 14:03:38,232 INFO  LibraryManagementApi.Controllers.BookController - Available books retrieved successfully
2024-10-07 14:03:38,242 INFO  LibraryManagementApi.Controllers.BookController - Not available books retrieved successfully
2024-10-07 14:03:38,268 INFO  LibraryManagementApi.Controllers.BookController - Books retrieved successfully
2024-10-07 14:03:38,290 INFO  LibraryManagementApi.Controllers.BookController - Fetching available books...
2024-10-07 14:03:38,290 INFO  LibraryManagementApi.Controllers.BookController - Fetching not available books...
2024-10-07 14:03:38,327 INFO  LibraryManagementApi.Controllers.BookController - Not available books retrieved successfully
2024-10-07 14:03:38,328 INFO  LibraryManagementApi.Controllers.BookController - Fetching all books...
2024-10-07 14:03:38,337 INFO  LibraryManagementApi.Controllers.BookController - Available books retrieved successfully
2024-10-07 14:03:38,368 INFO  LibraryManagementApi.Controllers.BookController - Books retrieved successfully
2024-10-07 14:03:39,595 INFO  LibraryManagementApi.Controllers.BorrowedBookController - Fetching all borrowed books...
2024-10-07 14:03:39,613 INFO  LibraryManagementApi.Controllers.BorrowedBookController - Borrowed books fetched successfully
2024-10-07 14:04:52,717 INFO  LibraryManagementApi.Controllers.ReservationController - Fetching count of active reservations...
2024-10-07 14:04:52,741 INFO  LibraryManagementApi.Controllers.ReservationController - Active reservations count: 0
2024-10-07 14:04:52,746 INFO  LibraryManagementApi.Controllers.ReservationController - Fetching count of active reservations...
2024-10-07 14:04:52,757 INFO  LibraryManagementApi.Controllers.UserController - Fetching the total number of users...
2024-10-07 14:04:52,763 INFO  LibraryManagementApi.Controllers.ReservationController - Active reservations count: 0
2024-10-07 14:04:52,781 INFO  LibraryManagementApi.Controllers.UserController - Total number of users: 17
2024-10-07 14:04:52,785 INFO  LibraryManagementApi.Controllers.UserController - Fetching the total number of users...
2024-10-07 14:04:52,800 INFO  LibraryManagementApi.Controllers.UserController - Fetching all users...
2024-10-07 14:04:52,807 INFO  LibraryManagementApi.Controllers.UserController - Total number of users: 17
2024-10-07 14:04:52,823 INFO  LibraryManagementApi.Controllers.UserController - Users fetched successfully
2024-10-07 14:04:52,828 INFO  LibraryManagementApi.Controllers.UserController - Fetching all users...
2024-10-07 14:04:52,846 INFO  LibraryManagementApi.Controllers.UserController - Users fetched successfully
2024-10-07 14:04:55,541 INFO  LibraryManagementApi.Controllers.UserController - Fetching user with ID: 2
2024-10-07 14:04:55,564 INFO  LibraryManagementApi.Controllers.UserController - User with ID 2 fetched successfully
2024-10-07 14:04:55,569 INFO  LibraryManagementApi.Controllers.UserController - Fetching user with ID: 2
2024-10-07 14:04:55,586 INFO  LibraryManagementApi.Controllers.UserController - User with ID 2 fetched successfully
2024-10-07 14:05:08,244 INFO  LibraryManagementApi.Controllers.UserController - Updating user with ID: 2
2024-10-07 14:05:08,293 INFO  LibraryManagementApi.Controllers.UserController - User with ID 2 updated successfully
2024-10-07 14:05:08,299 INFO  LibraryManagementApi.Controllers.UserController - Fetching user with ID: 2
2024-10-07 14:05:08,319 INFO  LibraryManagementApi.Controllers.UserController - User with ID 2 fetched successfully
2024-10-07 14:05:29,840 INFO  LibraryManagementApi.Controllers.ReservationController - Fetching count of active reservations...
2024-10-07 14:05:29,859 INFO  LibraryManagementApi.Controllers.ReservationController - Active reservations count: 0
2024-10-07 14:05:29,863 INFO  LibraryManagementApi.Controllers.ReservationController - Fetching count of active reservations...
2024-10-07 14:05:29,870 INFO  LibraryManagementApi.Controllers.UserController - Fetching the total number of users...
2024-10-07 14:05:29,875 INFO  LibraryManagementApi.Controllers.ReservationController - Active reservations count: 0
2024-10-07 14:05:29,892 INFO  LibraryManagementApi.Controllers.UserController - Total number of users: 17
2024-10-07 14:05:29,897 INFO  LibraryManagementApi.Controllers.UserController - Fetching the total number of users...
2024-10-07 14:05:29,912 INFO  LibraryManagementApi.Controllers.UserController - Fetching all users...
2024-10-07 14:05:29,918 INFO  LibraryManagementApi.Controllers.UserController - Total number of users: 17
2024-10-07 14:05:29,933 INFO  LibraryManagementApi.Controllers.UserController - Users fetched successfully
2024-10-07 14:05:29,941 INFO  LibraryManagementApi.Controllers.UserController - Fetching all users...
2024-10-07 14:05:29,959 INFO  LibraryManagementApi.Controllers.UserController - Users fetched successfully
2024-10-07 14:10:00,144 INFO  LibraryManagementApi.Controllers.ReservationController - Fetching count of active reservations...
2024-10-07 14:10:00,153 INFO  LibraryManagementApi.Controllers.ReservationController - Active reservations count: 0
2024-10-07 14:10:00,156 INFO  LibraryManagementApi.Controllers.ReservationController - Fetching count of active reservations...
2024-10-07 14:10:00,161 INFO  LibraryManagementApi.Controllers.ReservationController - Active reservations count: 0
2024-10-07 14:10:00,162 INFO  LibraryManagementApi.Controllers.UserController - Fetching the total number of users...
2024-10-07 14:10:00,167 INFO  LibraryManagementApi.Controllers.UserController - Total number of users: 17
2024-10-07 14:10:00,169 INFO  LibraryManagementApi.Controllers.UserController - Fetching the total number of users...
2024-10-07 14:10:00,173 INFO  LibraryManagementApi.Controllers.UserController - Total number of users: 17
2024-10-07 14:10:00,174 INFO  LibraryManagementApi.Controllers.UserController - Fetching all users...
2024-10-07 14:10:00,179 INFO  LibraryManagementApi.Controllers.UserController - Users fetched successfully
2024-10-07 14:10:00,182 INFO  LibraryManagementApi.Controllers.UserController - Fetching all users...
2024-10-07 14:10:00,186 INFO  LibraryManagementApi.Controllers.UserController - Users fetched successfully
2024-10-07 14:10:01,448 INFO  LibraryManagementApi.Controllers.BookController - Fetching available books...
2024-10-07 14:10:01,448 INFO  LibraryManagementApi.Controllers.BookController - Fetching not available books...
2024-10-07 14:10:01,457 INFO  LibraryManagementApi.Controllers.BookController - Fetching all books...
2024-10-07 14:10:01,462 INFO  LibraryManagementApi.Controllers.BookController - Not available books retrieved successfully
2024-10-07 14:10:01,469 INFO  LibraryManagementApi.Controllers.BookController - Available books retrieved successfully
2024-10-07 14:10:01,470 INFO  LibraryManagementApi.Controllers.BookController - Fetching not available books...
2024-10-07 14:10:01,498 INFO  LibraryManagementApi.Controllers.BookController - Fetching available books...
2024-10-07 14:10:01,515 INFO  LibraryManagementApi.Controllers.BookController - Not available books retrieved successfully
2024-10-07 14:10:01,533 INFO  LibraryManagementApi.Controllers.BookController - Books retrieved successfully
2024-10-07 14:10:01,544 INFO  LibraryManagementApi.Controllers.BookController - Available books retrieved successfully
2024-10-07 14:10:01,552 INFO  LibraryManagementApi.Controllers.BookController - Fetching all books...
2024-10-07 14:10:01,559 INFO  LibraryManagementApi.Controllers.BookController - Books retrieved successfully
2024-10-07 14:39:48,588 INFO  LibraryManagementApi.Controllers.ReservationController - Fetching count of active reservations...
2024-10-07 14:39:48,596 INFO  LibraryManagementApi.Controllers.ReservationController - Active reservations count: 0
2024-10-07 14:39:48,599 INFO  LibraryManagementApi.Controllers.ReservationController - Fetching count of active reservations...
2024-10-07 14:39:48,605 INFO  LibraryManagementApi.Controllers.ReservationController - Active reservations count: 0
2024-10-07 14:39:48,606 INFO  LibraryManagementApi.Controllers.UserController - Fetching the total number of users...
2024-10-07 14:39:48,614 INFO  LibraryManagementApi.Controllers.UserController - Total number of users: 17
2024-10-07 14:39:48,618 INFO  LibraryManagementApi.Controllers.UserController - Fetching the total number of users...
2024-10-07 14:39:48,624 INFO  LibraryManagementApi.Controllers.UserController - Total number of users: 17
2024-10-07 14:39:48,625 INFO  LibraryManagementApi.Controllers.UserController - Fetching all users...
2024-10-07 14:39:48,633 INFO  LibraryManagementApi.Controllers.UserController - Users fetched successfully
2024-10-07 14:39:48,639 INFO  LibraryManagementApi.Controllers.UserController - Fetching all users...
2024-10-07 14:39:48,646 INFO  LibraryManagementApi.Controllers.UserController - Users fetched successfully
2024-10-07 14:39:50,237 INFO  LibraryManagementApi.Controllers.BookController - Fetching available books...
2024-10-07 14:39:50,237 INFO  LibraryManagementApi.Controllers.BookController - Fetching not available books...
2024-10-07 14:39:50,239 INFO  LibraryManagementApi.Controllers.BookController - Fetching all books...
2024-10-07 14:39:50,251 INFO  LibraryManagementApi.Controllers.BookController - Not available books retrieved successfully
2024-10-07 14:39:50,257 INFO  LibraryManagementApi.Controllers.BookController - Available books retrieved successfully
2024-10-07 14:39:50,263 INFO  LibraryManagementApi.Controllers.BookController - Fetching not available books...
2024-10-07 14:39:50,275 INFO  LibraryManagementApi.Controllers.BookController - Fetching available books...
2024-10-07 14:39:50,321 INFO  LibraryManagementApi.Controllers.BookController - Books retrieved successfully
2024-10-07 14:39:50,324 INFO  LibraryManagementApi.Controllers.BookController - Available books retrieved successfully
2024-10-07 14:39:50,326 INFO  LibraryManagementApi.Controllers.BookController - Not available books retrieved successfully
2024-10-07 14:39:50,357 INFO  LibraryManagementApi.Controllers.BookController - Fetching all books...
2024-10-07 14:39:50,374 INFO  LibraryManagementApi.Controllers.BookController - Books retrieved successfully
2024-10-07 14:40:20,465 INFO  LibraryManagementApi.Controllers.BorrowedBookController - Adding a new borrowed book...
2024-10-07 14:40:24,387 INFO  LibraryManagementApi.Controllers.BorrowedBookController - Borrowed book added successfully with ID: 56
2024-10-07 14:40:25,870 INFO  LibraryManagementApi.Controllers.BorrowedBookController - Fetching all borrowed books...
2024-10-07 14:40:25,888 INFO  LibraryManagementApi.Controllers.BorrowedBookController - Borrowed books fetched successfully
2024-10-07 14:41:18,525 INFO  LibraryManagementApi.Controllers.ReservationController - Fetching count of active reservations...
2024-10-07 14:41:18,536 INFO  LibraryManagementApi.Controllers.ReservationController - Active reservations count: 0
2024-10-07 14:41:18,539 INFO  LibraryManagementApi.Controllers.ReservationController - Fetching count of active reservations...
2024-10-07 14:41:18,543 INFO  LibraryManagementApi.Controllers.UserController - Fetching the total number of users...
2024-10-07 14:41:18,549 INFO  LibraryManagementApi.Controllers.ReservationController - Active reservations count: 0
2024-10-07 14:41:18,554 INFO  LibraryManagementApi.Controllers.UserController - Total number of users: 17
2024-10-07 14:41:18,557 INFO  LibraryManagementApi.Controllers.UserController - Fetching the total number of users...
2024-10-07 14:41:18,566 INFO  LibraryManagementApi.Controllers.UserController - Fetching all users...
2024-10-07 14:41:18,568 INFO  LibraryManagementApi.Controllers.UserController - Total number of users: 17
2024-10-07 14:41:18,577 INFO  LibraryManagementApi.Controllers.UserController - Users fetched successfully
2024-10-07 14:41:18,582 INFO  LibraryManagementApi.Controllers.UserController - Fetching all users...
2024-10-07 14:41:18,589 INFO  LibraryManagementApi.Controllers.UserController - Users fetched successfully
2024-10-07 14:42:23,927 INFO  LibraryManagementApi.Controllers.ReservationController - Fetching count of active reservations...
2024-10-07 14:42:23,936 INFO  LibraryManagementApi.Controllers.ReservationController - Active reservations count: 0
2024-10-07 14:42:23,938 INFO  LibraryManagementApi.Controllers.ReservationController - Fetching count of active reservations...
2024-10-07 14:42:23,942 INFO  LibraryManagementApi.Controllers.ReservationController - Active reservations count: 0
2024-10-07 14:42:23,944 INFO  LibraryManagementApi.Controllers.UserController - Fetching the total number of users...
2024-10-07 14:42:23,951 INFO  LibraryManagementApi.Controllers.UserController - Total number of users: 17
2024-10-07 14:42:23,954 INFO  LibraryManagementApi.Controllers.UserController - Fetching the total number of users...
2024-10-07 14:42:23,957 INFO  LibraryManagementApi.Controllers.UserController - Fetching all users...
2024-10-07 14:42:23,958 INFO  LibraryManagementApi.Controllers.UserController - Total number of users: 17
2024-10-07 14:42:23,965 INFO  LibraryManagementApi.Controllers.UserController - Users fetched successfully
2024-10-07 14:42:23,969 INFO  LibraryManagementApi.Controllers.UserController - Fetching all users...
2024-10-07 14:42:23,974 INFO  LibraryManagementApi.Controllers.UserController - Users fetched successfully
2024-10-07 14:42:25,461 INFO  LibraryManagementApi.Controllers.BookController - Fetching not available books...
2024-10-07 14:42:25,461 INFO  LibraryManagementApi.Controllers.BookController - Fetching available books...
2024-10-07 14:42:25,472 INFO  LibraryManagementApi.Controllers.BookController - Available books retrieved successfully
2024-10-07 14:42:25,474 INFO  LibraryManagementApi.Controllers.BookController - Fetching all books...
2024-10-07 14:42:25,494 INFO  LibraryManagementApi.Controllers.BookController - Not available books retrieved successfully
2024-10-07 14:42:25,503 INFO  LibraryManagementApi.Controllers.BookController - Fetching available books...
2024-10-07 14:42:25,509 INFO  LibraryManagementApi.Controllers.BookController - Books retrieved successfully
2024-10-07 14:42:25,527 INFO  LibraryManagementApi.Controllers.BookController - Fetching not available books...
2024-10-07 14:42:25,536 INFO  LibraryManagementApi.Controllers.BookController - Available books retrieved successfully
2024-10-07 14:42:25,553 INFO  LibraryManagementApi.Controllers.BookController - Fetching all books...
2024-10-07 14:42:25,561 INFO  LibraryManagementApi.Controllers.BookController - Not available books retrieved successfully
2024-10-07 14:42:25,575 INFO  LibraryManagementApi.Controllers.BookController - Books retrieved successfully
2024-10-07 14:42:42,734 INFO  LibraryManagementApi.Controllers.BorrowedBookController - Updating borrowed book with User ID: 5 and Book ID: 19
2024-10-07 14:42:42,784 INFO  LibraryManagementApi.Controllers.BorrowedBookController - Borrowed book with User ID: 5 and Book ID: 19 updated successfully
2024-10-07 14:42:44,742 INFO  LibraryManagementApi.Controllers.BorrowedBookController - Fetching all borrowed books...
2024-10-07 14:42:44,760 INFO  LibraryManagementApi.Controllers.BorrowedBookController - Borrowed books fetched successfully
2024-10-07 14:42:56,926 INFO  LibraryManagementApi.Controllers.BorrowedBookController - Adding a new borrowed book...
2024-10-07 14:43:00,720 INFO  LibraryManagementApi.Controllers.BorrowedBookController - Borrowed book added successfully with ID: 57
2024-10-07 14:43:00,726 INFO  LibraryManagementApi.Controllers.BorrowedBookController - Fetching all borrowed books...
2024-10-07 14:43:00,738 INFO  LibraryManagementApi.Controllers.BorrowedBookController - Borrowed books fetched successfully
2024-10-07 14:43:23,937 INFO  LibraryManagementApi.Controllers.BorrowedBookController - Updating borrowed book with User ID: 5 and Book ID: 19
2024-10-07 14:43:23,976 INFO  LibraryManagementApi.Controllers.BorrowedBookController - Borrowed book with User ID: 5 and Book ID: 19 updated successfully
2024-10-07 14:43:25,285 INFO  LibraryManagementApi.Controllers.BorrowedBookController - Fetching all borrowed books...
2024-10-07 14:43:25,295 INFO  LibraryManagementApi.Controllers.BorrowedBookController - Borrowed books fetched successfully
2024-10-07 14:43:36,955 INFO  LibraryManagementApi.Controllers.BorrowedBookController - Adding a new borrowed book...
2024-10-07 14:43:49,261 INFO  LibraryManagementApi.Controllers.BorrowedBookController - Adding a new borrowed book...
2024-10-07 14:43:57,080 INFO  LibraryManagementApi.Controllers.BorrowedBookController - Fetching all borrowed books...
2024-10-07 14:43:57,097 INFO  LibraryManagementApi.Controllers.BorrowedBookController - Borrowed books fetched successfully
2024-10-07 14:44:03,355 INFO  LibraryManagementApi.Controllers.ReservationController - Fetching count of active reservations...
2024-10-07 14:44:03,360 INFO  LibraryManagementApi.Controllers.ReservationController - Active reservations count: 0
2024-10-07 14:44:03,364 INFO  LibraryManagementApi.Controllers.ReservationController - Fetching count of active reservations...
2024-10-07 14:44:03,369 INFO  LibraryManagementApi.Controllers.UserController - Fetching the total number of users...
2024-10-07 14:44:03,370 INFO  LibraryManagementApi.Controllers.ReservationController - Active reservations count: 0
2024-10-07 14:44:03,375 INFO  LibraryManagementApi.Controllers.UserController - Total number of users: 17
2024-10-07 14:44:03,378 INFO  LibraryManagementApi.Controllers.UserController - Fetching the total number of users...
2024-10-07 14:44:03,388 INFO  LibraryManagementApi.Controllers.UserController - Total number of users: 17
2024-10-07 14:44:03,389 INFO  LibraryManagementApi.Controllers.UserController - Fetching all users...
2024-10-07 14:44:03,395 INFO  LibraryManagementApi.Controllers.UserController - Users fetched successfully
2024-10-07 14:44:03,401 INFO  LibraryManagementApi.Controllers.UserController - Fetching all users...
2024-10-07 14:44:03,406 INFO  LibraryManagementApi.Controllers.UserController - Users fetched successfully
2024-10-07 14:44:04,783 INFO  LibraryManagementApi.Controllers.BookController - Fetching not available books...
2024-10-07 14:44:04,792 INFO  LibraryManagementApi.Controllers.BookController - Fetching all books...
2024-10-07 14:44:04,793 INFO  LibraryManagementApi.Controllers.BookController - Fetching available books...
2024-10-07 14:44:04,806 INFO  LibraryManagementApi.Controllers.BookController - Not available books retrieved successfully
2024-10-07 14:44:04,814 INFO  LibraryManagementApi.Controllers.BookController - Books retrieved successfully
2024-10-07 14:44:04,841 INFO  LibraryManagementApi.Controllers.BookController - Fetching all books...
2024-10-07 14:44:04,842 INFO  LibraryManagementApi.Controllers.BookController - Fetching not available books...
2024-10-07 14:44:04,857 INFO  LibraryManagementApi.Controllers.BookController - Available books retrieved successfully
2024-10-07 14:44:04,868 INFO  LibraryManagementApi.Controllers.BookController - Books retrieved successfully
2024-10-07 14:44:04,881 INFO  LibraryManagementApi.Controllers.BookController - Fetching available books...
2024-10-07 14:44:04,885 INFO  LibraryManagementApi.Controllers.BookController - Not available books retrieved successfully
2024-10-07 14:44:04,897 INFO  LibraryManagementApi.Controllers.BookController - Available books retrieved successfully
2024-10-07 14:44:34,512 INFO  LibraryManagementApi.Controllers.BookController - Fetching not available books...
2024-10-07 14:44:34,512 INFO  LibraryManagementApi.Controllers.BookController - Fetching available books...
2024-10-07 14:44:34,512 INFO  LibraryManagementApi.Controllers.BookController - Fetching all books...
2024-10-07 14:44:34,532 INFO  LibraryManagementApi.Controllers.BookController - Available books retrieved successfully
2024-10-07 14:44:34,538 INFO  LibraryManagementApi.Controllers.BookController - Books retrieved successfully
2024-10-07 14:44:34,539 INFO  LibraryManagementApi.Controllers.BookController - Not available books retrieved successfully
2024-10-07 14:44:34,553 INFO  LibraryManagementApi.Controllers.BookController - Fetching not available books...
2024-10-07 14:44:34,562 INFO  LibraryManagementApi.Controllers.BookController - Fetching all books...
2024-10-07 14:44:34,562 INFO  LibraryManagementApi.Controllers.BookController - Fetching available books...
2024-10-07 14:44:34,565 INFO  LibraryManagementApi.Controllers.BookController - Not available books retrieved successfully
2024-10-07 14:44:34,587 INFO  LibraryManagementApi.Controllers.BookController - Available books retrieved successfully
2024-10-07 14:44:34,592 INFO  LibraryManagementApi.Controllers.BookController - Books retrieved successfully
2024-10-07 14:45:04,556 INFO  LibraryManagementApi.Controllers.UserController - Fetching all users...
2024-10-07 14:45:04,562 INFO  LibraryManagementApi.Controllers.UserController - Users fetched successfully
2024-10-07 14:45:04,570 INFO  LibraryManagementApi.Controllers.UserController - Fetching all users...
2024-10-07 14:45:04,576 INFO  LibraryManagementApi.Controllers.UserController - Users fetched successfully
2024-10-07 14:45:37,461 INFO  LibraryManagementApi.Controllers.BookController - Fetching all books...
2024-10-07 14:45:37,461 INFO  LibraryManagementApi.Controllers.BookController - Fetching available books...
2024-10-07 14:45:37,462 INFO  LibraryManagementApi.Controllers.BookController - Fetching not available books...
2024-10-07 14:45:37,480 INFO  LibraryManagementApi.Controllers.BookController - Books retrieved successfully
2024-10-07 14:45:37,484 INFO  LibraryManagementApi.Controllers.BookController - Not available books retrieved successfully
2024-10-07 14:45:37,492 INFO  LibraryManagementApi.Controllers.BookController - Fetching all books...
2024-10-07 14:45:37,492 INFO  LibraryManagementApi.Controllers.BookController - Fetching not available books...
2024-10-07 14:45:37,501 INFO  LibraryManagementApi.Controllers.BookController - Books retrieved successfully
2024-10-07 14:45:37,504 INFO  LibraryManagementApi.Controllers.BookController - Available books retrieved successfully
2024-10-07 14:45:37,507 INFO  LibraryManagementApi.Controllers.BookController - Not available books retrieved successfully
2024-10-07 14:45:37,519 INFO  LibraryManagementApi.Controllers.BookController - Fetching available books...
2024-10-07 14:45:37,533 INFO  LibraryManagementApi.Controllers.BookController - Available books retrieved successfully
2024-10-07 14:45:48,383 INFO  LibraryManagementApi.Controllers.BorrowedBookController - Adding a new borrowed book...
2024-10-07 14:45:51,934 INFO  LibraryManagementApi.Controllers.BorrowedBookController - Borrowed book added successfully with ID: 60
2024-10-07 14:45:53,406 INFO  LibraryManagementApi.Controllers.BorrowedBookController - Fetching all borrowed books...
2024-10-07 14:45:53,420 INFO  LibraryManagementApi.Controllers.BorrowedBookController - Borrowed books fetched successfully
2024-10-07 14:46:29,590 INFO  LibraryManagementApi.Controllers.ReservationController - Fetching count of active reservations...
2024-10-07 14:46:29,601 INFO  LibraryManagementApi.Controllers.ReservationController - Active reservations count: 0
2024-10-07 14:46:29,603 INFO  LibraryManagementApi.Controllers.ReservationController - Fetching count of active reservations...
2024-10-07 14:46:29,607 INFO  LibraryManagementApi.Controllers.ReservationController - Active reservations count: 0
2024-10-07 14:46:29,608 INFO  LibraryManagementApi.Controllers.UserController - Fetching the total number of users...
2024-10-07 14:46:29,612 INFO  LibraryManagementApi.Controllers.UserController - Total number of users: 17
2024-10-07 14:46:29,616 INFO  LibraryManagementApi.Controllers.UserController - Fetching the total number of users...
2024-10-07 14:46:29,620 INFO  LibraryManagementApi.Controllers.UserController - Total number of users: 17
2024-10-07 14:46:29,621 INFO  LibraryManagementApi.Controllers.UserController - Fetching all users...
2024-10-07 14:46:29,626 INFO  LibraryManagementApi.Controllers.UserController - Users fetched successfully
2024-10-07 14:46:29,628 INFO  LibraryManagementApi.Controllers.UserController - Fetching all users...
2024-10-07 14:46:29,633 INFO  LibraryManagementApi.Controllers.UserController - Users fetched successfully
2024-10-07 14:46:30,916 INFO  LibraryManagementApi.Controllers.BookController - Fetching all books...
2024-10-07 14:46:30,916 INFO  LibraryManagementApi.Controllers.BookController - Fetching not available books...
2024-10-07 14:46:30,916 INFO  LibraryManagementApi.Controllers.BookController - Fetching available books...
2024-10-07 14:46:30,939 INFO  LibraryManagementApi.Controllers.BookController - Available books retrieved successfully
2024-10-07 14:46:30,957 INFO  LibraryManagementApi.Controllers.BookController - Fetching available books...
2024-10-07 14:46:30,962 INFO  LibraryManagementApi.Controllers.BookController - Not available books retrieved successfully
2024-10-07 14:46:30,976 INFO  LibraryManagementApi.Controllers.BookController - Available books retrieved successfully
2024-10-07 14:46:30,976 INFO  LibraryManagementApi.Controllers.BookController - Fetching not available books...
2024-10-07 14:46:30,980 INFO  LibraryManagementApi.Controllers.BookController - Books retrieved successfully
2024-10-07 14:46:30,993 INFO  LibraryManagementApi.Controllers.BookController - Not available books retrieved successfully
2024-10-07 14:46:31,002 INFO  LibraryManagementApi.Controllers.BookController - Fetching all books...
2024-10-07 14:46:31,008 INFO  LibraryManagementApi.Controllers.BookController - Books retrieved successfully
2024-10-07 15:01:07,287 INFO  LibraryManagementApi.Controllers.ReservationController - Fetching count of active reservations...
2024-10-07 15:01:07,303 INFO  LibraryManagementApi.Controllers.ReservationController - Active reservations count: 0
2024-10-07 15:01:07,307 INFO  LibraryManagementApi.Controllers.ReservationController - Fetching count of active reservations...
2024-10-07 15:01:07,313 INFO  LibraryManagementApi.Controllers.UserController - Fetching the total number of users...
2024-10-07 15:01:07,317 INFO  LibraryManagementApi.Controllers.ReservationController - Active reservations count: 0
2024-10-07 15:01:07,334 INFO  LibraryManagementApi.Controllers.UserController - Total number of users: 17
2024-10-07 15:01:07,338 INFO  LibraryManagementApi.Controllers.UserController - Fetching the total number of users...
2024-10-07 15:01:07,353 INFO  LibraryManagementApi.Controllers.UserController - Fetching all users...
2024-10-07 15:01:07,356 INFO  LibraryManagementApi.Controllers.UserController - Total number of users: 17
2024-10-07 15:01:07,370 INFO  LibraryManagementApi.Controllers.UserController - Users fetched successfully
2024-10-07 15:01:07,376 INFO  LibraryManagementApi.Controllers.UserController - Fetching all users...
2024-10-07 15:01:07,390 INFO  LibraryManagementApi.Controllers.UserController - Users fetched successfully
2024-10-07 15:01:08,666 INFO  LibraryManagementApi.Controllers.BookController - Fetching not available books...
2024-10-07 15:01:08,667 INFO  LibraryManagementApi.Controllers.BookController - Fetching available books...
2024-10-07 15:01:08,667 INFO  LibraryManagementApi.Controllers.BookController - Fetching all books...
2024-10-07 15:01:08,691 INFO  LibraryManagementApi.Controllers.BookController - Not available books retrieved successfully
2024-10-07 15:01:08,784 INFO  LibraryManagementApi.Controllers.BookController - Books retrieved successfully
2024-10-07 15:01:08,793 INFO  LibraryManagementApi.Controllers.BookController - Fetching not available books...
2024-10-07 15:01:08,823 INFO  LibraryManagementApi.Controllers.BookController - Available books retrieved successfully
2024-10-07 15:01:08,868 INFO  LibraryManagementApi.Controllers.BookController - Fetching all books...
2024-10-07 15:01:08,900 INFO  LibraryManagementApi.Controllers.BookController - Not available books retrieved successfully
2024-10-07 15:01:08,924 INFO  LibraryManagementApi.Controllers.BookController - Books retrieved successfully
2024-10-07 15:01:08,925 INFO  LibraryManagementApi.Controllers.BookController - Fetching available books...
2024-10-07 15:01:08,988 INFO  LibraryManagementApi.Controllers.BookController - Available books retrieved successfully
2024-10-07 15:01:21,954 INFO  LibraryManagementApi.Controllers.BorrowedBookController - Adding a new borrowed book...
2024-10-07 15:01:25,765 INFO  LibraryManagementApi.Controllers.BorrowedBookController - Borrowed book added successfully with ID: 61
2024-10-07 15:01:27,608 INFO  LibraryManagementApi.Controllers.BorrowedBookController - Fetching all borrowed books...
2024-10-07 15:01:27,662 INFO  LibraryManagementApi.Controllers.BorrowedBookController - Borrowed books fetched successfully
2024-10-07 15:02:07,840 INFO  LibraryManagementApi.Controllers.BorrowedBookController - Updating borrowed book with User ID: 2 and Book ID: 21
2024-10-07 15:02:07,979 INFO  LibraryManagementApi.Controllers.BorrowedBookController - Borrowed book with User ID: 2 and Book ID: 21 updated successfully
2024-10-07 15:02:10,193 INFO  LibraryManagementApi.Controllers.BorrowedBookController - Fetching all borrowed books...
2024-10-07 15:02:10,227 INFO  LibraryManagementApi.Controllers.BorrowedBookController - Borrowed books fetched successfully
2024-10-07 15:02:11,521 INFO  LibraryManagementApi.Controllers.BorrowedBookController - Fetching all borrowed books...
2024-10-07 15:02:11,548 INFO  LibraryManagementApi.Controllers.BorrowedBookController - Borrowed books fetched successfully
2024-10-07 15:02:33,921 INFO  LibraryManagementApi.Controllers.ReservationController - Fetching count of active reservations...
2024-10-07 15:02:33,944 INFO  LibraryManagementApi.Controllers.ReservationController - Active reservations count: 0
2024-10-07 15:02:33,953 INFO  LibraryManagementApi.Controllers.ReservationController - Fetching count of active reservations...
2024-10-07 15:02:33,961 INFO  LibraryManagementApi.Controllers.UserController - Fetching the total number of users...
2024-10-07 15:02:33,968 INFO  LibraryManagementApi.Controllers.ReservationController - Active reservations count: 0
2024-10-07 15:02:33,977 INFO  LibraryManagementApi.Controllers.UserController - Total number of users: 17
2024-10-07 15:02:33,981 INFO  LibraryManagementApi.Controllers.UserController - Fetching the total number of users...
2024-10-07 15:02:33,993 INFO  LibraryManagementApi.Controllers.UserController - Fetching all users...
2024-10-07 15:02:34,003 INFO  LibraryManagementApi.Controllers.UserController - Total number of users: 17
2024-10-07 15:02:34,016 INFO  LibraryManagementApi.Controllers.UserController - Users fetched successfully
2024-10-07 15:02:34,022 INFO  LibraryManagementApi.Controllers.UserController - Fetching all users...
2024-10-07 15:02:34,032 INFO  LibraryManagementApi.Controllers.UserController - Users fetched successfully
2024-10-07 15:03:11,936 INFO  LibraryManagementApi.Controllers.ReservationController - Fetching count of active reservations...
2024-10-07 15:03:11,950 INFO  LibraryManagementApi.Controllers.ReservationController - Active reservations count: 0
2024-10-07 15:03:11,956 INFO  LibraryManagementApi.Controllers.ReservationController - Fetching count of active reservations...
2024-10-07 15:03:11,965 INFO  LibraryManagementApi.Controllers.UserController - Fetching the total number of users...
2024-10-07 15:03:11,974 INFO  LibraryManagementApi.Controllers.ReservationController - Active reservations count: 0
2024-10-07 15:03:11,980 INFO  LibraryManagementApi.Controllers.UserController - Total number of users: 17
2024-10-07 15:03:11,988 INFO  LibraryManagementApi.Controllers.UserController - Fetching the total number of users...
2024-10-07 15:03:12,001 INFO  LibraryManagementApi.Controllers.UserController - Total number of users: 17
2024-10-07 15:03:12,003 INFO  LibraryManagementApi.Controllers.UserController - Fetching all users...
2024-10-07 15:03:12,013 INFO  LibraryManagementApi.Controllers.UserController - Users fetched successfully
2024-10-07 15:03:12,018 INFO  LibraryManagementApi.Controllers.UserController - Fetching all users...
2024-10-07 15:03:12,030 INFO  LibraryManagementApi.Controllers.UserController - Users fetched successfully
