2024-09-24 10:56:41,014 INFO  LibraryManagementApi.Controllers.BookController - Adding a new book...
2024-09-24 10:56:41,117 INFO  LibraryManagementApi.Controllers.BookController - Book 'The Last Stand' added successfully
2024-09-24 10:57:06,881 INFO  LibraryManagementApi.Controllers.BookController - Adding a new book...
2024-09-24 10:57:06,896 INFO  LibraryManagementApi.Controllers.BookController - Book 'The Enchanted Realm' added successfully
2024-09-24 12:41:48,610 INFO  LibraryManagementApi.Controllers.BookController - Adding a new book...
2024-09-24 12:41:48,637 INFO  LibraryManagementApi.Controllers.BookController - Book 'Under Fire' added successfully
2024-09-24 12:42:08,152 INFO  LibraryManagementApi.Controllers.BookController - Adding a new book...
2024-09-24 12:42:08,172 INFO  LibraryManagementApi.Controllers.BookController - Book 'The Dragon's Heir' added successfully
2024-09-24 12:42:39,377 INFO  LibraryManagementApi.Controllers.BookController - Adding a new book...
2024-09-24 12:42:39,391 INFO  LibraryManagementApi.Controllers.BookController - Book 'Kingdom of Shadows' added successfully
2024-09-24 12:42:57,136 INFO  LibraryManagementApi.Controllers.BookController - Adding a new book...
2024-09-24 12:42:57,159 INFO  LibraryManagementApi.Controllers.BookController - Book 'Love on the Horizon' added successfully
2024-09-24 12:43:14,445 INFO  LibraryManagementApi.Controllers.BookController - Adding a new book...
2024-09-24 12:43:14,456 INFO  LibraryManagementApi.Controllers.BookController - Book 'Whispers of the Heart' added successfully
2024-09-24 12:43:27,843 INFO  LibraryManagementApi.Controllers.BookController - Adding a new book...
2024-09-24 12:43:27,850 INFO  LibraryManagementApi.Controllers.BookController - Book 'Galactic Frontiers' added successfully
2024-09-24 12:43:42,102 INFO  LibraryManagementApi.Controllers.BookController - Adding a new book...
2024-09-24 12:43:42,122 INFO  LibraryManagementApi.Controllers.BookController - Book 'Quantum Horizon' added successfully
2024-09-24 12:44:00,072 INFO  LibraryManagementApi.Controllers.BookController - Adding a new book...
2024-09-24 12:44:00,090 INFO  LibraryManagementApi.Controllers.BookController - Book 'The Rise of Rome' added successfully
2024-09-24 12:44:14,192 INFO  LibraryManagementApi.Controllers.BookController - Adding a new book...
2024-09-24 12:44:14,203 INFO  LibraryManagementApi.Controllers.BookController - Book 'The World Wars' added successfully
2024-09-24 12:44:27,072 INFO  LibraryManagementApi.Controllers.BookController - Adding a new book...
2024-09-24 12:44:27,090 INFO  LibraryManagementApi.Controllers.BookController - Book 'Adventures in Wonderland' added successfully
2024-09-24 12:44:42,618 INFO  LibraryManagementApi.Controllers.BookController - Adding a new book...
2024-09-24 12:44:42,640 INFO  LibraryManagementApi.Controllers.BookController - Book 'The Little Explorers' added successfully
2024-09-24 12:46:40,441 INFO  LibraryManagementApi.Controllers.BorrowedBookController - Adding a new borrowed book...
2024-09-24 12:46:40,650 INFO  LibraryManagementApi.Controllers.BorrowedBookController - Borrowed book added successfully with ID: 1
2024-09-24 12:47:04,490 INFO  LibraryManagementApi.Controllers.BookController - Fetching all books...
2024-09-24 12:47:04,501 INFO  LibraryManagementApi.Controllers.BookController - Books retrieved successfully
2024-09-24 12:48:33,905 INFO  LibraryManagementApi.Controllers.EventController - Adding a new event...
2024-09-24 12:48:33,940 INFO  LibraryManagementApi.Controllers.EventController - Event 'Art class' added successfully
2024-09-24 12:49:26,942 INFO  LibraryManagementApi.Controllers.ReviewController - Creating a new review...
2024-09-24 12:49:26,976 INFO  LibraryManagementApi.Controllers.ReviewController - Review for book ID 3 created successfully
2024-09-24 14:59:57,794 INFO  LibraryManagementApi.Controllers.ReservationController - Fetching count of active reservations...
2024-09-24 14:59:57,862 INFO  LibraryManagementApi.Controllers.ReservationController - Active reservations count: 0
2024-09-24 15:00:21,426 INFO  LibraryManagementApi.Controllers.UserController - Fetching all regular users...
2024-09-24 15:00:21,489 INFO  LibraryManagementApi.Controllers.UserController - Regular users fetched successfully
2024-09-24 15:00:29,692 INFO  LibraryManagementApi.Controllers.UserController - Fetching the total number of users...
2024-09-24 15:00:29,724 INFO  LibraryManagementApi.Controllers.UserController - Total number of users: 2
2024-09-24 15:05:55,508 INFO  LibraryManagementApi.Controllers.ReservationController - Fetching count of active reservations...
2024-09-24 15:05:55,512 INFO  LibraryManagementApi.Controllers.UserController - Fetching the total number of users...
2024-09-24 15:05:55,566 INFO  LibraryManagementApi.Controllers.UserController - Fetching all users...
2024-09-24 15:05:55,598 INFO  LibraryManagementApi.Controllers.ReservationController - Active reservations count: 0
2024-09-24 15:05:55,635 INFO  LibraryManagementApi.Controllers.UserController - Total number of users: 2
2024-09-24 15:05:55,648 INFO  LibraryManagementApi.Controllers.ReservationController - Fetching count of active reservations...
2024-09-24 15:05:55,679 INFO  LibraryManagementApi.Controllers.UserController - Fetching the total number of users...
2024-09-24 15:05:55,744 INFO  LibraryManagementApi.Controllers.UserController - Users fetched successfully
2024-09-24 15:05:55,877 INFO  LibraryManagementApi.Controllers.ReservationController - Active reservations count: 0
2024-09-24 15:05:55,904 INFO  LibraryManagementApi.Controllers.UserController - Total number of users: 2
2024-09-24 15:05:55,908 INFO  LibraryManagementApi.Controllers.UserController - Fetching all users...
2024-09-24 15:05:55,962 INFO  LibraryManagementApi.Controllers.UserController - Users fetched successfully
2024-09-24 15:06:21,089 INFO  LibraryManagementApi.Controllers.UserController - Fetching the total number of users...
2024-09-24 15:06:21,090 INFO  LibraryManagementApi.Controllers.UserController - Fetching all users...
2024-09-24 15:06:21,113 INFO  LibraryManagementApi.Controllers.ReservationController - Fetching count of active reservations...
2024-09-24 15:06:21,125 INFO  LibraryManagementApi.Controllers.UserController - Total number of users: 2
2024-09-24 15:06:21,158 INFO  LibraryManagementApi.Controllers.UserController - Users fetched successfully
2024-09-24 15:06:21,194 INFO  LibraryManagementApi.Controllers.UserController - Fetching the total number of users...
2024-09-24 15:06:21,199 INFO  LibraryManagementApi.Controllers.UserController - Fetching all users...
2024-09-24 15:06:21,246 INFO  LibraryManagementApi.Controllers.ReservationController - Active reservations count: 0
2024-09-24 15:06:21,251 INFO  LibraryManagementApi.Controllers.UserController - Users fetched successfully
2024-09-24 15:06:21,260 INFO  LibraryManagementApi.Controllers.ReservationController - Fetching count of active reservations...
2024-09-24 15:06:21,312 INFO  LibraryManagementApi.Controllers.UserController - Total number of users: 2
2024-09-24 15:06:21,336 INFO  LibraryManagementApi.Controllers.ReservationController - Active reservations count: 0
2024-09-24 15:07:56,236 INFO  LibraryManagementApi.Controllers.UserController - Fetching the total number of users...
2024-09-24 15:07:56,242 INFO  LibraryManagementApi.Controllers.ReservationController - Fetching count of active reservations...
2024-09-24 15:07:56,272 INFO  LibraryManagementApi.Controllers.UserController - Fetching all users...
2024-09-24 15:07:56,278 INFO  LibraryManagementApi.Controllers.UserController - Total number of users: 2
2024-09-24 15:07:56,318 INFO  LibraryManagementApi.Controllers.UserController - Fetching the total number of users...
2024-09-24 15:07:56,321 INFO  LibraryManagementApi.Controllers.ReservationController - Active reservations count: 0
2024-09-24 15:07:56,408 INFO  LibraryManagementApi.Controllers.UserController - Total number of users: 2
2024-09-24 15:07:56,416 INFO  LibraryManagementApi.Controllers.UserController - Users fetched successfully
2024-09-24 15:07:56,437 INFO  LibraryManagementApi.Controllers.ReservationController - Fetching count of active reservations...
2024-09-24 15:07:56,452 INFO  LibraryManagementApi.Controllers.UserController - Fetching all users...
2024-09-24 15:07:56,503 INFO  LibraryManagementApi.Controllers.UserController - Users fetched successfully
2024-09-24 15:07:56,511 INFO  LibraryManagementApi.Controllers.ReservationController - Active reservations count: 0
2024-09-24 15:08:59,312 INFO  LibraryManagementApi.Controllers.UserController - Fetching all users...
2024-09-24 15:08:59,345 INFO  LibraryManagementApi.Controllers.UserController - Users fetched successfully
2024-09-24 15:10:41,878 INFO  LibraryManagementApi.Controllers.UserController - Fetching all users...
2024-09-24 15:10:41,878 INFO  LibraryManagementApi.Controllers.ReservationController - Fetching count of active reservations...
2024-09-24 15:10:41,914 INFO  LibraryManagementApi.Controllers.UserController - Fetching the total number of users...
2024-09-24 15:10:41,958 INFO  LibraryManagementApi.Controllers.ReservationController - Active reservations count: 0
2024-09-24 15:10:41,992 INFO  LibraryManagementApi.Controllers.UserController - Users fetched successfully
2024-09-24 15:10:42,015 INFO  LibraryManagementApi.Controllers.UserController - Total number of users: 2
2024-09-24 15:12:16,287 INFO  LibraryManagementApi.Controllers.UserController - Fetching the total number of users...
2024-09-24 15:12:16,322 INFO  LibraryManagementApi.Controllers.UserController - Total number of users: 2
2024-09-24 15:12:46,991 INFO  LibraryManagementApi.Controllers.UserController - Fetching all users...
2024-09-24 15:12:46,993 INFO  LibraryManagementApi.Controllers.ReservationController - Fetching count of active reservations...
2024-09-24 15:12:47,002 INFO  LibraryManagementApi.Controllers.UserController - Fetching the total number of users...
2024-09-24 15:12:47,044 INFO  LibraryManagementApi.Controllers.ReservationController - Active reservations count: 0
2024-09-24 15:12:47,083 INFO  LibraryManagementApi.Controllers.UserController - Users fetched successfully
2024-09-24 15:12:47,102 INFO  LibraryManagementApi.Controllers.UserController - Total number of users: 2
2024-09-24 15:13:11,957 INFO  LibraryManagementApi.Controllers.UserController - Fetching the total number of users...
2024-09-24 15:13:11,995 INFO  LibraryManagementApi.Controllers.ReservationController - Fetching count of active reservations...
2024-09-24 15:13:12,016 INFO  LibraryManagementApi.Controllers.UserController - Total number of users: 2
2024-09-24 15:13:12,043 INFO  LibraryManagementApi.Controllers.UserController - Fetching all users...
2024-09-24 15:13:12,064 INFO  LibraryManagementApi.Controllers.UserController - Users fetched successfully
2024-09-24 15:13:12,064 INFO  LibraryManagementApi.Controllers.ReservationController - Active reservations count: 0
2024-09-24 15:13:12,082 INFO  LibraryManagementApi.Controllers.UserController - Fetching the total number of users...
2024-09-24 15:13:12,138 INFO  LibraryManagementApi.Controllers.UserController - Total number of users: 2
2024-09-24 15:13:12,157 INFO  LibraryManagementApi.Controllers.UserController - Fetching all users...
2024-09-24 15:13:12,160 INFO  LibraryManagementApi.Controllers.ReservationController - Fetching count of active reservations...
2024-09-24 15:13:12,193 INFO  LibraryManagementApi.Controllers.UserController - Users fetched successfully
2024-09-24 15:13:12,200 INFO  LibraryManagementApi.Controllers.ReservationController - Active reservations count: 0
2024-09-24 15:18:51,045 INFO  LibraryManagementApi.Controllers.UserController - Fetching the total number of users...
2024-09-24 15:18:51,096 INFO  LibraryManagementApi.Controllers.ReservationController - Fetching count of active reservations...
2024-09-24 15:18:51,102 INFO  LibraryManagementApi.Controllers.UserController - Fetching all users...
2024-09-24 15:18:51,109 INFO  LibraryManagementApi.Controllers.UserController - Total number of users: 2
2024-09-24 15:18:51,120 INFO  LibraryManagementApi.Controllers.UserController - Fetching the total number of users...
2024-09-24 15:18:51,227 INFO  LibraryManagementApi.Controllers.ReservationController - Active reservations count: 0
2024-09-24 15:18:51,233 INFO  LibraryManagementApi.Controllers.UserController - Total number of users: 2
2024-09-24 15:18:51,242 INFO  LibraryManagementApi.Controllers.UserController - Users fetched successfully
2024-09-24 15:18:51,251 INFO  LibraryManagementApi.Controllers.ReservationController - Fetching count of active reservations...
2024-09-24 15:18:51,260 INFO  LibraryManagementApi.Controllers.UserController - Fetching all users...
2024-09-24 15:18:51,307 INFO  LibraryManagementApi.Controllers.UserController - Users fetched successfully
2024-09-24 15:18:51,326 INFO  LibraryManagementApi.Controllers.ReservationController - Active reservations count: 0
2024-09-24 15:19:44,562 INFO  LibraryManagementApi.Controllers.UserController - Fetching the total number of users...
2024-09-24 15:19:44,562 INFO  LibraryManagementApi.Controllers.ReservationController - Fetching count of active reservations...
2024-09-24 15:19:44,676 INFO  LibraryManagementApi.Controllers.UserController - Total number of users: 2
2024-09-24 15:19:44,693 INFO  LibraryManagementApi.Controllers.UserController - Fetching the total number of users...
2024-09-24 15:19:44,727 INFO  LibraryManagementApi.Controllers.UserController - Total number of users: 2
2024-09-24 15:19:44,863 INFO  LibraryManagementApi.Controllers.ReservationController - Active reservations count: 0
2024-09-24 15:19:44,872 INFO  LibraryManagementApi.Controllers.ReservationController - Fetching count of active reservations...
2024-09-24 15:19:44,906 INFO  LibraryManagementApi.Controllers.ReservationController - Active reservations count: 0
2024-09-24 15:20:22,188 INFO  LibraryManagementApi.Controllers.UserController - Fetching the total number of users...
2024-09-24 15:20:22,190 INFO  LibraryManagementApi.Controllers.ReservationController - Fetching count of active reservations...
2024-09-24 15:20:22,239 INFO  LibraryManagementApi.Controllers.UserController - Total number of users: 2
2024-09-24 15:20:22,276 INFO  LibraryManagementApi.Controllers.ReservationController - Active reservations count: 0
2024-09-24 15:20:22,277 INFO  LibraryManagementApi.Controllers.UserController - Fetching all users...
2024-09-24 15:20:22,300 INFO  LibraryManagementApi.Controllers.UserController - Fetching the total number of users...
2024-09-24 15:20:22,301 INFO  LibraryManagementApi.Controllers.ReservationController - Fetching count of active reservations...
2024-09-24 15:20:22,319 INFO  LibraryManagementApi.Controllers.UserController - Users fetched successfully
2024-09-24 15:20:22,337 INFO  LibraryManagementApi.Controllers.UserController - Total number of users: 2
2024-09-24 15:20:22,360 INFO  LibraryManagementApi.Controllers.UserController - Fetching all users...
2024-09-24 15:20:22,363 INFO  LibraryManagementApi.Controllers.ReservationController - Active reservations count: 0
2024-09-24 15:20:22,381 INFO  LibraryManagementApi.Controllers.UserController - Users fetched successfully
2024-09-24 15:25:57,362 INFO  LibraryManagementApi.Controllers.UserController - Fetching the total number of users...
2024-09-24 15:25:57,375 INFO  LibraryManagementApi.Controllers.ReservationController - Fetching count of active reservations...
2024-09-24 15:25:57,420 INFO  LibraryManagementApi.Controllers.UserController - Fetching all users...
2024-09-24 15:25:57,445 INFO  LibraryManagementApi.Controllers.UserController - Total number of users: 2
2024-09-24 15:25:57,456 INFO  LibraryManagementApi.Controllers.ReservationController - Active reservations count: 0
2024-09-24 15:25:57,490 INFO  LibraryManagementApi.Controllers.UserController - Users fetched successfully
2024-09-24 15:26:49,065 INFO  LibraryManagementApi.Controllers.UserController - Fetching the total number of users...
2024-09-24 15:26:49,106 INFO  LibraryManagementApi.Controllers.UserController - Fetching all users...
2024-09-24 15:26:49,116 INFO  LibraryManagementApi.Controllers.ReservationController - Fetching count of active reservations...
2024-09-24 15:26:49,156 INFO  LibraryManagementApi.Controllers.UserController - Total number of users: 2
2024-09-24 15:26:49,219 INFO  LibraryManagementApi.Controllers.ReservationController - Active reservations count: 0
2024-09-24 15:26:49,226 INFO  LibraryManagementApi.Controllers.UserController - Users fetched successfully
2024-09-24 15:30:15,350 INFO  LibraryManagementApi.Controllers.ReservationController - Fetching count of active reservations...
2024-09-24 15:30:15,353 INFO  LibraryManagementApi.Controllers.UserController - Fetching all users...
2024-09-24 15:30:15,354 INFO  LibraryManagementApi.Controllers.UserController - Fetching the total number of users...
2024-09-24 15:30:15,422 INFO  LibraryManagementApi.Controllers.UserController - Users fetched successfully
2024-09-24 15:30:15,446 INFO  LibraryManagementApi.Controllers.ReservationController - Active reservations count: 0
2024-09-24 15:30:15,576 INFO  LibraryManagementApi.Controllers.UserController - Total number of users: 2
2024-09-24 15:33:16,332 INFO  LibraryManagementApi.Controllers.UserController - Fetching the total number of users...
2024-09-24 15:33:16,354 INFO  LibraryManagementApi.Controllers.ReservationController - Fetching count of active reservations...
2024-09-24 15:33:16,382 INFO  LibraryManagementApi.Controllers.UserController - Fetching all users...
2024-09-24 15:33:16,394 INFO  LibraryManagementApi.Controllers.UserController - Total number of users: 2
2024-09-24 15:33:16,429 INFO  LibraryManagementApi.Controllers.ReservationController - Active reservations count: 0
2024-09-24 15:33:16,456 INFO  LibraryManagementApi.Controllers.UserController - Users fetched successfully
2024-09-24 15:33:54,183 INFO  LibraryManagementApi.Controllers.UserController - Fetching all users...
2024-09-24 15:33:54,184 INFO  LibraryManagementApi.Controllers.UserController - Fetching the total number of users...
2024-09-24 15:33:54,195 INFO  LibraryManagementApi.Controllers.ReservationController - Fetching count of active reservations...
2024-09-24 15:33:54,214 INFO  LibraryManagementApi.Controllers.UserController - Total number of users: 2
2024-09-24 15:33:54,252 INFO  LibraryManagementApi.Controllers.ReservationController - Active reservations count: 0
2024-09-24 15:33:54,262 INFO  LibraryManagementApi.Controllers.UserController - Users fetched successfully
2024-09-24 15:34:29,301 INFO  LibraryManagementApi.Controllers.UserController - Fetching the total number of users...
2024-09-24 15:34:29,308 INFO  LibraryManagementApi.Controllers.ReservationController - Fetching count of active reservations...
2024-09-24 15:34:29,367 INFO  LibraryManagementApi.Controllers.ReservationController - Active reservations count: 0
2024-09-24 15:34:29,496 INFO  LibraryManagementApi.Controllers.UserController - Total number of users: 2
2024-09-24 15:34:29,523 INFO  LibraryManagementApi.Controllers.UserController - Fetching all users...
2024-09-24 15:34:29,567 INFO  LibraryManagementApi.Controllers.UserController - Users fetched successfully
2024-09-24 15:36:19,544 INFO  LibraryManagementApi.Controllers.UserController - Updating user with ID: 2
2024-09-24 15:36:20,174 INFO  LibraryManagementApi.Controllers.UserController - User with ID 2 updated successfully
2024-09-24 15:38:18,363 INFO  LibraryManagementApi.Controllers.ReservationController - Fetching count of active reservations...
2024-09-24 15:38:18,390 INFO  LibraryManagementApi.Controllers.UserController - Fetching the total number of users...
2024-09-24 15:38:18,427 INFO  LibraryManagementApi.Controllers.UserController - Fetching all users...
2024-09-24 15:38:18,468 INFO  LibraryManagementApi.Controllers.ReservationController - Active reservations count: 0
2024-09-24 15:38:18,489 INFO  LibraryManagementApi.Controllers.UserController - Total number of users: 2
2024-09-24 15:38:18,547 INFO  LibraryManagementApi.Controllers.UserController - Fetching the total number of users...
2024-09-24 15:38:18,592 INFO  LibraryManagementApi.Controllers.ReservationController - Fetching count of active reservations...
2024-09-24 15:38:18,606 INFO  LibraryManagementApi.Controllers.UserController - Total number of users: 2
2024-09-24 15:38:18,618 INFO  LibraryManagementApi.Controllers.UserController - Users fetched successfully
2024-09-24 15:38:18,698 INFO  LibraryManagementApi.Controllers.ReservationController - Active reservations count: 0
2024-09-24 15:38:18,709 INFO  LibraryManagementApi.Controllers.UserController - Fetching all users...
2024-09-24 15:38:18,765 INFO  LibraryManagementApi.Controllers.UserController - Users fetched successfully
2024-09-24 15:40:13,307 INFO  LibraryManagementApi.Controllers.UserController - Fetching the total number of users...
2024-09-24 15:40:13,335 INFO  LibraryManagementApi.Controllers.ReservationController - Fetching count of active reservations...
2024-09-24 15:40:13,431 INFO  LibraryManagementApi.Controllers.UserController - Total number of users: 2
2024-09-24 15:40:13,443 INFO  LibraryManagementApi.Controllers.ReservationController - Active reservations count: 0
2024-09-24 15:40:13,449 INFO  LibraryManagementApi.Controllers.UserController - Fetching all users...
2024-09-24 15:40:13,528 INFO  LibraryManagementApi.Controllers.UserController - Fetching the total number of users...
2024-09-24 15:40:13,530 INFO  LibraryManagementApi.Controllers.ReservationController - Fetching count of active reservations...
2024-09-24 15:40:13,547 INFO  LibraryManagementApi.Controllers.UserController - Users fetched successfully
2024-09-24 15:40:13,572 INFO  LibraryManagementApi.Controllers.UserController - Total number of users: 2
2024-09-24 15:40:13,594 INFO  LibraryManagementApi.Controllers.ReservationController - Active reservations count: 0
2024-09-24 15:40:13,647 INFO  LibraryManagementApi.Controllers.UserController - Fetching all users...
2024-09-24 15:40:13,733 INFO  LibraryManagementApi.Controllers.UserController - Users fetched successfully
2024-09-24 15:46:18,684 INFO  LibraryManagementApi.Controllers.UserController - Fetching the total number of users...
2024-09-24 15:46:18,706 INFO  LibraryManagementApi.Controllers.UserController - Fetching all users...
2024-09-24 15:46:18,711 INFO  LibraryManagementApi.Controllers.ReservationController - Fetching count of active reservations...
2024-09-24 15:46:18,715 INFO  LibraryManagementApi.Controllers.UserController - Total number of users: 2
2024-09-24 15:46:18,805 INFO  LibraryManagementApi.Controllers.UserController - Fetching the total number of users...
2024-09-24 15:46:18,831 INFO  LibraryManagementApi.Controllers.ReservationController - Active reservations count: 0
2024-09-24 15:46:18,858 INFO  LibraryManagementApi.Controllers.UserController - Total number of users: 2
2024-09-24 15:46:18,869 INFO  LibraryManagementApi.Controllers.UserController - Users fetched successfully
2024-09-24 15:46:18,906 INFO  LibraryManagementApi.Controllers.UserController - Fetching all users...
2024-09-24 15:46:18,916 INFO  LibraryManagementApi.Controllers.ReservationController - Fetching count of active reservations...
2024-09-24 15:46:18,977 INFO  LibraryManagementApi.Controllers.UserController - Users fetched successfully
2024-09-24 15:46:18,995 INFO  LibraryManagementApi.Controllers.ReservationController - Active reservations count: 0
2024-09-24 15:50:15,715 INFO  LibraryManagementApi.Controllers.UserController - Fetching all users...
2024-09-24 15:50:15,715 INFO  LibraryManagementApi.Controllers.ReservationController - Fetching count of active reservations...
2024-09-24 15:50:15,715 INFO  LibraryManagementApi.Controllers.UserController - Fetching the total number of users...
2024-09-24 15:50:15,812 INFO  LibraryManagementApi.Controllers.UserController - Total number of users: 2
2024-09-24 15:50:15,837 INFO  LibraryManagementApi.Controllers.UserController - Users fetched successfully
2024-09-24 15:50:15,841 INFO  LibraryManagementApi.Controllers.UserController - Fetching the total number of users...
2024-09-24 15:50:15,931 INFO  LibraryManagementApi.Controllers.ReservationController - Active reservations count: 0
2024-09-24 15:50:15,946 INFO  LibraryManagementApi.Controllers.UserController - Total number of users: 2
2024-09-24 15:50:16,017 INFO  LibraryManagementApi.Controllers.ReservationController - Fetching count of active reservations...
2024-09-24 15:50:16,017 INFO  LibraryManagementApi.Controllers.UserController - Fetching all users...
2024-09-24 15:50:16,068 INFO  LibraryManagementApi.Controllers.UserController - Users fetched successfully
2024-09-24 15:50:16,088 INFO  LibraryManagementApi.Controllers.ReservationController - Active reservations count: 0
2024-09-24 16:10:00,567 INFO  LibraryManagementApi.Controllers.UserController - Fetching the total number of users...
2024-09-24 16:10:00,718 INFO  LibraryManagementApi.Controllers.ReservationController - Fetching count of active reservations...
2024-09-24 16:10:00,745 INFO  LibraryManagementApi.Controllers.UserController - Total number of users: 2
2024-09-24 16:10:00,856 INFO  LibraryManagementApi.Controllers.UserController - Fetching all users...
2024-09-24 16:10:00,866 INFO  LibraryManagementApi.Controllers.UserController - Fetching the total number of users...
2024-09-24 16:10:00,997 INFO  LibraryManagementApi.Controllers.UserController - Users fetched successfully
2024-09-24 16:10:01,021 INFO  LibraryManagementApi.Controllers.ReservationController - Active reservations count: 0
2024-09-24 16:10:01,035 INFO  LibraryManagementApi.Controllers.UserController - Fetching all users...
2024-09-24 16:10:01,058 INFO  LibraryManagementApi.Controllers.ReservationController - Fetching count of active reservations...
2024-09-24 16:10:01,210 INFO  LibraryManagementApi.Controllers.ReservationController - Active reservations count: 0
2024-09-24 16:10:01,249 INFO  LibraryManagementApi.Controllers.UserController - Users fetched successfully
2024-09-24 16:10:01,326 INFO  LibraryManagementApi.Controllers.UserController - Total number of users: 2
2024-09-24 16:13:36,946 INFO  LibraryManagementApi.Controllers.UserController - Fetching the total number of users...
2024-09-24 16:13:36,962 INFO  LibraryManagementApi.Controllers.UserController - Fetching all users...
2024-09-24 16:13:37,010 INFO  LibraryManagementApi.Controllers.ReservationController - Fetching count of active reservations...
2024-09-24 16:13:37,149 INFO  LibraryManagementApi.Controllers.UserController - Total number of users: 2
2024-09-24 16:13:37,203 INFO  LibraryManagementApi.Controllers.UserController - Users fetched successfully
2024-09-24 16:13:37,297 INFO  LibraryManagementApi.Controllers.ReservationController - Active reservations count: 0
2024-09-24 16:15:14,726 INFO  LibraryManagementApi.Controllers.UserController - Fetching the total number of users...
2024-09-24 16:15:14,971 INFO  LibraryManagementApi.Controllers.UserController - Fetching all users...
2024-09-24 16:15:14,994 INFO  LibraryManagementApi.Controllers.ReservationController - Fetching count of active reservations...
2024-09-24 16:15:15,049 INFO  LibraryManagementApi.Controllers.UserController - Total number of users: 2
2024-09-24 16:15:15,208 INFO  LibraryManagementApi.Controllers.ReservationController - Active reservations count: 0
2024-09-24 16:15:15,244 INFO  LibraryManagementApi.Controllers.UserController - Users fetched successfully
2024-09-24 16:18:43,797 INFO  LibraryManagementApi.Controllers.UserController - Fetching the total number of users...
2024-09-24 16:18:43,837 INFO  LibraryManagementApi.Controllers.UserController - Fetching all users...
2024-09-24 16:18:43,849 INFO  LibraryManagementApi.Controllers.ReservationController - Fetching count of active reservations...
2024-09-24 16:18:44,148 INFO  LibraryManagementApi.Controllers.UserController - Total number of users: 2
2024-09-24 16:18:44,243 INFO  LibraryManagementApi.Controllers.UserController - Users fetched successfully
2024-09-24 16:18:44,269 INFO  LibraryManagementApi.Controllers.ReservationController - Active reservations count: 0
2024-09-24 16:18:44,340 INFO  LibraryManagementApi.Controllers.UserController - Fetching the total number of users...
2024-09-24 16:18:44,369 INFO  LibraryManagementApi.Controllers.ReservationController - Fetching count of active reservations...
2024-09-24 16:18:44,405 INFO  LibraryManagementApi.Controllers.UserController - Fetching all users...
2024-09-24 16:18:44,507 INFO  LibraryManagementApi.Controllers.ReservationController - Active reservations count: 0
2024-09-24 16:18:44,543 INFO  LibraryManagementApi.Controllers.UserController - Users fetched successfully
2024-09-24 16:18:44,553 INFO  LibraryManagementApi.Controllers.UserController - Total number of users: 2
2024-09-24 16:21:04,458 INFO  LibraryManagementApi.Controllers.UserController - Fetching the total number of users...
2024-09-24 16:21:04,590 INFO  LibraryManagementApi.Controllers.UserController - Fetching all users...
2024-09-24 16:21:04,665 INFO  LibraryManagementApi.Controllers.ReservationController - Fetching count of active reservations...
2024-09-24 16:21:04,669 INFO  LibraryManagementApi.Controllers.UserController - Total number of users: 2
2024-09-24 16:21:04,735 INFO  LibraryManagementApi.Controllers.UserController - Users fetched successfully
2024-09-24 16:21:04,816 INFO  LibraryManagementApi.Controllers.UserController - Fetching the total number of users...
2024-09-24 16:21:04,832 INFO  LibraryManagementApi.Controllers.UserController - Fetching all users...
2024-09-24 16:21:04,862 INFO  LibraryManagementApi.Controllers.ReservationController - Active reservations count: 0
2024-09-24 16:21:04,906 INFO  LibraryManagementApi.Controllers.UserController - Total number of users: 2
2024-09-24 16:21:04,923 INFO  LibraryManagementApi.Controllers.ReservationController - Fetching count of active reservations...
2024-09-24 16:21:04,985 INFO  LibraryManagementApi.Controllers.UserController - Users fetched successfully
2024-09-24 16:21:05,092 INFO  LibraryManagementApi.Controllers.ReservationController - Active reservations count: 0
2024-09-24 16:22:27,263 INFO  LibraryManagementApi.Controllers.UserController - Fetching the total number of users...
2024-09-24 16:22:27,271 INFO  LibraryManagementApi.Controllers.ReservationController - Fetching count of active reservations...
2024-09-24 16:22:27,335 INFO  LibraryManagementApi.Controllers.ReservationController - Active reservations count: 0
2024-09-24 16:22:27,350 INFO  LibraryManagementApi.Controllers.UserController - Total number of users: 2
2024-09-24 16:22:27,364 INFO  LibraryManagementApi.Controllers.ReservationController - Fetching count of active reservations...
2024-09-24 16:22:27,375 INFO  LibraryManagementApi.Controllers.UserController - Fetching the total number of users...
2024-09-24 16:22:27,392 INFO  LibraryManagementApi.Controllers.ReservationController - Active reservations count: 0
2024-09-24 16:22:27,401 INFO  LibraryManagementApi.Controllers.UserController - Total number of users: 2
2024-09-24 16:22:27,420 INFO  LibraryManagementApi.Controllers.UserController - Fetching all users...
2024-09-24 16:22:27,428 INFO  LibraryManagementApi.Controllers.UserController - Users fetched successfully
2024-09-24 16:22:27,432 INFO  LibraryManagementApi.Controllers.UserController - Fetching all users...
2024-09-24 16:22:27,440 INFO  LibraryManagementApi.Controllers.UserController - Users fetched successfully
2024-09-24 16:24:17,398 INFO  LibraryManagementApi.Controllers.UserController - Fetching the total number of users...
2024-09-24 16:24:17,419 INFO  LibraryManagementApi.Controllers.ReservationController - Fetching count of active reservations...
2024-09-24 16:24:17,483 INFO  LibraryManagementApi.Controllers.UserController - Total number of users: 2
2024-09-24 16:24:17,493 INFO  LibraryManagementApi.Controllers.ReservationController - Active reservations count: 0
2024-09-24 16:24:17,500 INFO  LibraryManagementApi.Controllers.UserController - Fetching the total number of users...
2024-09-24 16:24:17,538 INFO  LibraryManagementApi.Controllers.ReservationController - Fetching count of active reservations...
2024-09-24 16:24:17,555 INFO  LibraryManagementApi.Controllers.UserController - Total number of users: 2
2024-09-24 16:24:17,581 INFO  LibraryManagementApi.Controllers.ReservationController - Active reservations count: 0
2024-09-24 16:24:17,623 INFO  LibraryManagementApi.Controllers.UserController - Fetching all users...
2024-09-24 16:24:17,639 INFO  LibraryManagementApi.Controllers.UserController - Users fetched successfully
2024-09-24 16:24:17,649 INFO  LibraryManagementApi.Controllers.UserController - Fetching all users...
2024-09-24 16:24:17,668 INFO  LibraryManagementApi.Controllers.UserController - Users fetched successfully
2024-09-24 16:24:44,111 INFO  LibraryManagementApi.Controllers.UserController - Deleting user with ID: 2
2024-09-24 16:24:46,032 INFO  LibraryManagementApi.Controllers.UserController - Deleting user with ID: 2
2024-09-24 16:24:46,593 INFO  LibraryManagementApi.Controllers.UserController - Deleting user with ID: 2
2024-09-24 16:24:49,614 INFO  LibraryManagementApi.Controllers.UserController - Deleting user with ID: 2
2024-09-24 16:26:38,271 INFO  LibraryManagementApi.Controllers.UserController - Deleting user with ID: 2
2024-09-24 16:31:40,262 INFO  LibraryManagementApi.Controllers.UserController - Fetching the total number of users...
2024-09-24 16:31:40,285 INFO  LibraryManagementApi.Controllers.ReservationController - Fetching count of active reservations...
2024-09-24 16:31:40,338 INFO  LibraryManagementApi.Controllers.UserController - Total number of users: 2
2024-09-24 16:31:40,354 INFO  LibraryManagementApi.Controllers.ReservationController - Active reservations count: 0
2024-09-24 16:31:40,361 INFO  LibraryManagementApi.Controllers.UserController - Fetching all users...
2024-09-24 16:31:40,369 INFO  LibraryManagementApi.Controllers.UserController - Users fetched successfully
2024-09-24 16:40:01,886 INFO  LibraryManagementApi.Controllers.UserController - Fetching the total number of users...
2024-09-24 16:40:01,887 INFO  LibraryManagementApi.Controllers.ReservationController - Fetching count of active reservations...
2024-09-24 16:40:01,924 INFO  LibraryManagementApi.Controllers.UserController - Total number of users: 2
2024-09-24 16:40:01,938 INFO  LibraryManagementApi.Controllers.ReservationController - Active reservations count: 0
2024-09-24 16:40:01,952 INFO  LibraryManagementApi.Controllers.UserController - Fetching the total number of users...
2024-09-24 16:40:01,960 INFO  LibraryManagementApi.Controllers.ReservationController - Fetching count of active reservations...
2024-09-24 16:40:01,967 INFO  LibraryManagementApi.Controllers.UserController - Total number of users: 2
2024-09-24 16:40:01,978 INFO  LibraryManagementApi.Controllers.ReservationController - Active reservations count: 0
2024-09-24 16:40:40,116 INFO  LibraryManagementApi.Controllers.UserController - Fetching the total number of users...
2024-09-24 16:40:40,116 INFO  LibraryManagementApi.Controllers.ReservationController - Fetching count of active reservations...
2024-09-24 16:40:40,126 INFO  LibraryManagementApi.Controllers.ReservationController - Active reservations count: 0
2024-09-24 16:40:40,145 INFO  LibraryManagementApi.Controllers.UserController - Total number of users: 2
2024-09-24 16:40:40,168 INFO  LibraryManagementApi.Controllers.ReservationController - Fetching count of active reservations...
2024-09-24 16:40:40,174 INFO  LibraryManagementApi.Controllers.UserController - Fetching the total number of users...
2024-09-24 16:40:40,208 INFO  LibraryManagementApi.Controllers.ReservationController - Active reservations count: 0
2024-09-24 16:40:40,214 INFO  LibraryManagementApi.Controllers.UserController - Total number of users: 2
2024-09-24 16:49:40,554 INFO  LibraryManagementApi.Controllers.ReservationController - Fetching count of active reservations...
2024-09-24 16:49:40,554 INFO  LibraryManagementApi.Controllers.UserController - Fetching the total number of users...
2024-09-24 16:49:40,613 INFO  LibraryManagementApi.Controllers.ReservationController - Active reservations count: 0
2024-09-24 16:49:40,621 INFO  LibraryManagementApi.Controllers.ReservationController - Fetching count of active reservations...
2024-09-24 16:49:40,622 INFO  LibraryManagementApi.Controllers.UserController - Total number of users: 2
2024-09-24 16:49:40,631 INFO  LibraryManagementApi.Controllers.UserController - Fetching the total number of users...
2024-09-24 16:49:40,638 INFO  LibraryManagementApi.Controllers.ReservationController - Active reservations count: 0
2024-09-24 16:49:40,644 INFO  LibraryManagementApi.Controllers.UserController - Total number of users: 2
2024-09-24 16:52:53,130 INFO  LibraryManagementApi.Controllers.UserController - Fetching the total number of users...
2024-09-24 16:52:53,130 INFO  LibraryManagementApi.Controllers.ReservationController - Fetching count of active reservations...
2024-09-24 16:52:53,275 INFO  LibraryManagementApi.Controllers.UserController - Total number of users: 2
2024-09-24 16:52:53,275 INFO  LibraryManagementApi.Controllers.ReservationController - Active reservations count: 0
2024-09-24 16:52:53,292 INFO  LibraryManagementApi.Controllers.ReservationController - Fetching count of active reservations...
2024-09-24 16:52:53,299 INFO  LibraryManagementApi.Controllers.UserController - Fetching the total number of users...
2024-09-24 16:52:53,322 INFO  LibraryManagementApi.Controllers.ReservationController - Active reservations count: 0
2024-09-24 16:52:53,335 INFO  LibraryManagementApi.Controllers.UserController - Total number of users: 2
2024-09-24 16:52:53,363 INFO  LibraryManagementApi.Controllers.UserController - Fetching all users...
2024-09-24 16:52:53,407 INFO  LibraryManagementApi.Controllers.UserController - Users fetched successfully
2024-09-24 16:52:53,477 INFO  LibraryManagementApi.Controllers.UserController - Fetching all users...
2024-09-24 16:52:53,489 INFO  LibraryManagementApi.Controllers.UserController - Users fetched successfully
2024-09-24 16:53:43,273 INFO  LibraryManagementApi.Controllers.UserController - Fetching the total number of users...
2024-09-24 16:53:43,318 INFO  LibraryManagementApi.Controllers.UserController - Total number of users: 2
2024-09-24 16:53:43,322 INFO  LibraryManagementApi.Controllers.ReservationController - Fetching count of active reservations...
2024-09-24 16:53:43,374 INFO  LibraryManagementApi.Controllers.ReservationController - Active reservations count: 0
2024-09-24 16:53:43,393 INFO  LibraryManagementApi.Controllers.UserController - Fetching the total number of users...
2024-09-24 16:53:43,448 INFO  LibraryManagementApi.Controllers.UserController - Total number of users: 2
2024-09-24 16:53:43,458 INFO  LibraryManagementApi.Controllers.ReservationController - Fetching count of active reservations...
2024-09-24 16:53:43,485 INFO  LibraryManagementApi.Controllers.ReservationController - Active reservations count: 0
2024-09-24 16:53:43,511 INFO  LibraryManagementApi.Controllers.UserController - Fetching all users...
2024-09-24 16:53:43,528 INFO  LibraryManagementApi.Controllers.UserController - Users fetched successfully
2024-09-24 16:53:43,533 INFO  LibraryManagementApi.Controllers.UserController - Fetching all users...
2024-09-24 16:53:43,545 INFO  LibraryManagementApi.Controllers.UserController - Users fetched successfully
2024-09-24 16:57:07,257 INFO  LibraryManagementApi.Controllers.UserController - Fetching the total number of users...
2024-09-24 16:57:07,258 INFO  LibraryManagementApi.Controllers.ReservationController - Fetching count of active reservations...
2024-09-24 16:57:07,313 INFO  LibraryManagementApi.Controllers.UserController - Total number of users: 2
2024-09-24 16:57:07,320 INFO  LibraryManagementApi.Controllers.ReservationController - Active reservations count: 0
2024-09-24 16:57:07,332 INFO  LibraryManagementApi.Controllers.UserController - Fetching all users...
2024-09-24 16:57:07,340 INFO  LibraryManagementApi.Controllers.UserController - Users fetched successfully
2024-09-24 16:58:24,921 INFO  LibraryManagementApi.Controllers.UserController - Fetching the total number of users...
2024-09-24 16:58:24,933 INFO  LibraryManagementApi.Controllers.UserController - Total number of users: 2
2024-09-24 16:59:49,950 INFO  LibraryManagementApi.Controllers.UserController - Fetching the total number of users...
2024-09-24 16:59:49,950 INFO  LibraryManagementApi.Controllers.ReservationController - Fetching count of active reservations...
2024-09-24 16:59:49,962 INFO  LibraryManagementApi.Controllers.UserController - Total number of users: 2
2024-09-24 16:59:49,967 INFO  LibraryManagementApi.Controllers.ReservationController - Active reservations count: 0
2024-09-24 16:59:50,004 INFO  LibraryManagementApi.Controllers.UserController - Fetching all users...
2024-09-24 16:59:50,012 INFO  LibraryManagementApi.Controllers.UserController - Users fetched successfully
2024-09-24 17:00:09,245 INFO  LibraryManagementApi.Controllers.UserController - Fetching the total number of users...
2024-09-24 17:00:09,273 INFO  LibraryManagementApi.Controllers.UserController - Total number of users: 2
2024-09-24 17:00:09,279 INFO  LibraryManagementApi.Controllers.ReservationController - Fetching count of active reservations...
2024-09-24 17:00:09,293 INFO  LibraryManagementApi.Controllers.ReservationController - Active reservations count: 0
2024-09-24 17:00:09,301 INFO  LibraryManagementApi.Controllers.UserController - Fetching all users...
2024-09-24 17:00:09,308 INFO  LibraryManagementApi.Controllers.UserController - Users fetched successfully
2024-09-24 17:00:26,253 INFO  LibraryManagementApi.Controllers.UserController - Fetching the total number of users...
2024-09-24 17:00:26,253 INFO  LibraryManagementApi.Controllers.ReservationController - Fetching count of active reservations...
2024-09-24 17:00:26,285 INFO  LibraryManagementApi.Controllers.ReservationController - Active reservations count: 0
2024-09-24 17:00:26,295 INFO  LibraryManagementApi.Controllers.UserController - Total number of users: 2
2024-09-24 17:00:26,303 INFO  LibraryManagementApi.Controllers.UserController - Fetching all users...
2024-09-24 17:00:26,309 INFO  LibraryManagementApi.Controllers.UserController - Users fetched successfully
2024-09-24 17:05:37,677 INFO  LibraryManagementApi.Controllers.BookController - Deleting book with ID: 2
2024-09-24 17:05:37,970 INFO  LibraryManagementApi.Controllers.BookController - Book with ID 2 deleted successfully
2024-09-24 17:15:57,451 INFO  LibraryManagementApi.Controllers.BookController - Updating book with ID: 1
2024-09-24 17:15:57,489 INFO  LibraryManagementApi.Controllers.BookController - Book with ID 1 updated successfully
2024-09-24 17:17:04,235 INFO  LibraryManagementApi.Controllers.UserController - Fetching the total number of users...
2024-09-24 17:17:04,236 INFO  LibraryManagementApi.Controllers.ReservationController - Fetching count of active reservations...
2024-09-24 17:17:04,266 INFO  LibraryManagementApi.Controllers.ReservationController - Active reservations count: 0
2024-09-24 17:17:04,274 INFO  LibraryManagementApi.Controllers.UserController - Total number of users: 2
2024-09-24 17:17:04,282 INFO  LibraryManagementApi.Controllers.UserController - Fetching the total number of users...
2024-09-24 17:17:04,282 INFO  LibraryManagementApi.Controllers.ReservationController - Fetching count of active reservations...
2024-09-24 17:17:04,290 INFO  LibraryManagementApi.Controllers.UserController - Total number of users: 2
2024-09-24 17:17:04,323 INFO  LibraryManagementApi.Controllers.ReservationController - Active reservations count: 0
2024-09-24 17:17:04,338 INFO  LibraryManagementApi.Controllers.UserController - Fetching all users...
2024-09-24 17:17:04,345 INFO  LibraryManagementApi.Controllers.UserController - Users fetched successfully
2024-09-24 17:17:04,347 INFO  LibraryManagementApi.Controllers.UserController - Fetching all users...
2024-09-24 17:17:04,355 INFO  LibraryManagementApi.Controllers.UserController - Users fetched successfully
2024-09-24 17:17:19,987 INFO  LibraryManagementApi.Controllers.ReservationController - Fetching count of active reservations...
2024-09-24 17:17:19,987 INFO  LibraryManagementApi.Controllers.UserController - Fetching the total number of users...
2024-09-24 17:17:20,005 INFO  LibraryManagementApi.Controllers.ReservationController - Active reservations count: 0
2024-09-24 17:17:20,032 INFO  LibraryManagementApi.Controllers.ReservationController - Fetching count of active reservations...
2024-09-24 17:17:20,044 INFO  LibraryManagementApi.Controllers.UserController - Total number of users: 2
2024-09-24 17:17:20,053 INFO  LibraryManagementApi.Controllers.ReservationController - Active reservations count: 0
2024-09-24 17:17:20,057 INFO  LibraryManagementApi.Controllers.UserController - Fetching the total number of users...
2024-09-24 17:17:20,067 INFO  LibraryManagementApi.Controllers.UserController - Total number of users: 2
2024-09-24 17:17:20,068 INFO  LibraryManagementApi.Controllers.UserController - Fetching all users...
2024-09-24 17:17:20,078 INFO  LibraryManagementApi.Controllers.UserController - Users fetched successfully
2024-09-24 17:17:20,080 INFO  LibraryManagementApi.Controllers.UserController - Fetching all users...
2024-09-24 17:17:20,085 INFO  LibraryManagementApi.Controllers.UserController - Users fetched successfully
2024-09-24 20:36:46,296 INFO  LibraryManagementApi.Controllers.ReservationController - Fetching count of active reservations...
2024-09-24 20:36:46,337 INFO  LibraryManagementApi.Controllers.ReservationController - Active reservations count: 0
2024-09-24 20:37:15,438 INFO  LibraryManagementApi.Controllers.UserController - Fetching the total number of users...
2024-09-24 20:37:15,463 INFO  LibraryManagementApi.Controllers.UserController - Total number of users: 2
2024-09-24 20:37:38,652 INFO  LibraryManagementApi.Controllers.UserController - Fetching all users...
2024-09-24 20:37:38,695 INFO  LibraryManagementApi.Controllers.UserController - Users fetched successfully
2024-09-24 20:38:29,746 INFO  LibraryManagementApi.Controllers.UserController - Fetching user with email: kani2002shkka@gmail.com
2024-09-24 20:38:29,775 INFO  LibraryManagementApi.Controllers.UserController - User with email kani2002shkka@gmail.com fetched successfully
2024-09-24 20:38:54,986 INFO  LibraryManagementApi.Controllers.UserController - Fetching all admins...
2024-09-24 20:38:55,016 INFO  LibraryManagementApi.Controllers.UserController - Admins fetched successfully
2024-09-24 20:39:11,681 INFO  LibraryManagementApi.Controllers.UserController - Fetching all regular users...
2024-09-24 20:39:11,707 INFO  LibraryManagementApi.Controllers.UserController - Regular users fetched successfully
2024-09-24 20:41:27,709 INFO  LibraryManagementApi.Controllers.UserController - Updating user with ID: 1
2024-09-24 20:41:27,709 WARN  LibraryManagementApi.Controllers.UserController - User ID mismatch
2024-09-24 20:41:53,711 INFO  LibraryManagementApi.Controllers.UserController - Updating user with ID: 1
2024-09-24 20:41:54,050 INFO  LibraryManagementApi.Controllers.UserController - User with ID 1 updated successfully
2024-09-24 22:03:38,504 INFO  LibraryManagementApi.Controllers.BookController - Fetching all books...
2024-09-24 22:03:38,694 INFO  LibraryManagementApi.Controllers.BookController - Books retrieved successfully
2024-09-24 22:05:55,674 INFO  LibraryManagementApi.Controllers.ReservationController - Fetching count of active reservations...
2024-09-24 22:05:55,710 INFO  LibraryManagementApi.Controllers.ReservationController - Active reservations count: 0
2024-09-24 22:05:55,775 INFO  LibraryManagementApi.Controllers.UserController - Fetching the total number of users...
2024-09-24 22:05:55,809 INFO  LibraryManagementApi.Controllers.UserController - Total number of users: 2
2024-09-24 22:06:39,484 INFO  LibraryManagementApi.Controllers.ReservationController - Fetching count of active reservations...
2024-09-24 22:06:39,510 INFO  LibraryManagementApi.Controllers.ReservationController - Active reservations count: 0
2024-09-24 22:06:39,528 INFO  LibraryManagementApi.Controllers.ReservationController - Fetching count of active reservations...
2024-09-24 22:06:39,548 INFO  LibraryManagementApi.Controllers.UserController - Fetching the total number of users...
2024-09-24 22:06:39,572 INFO  LibraryManagementApi.Controllers.ReservationController - Active reservations count: 0
2024-09-24 22:06:39,592 INFO  LibraryManagementApi.Controllers.UserController - Total number of users: 2
2024-09-24 22:06:39,602 INFO  LibraryManagementApi.Controllers.UserController - Fetching the total number of users...
2024-09-24 22:06:39,621 INFO  LibraryManagementApi.Controllers.UserController - Total number of users: 2
2024-09-24 22:06:59,761 INFO  LibraryManagementApi.Controllers.ReservationController - Fetching count of active reservations...
2024-09-24 22:06:59,790 INFO  LibraryManagementApi.Controllers.ReservationController - Active reservations count: 0
2024-09-24 22:06:59,808 INFO  LibraryManagementApi.Controllers.ReservationController - Fetching count of active reservations...
2024-09-24 22:06:59,830 INFO  LibraryManagementApi.Controllers.ReservationController - Active reservations count: 0
2024-09-24 22:06:59,860 INFO  LibraryManagementApi.Controllers.UserController - Fetching the total number of users...
2024-09-24 22:06:59,877 INFO  LibraryManagementApi.Controllers.UserController - Total number of users: 2
2024-09-24 22:06:59,890 INFO  LibraryManagementApi.Controllers.UserController - Fetching the total number of users...
2024-09-24 22:06:59,928 INFO  LibraryManagementApi.Controllers.UserController - Total number of users: 2
2024-09-24 22:08:54,727 INFO  LibraryManagementApi.Controllers.ReservationController - Fetching count of active reservations...
2024-09-24 22:08:54,760 INFO  LibraryManagementApi.Controllers.ReservationController - Active reservations count: 0
2024-09-24 22:08:54,772 INFO  LibraryManagementApi.Controllers.ReservationController - Fetching count of active reservations...
2024-09-24 22:08:54,844 INFO  LibraryManagementApi.Controllers.ReservationController - Active reservations count: 0
2024-09-24 22:08:54,844 INFO  LibraryManagementApi.Controllers.UserController - Fetching the total number of users...
2024-09-24 22:08:54,873 INFO  LibraryManagementApi.Controllers.UserController - Total number of users: 2
2024-09-24 22:08:54,939 INFO  LibraryManagementApi.Controllers.UserController - Fetching the total number of users...
2024-09-24 22:08:54,975 INFO  LibraryManagementApi.Controllers.UserController - Total number of users: 2
2024-09-24 22:09:03,180 INFO  LibraryManagementApi.Controllers.ReservationController - Fetching count of active reservations...
2024-09-24 22:09:03,226 INFO  LibraryManagementApi.Controllers.ReservationController - Active reservations count: 0
2024-09-24 22:09:03,248 INFO  LibraryManagementApi.Controllers.ReservationController - Fetching count of active reservations...
2024-09-24 22:09:03,274 INFO  LibraryManagementApi.Controllers.ReservationController - Active reservations count: 0
2024-09-24 22:09:03,316 INFO  LibraryManagementApi.Controllers.UserController - Fetching the total number of users...
2024-09-24 22:09:03,333 INFO  LibraryManagementApi.Controllers.UserController - Total number of users: 2
2024-09-24 22:09:03,338 INFO  LibraryManagementApi.Controllers.UserController - Fetching the total number of users...
2024-09-24 22:09:03,353 INFO  LibraryManagementApi.Controllers.UserController - Total number of users: 2
2024-09-24 22:09:13,430 INFO  LibraryManagementApi.Controllers.ReservationController - Fetching count of active reservations...
2024-09-24 22:09:13,517 INFO  LibraryManagementApi.Controllers.ReservationController - Active reservations count: 0
2024-09-24 22:09:13,541 INFO  LibraryManagementApi.Controllers.ReservationController - Fetching count of active reservations...
2024-09-24 22:09:13,561 INFO  LibraryManagementApi.Controllers.UserController - Fetching the total number of users...
2024-09-24 22:09:13,570 INFO  LibraryManagementApi.Controllers.ReservationController - Active reservations count: 0
2024-09-24 22:09:13,597 INFO  LibraryManagementApi.Controllers.UserController - Total number of users: 2
2024-09-24 22:09:13,604 INFO  LibraryManagementApi.Controllers.UserController - Fetching the total number of users...
2024-09-24 22:09:13,620 INFO  LibraryManagementApi.Controllers.UserController - Total number of users: 2
2024-09-24 22:09:36,640 INFO  LibraryManagementApi.Controllers.ReservationController - Fetching count of active reservations...
2024-09-24 22:09:36,665 INFO  LibraryManagementApi.Controllers.ReservationController - Active reservations count: 0
2024-09-24 22:09:36,679 INFO  LibraryManagementApi.Controllers.ReservationController - Fetching count of active reservations...
2024-09-24 22:09:36,711 INFO  LibraryManagementApi.Controllers.ReservationController - Active reservations count: 0
2024-09-24 22:09:36,741 INFO  LibraryManagementApi.Controllers.UserController - Fetching the total number of users...
2024-09-24 22:09:36,778 INFO  LibraryManagementApi.Controllers.UserController - Total number of users: 2
2024-09-24 22:09:36,797 INFO  LibraryManagementApi.Controllers.UserController - Fetching the total number of users...
2024-09-24 22:09:36,879 INFO  LibraryManagementApi.Controllers.UserController - Total number of users: 2
2024-09-24 22:09:41,934 INFO  LibraryManagementApi.Controllers.ReservationController - Fetching count of active reservations...
2024-09-24 22:09:41,988 INFO  LibraryManagementApi.Controllers.ReservationController - Active reservations count: 0
2024-09-24 22:09:41,996 INFO  LibraryManagementApi.Controllers.ReservationController - Fetching count of active reservations...
2024-09-24 22:09:42,013 INFO  LibraryManagementApi.Controllers.UserController - Fetching the total number of users...
2024-09-24 22:09:42,018 INFO  LibraryManagementApi.Controllers.ReservationController - Active reservations count: 0
2024-09-24 22:09:42,030 INFO  LibraryManagementApi.Controllers.UserController - Total number of users: 2
2024-09-24 22:09:42,036 INFO  LibraryManagementApi.Controllers.UserController - Fetching the total number of users...
2024-09-24 22:09:42,078 INFO  LibraryManagementApi.Controllers.UserController - Total number of users: 2
2024-09-24 22:10:03,413 INFO  LibraryManagementApi.Controllers.ReservationController - Fetching count of active reservations...
2024-09-24 22:10:03,430 INFO  LibraryManagementApi.Controllers.ReservationController - Active reservations count: 0
2024-09-24 22:10:34,609 INFO  LibraryManagementApi.Controllers.ReservationController - Fetching count of active reservations...
2024-09-24 22:10:34,631 INFO  LibraryManagementApi.Controllers.ReservationController - Active reservations count: 0
2024-09-24 22:10:34,641 INFO  LibraryManagementApi.Controllers.ReservationController - Fetching count of active reservations...
2024-09-24 22:10:34,657 INFO  LibraryManagementApi.Controllers.ReservationController - Active reservations count: 0
2024-09-24 22:10:34,661 INFO  LibraryManagementApi.Controllers.UserController - Fetching the total number of users...
2024-09-24 22:10:34,677 INFO  LibraryManagementApi.Controllers.UserController - Total number of users: 2
2024-09-24 22:10:34,682 INFO  LibraryManagementApi.Controllers.UserController - Fetching the total number of users...
2024-09-24 22:10:34,696 INFO  LibraryManagementApi.Controllers.UserController - Total number of users: 2
2024-09-24 22:10:40,004 INFO  LibraryManagementApi.Controllers.ReservationController - Fetching count of active reservations...
2024-09-24 22:10:40,025 INFO  LibraryManagementApi.Controllers.ReservationController - Active reservations count: 0
2024-09-24 22:10:40,031 INFO  LibraryManagementApi.Controllers.ReservationController - Fetching count of active reservations...
2024-09-24 22:10:40,061 INFO  LibraryManagementApi.Controllers.ReservationController - Active reservations count: 0
2024-09-24 22:10:40,063 INFO  LibraryManagementApi.Controllers.UserController - Fetching the total number of users...
2024-09-24 22:10:40,116 INFO  LibraryManagementApi.Controllers.UserController - Total number of users: 2
2024-09-24 22:10:40,162 INFO  LibraryManagementApi.Controllers.UserController - Fetching the total number of users...
2024-09-24 22:10:40,186 INFO  LibraryManagementApi.Controllers.UserController - Total number of users: 2
2024-09-24 22:12:41,491 INFO  LibraryManagementApi.Controllers.ReservationController - Fetching count of active reservations...
2024-09-24 22:12:41,569 INFO  LibraryManagementApi.Controllers.ReservationController - Active reservations count: 0
2024-09-24 22:12:41,599 INFO  LibraryManagementApi.Controllers.ReservationController - Fetching count of active reservations...
2024-09-24 22:12:41,607 INFO  LibraryManagementApi.Controllers.UserController - Fetching the total number of users...
2024-09-24 22:12:41,647 INFO  LibraryManagementApi.Controllers.ReservationController - Active reservations count: 0
2024-09-24 22:12:41,782 INFO  LibraryManagementApi.Controllers.UserController - Total number of users: 2
2024-09-24 22:12:41,862 INFO  LibraryManagementApi.Controllers.UserController - Fetching the total number of users...
2024-09-24 22:12:41,905 INFO  LibraryManagementApi.Controllers.UserController - Total number of users: 2
2024-09-24 22:12:54,399 INFO  LibraryManagementApi.Controllers.ReservationController - Fetching count of active reservations...
2024-09-24 22:12:54,435 INFO  LibraryManagementApi.Controllers.ReservationController - Active reservations count: 0
2024-09-24 22:12:54,483 INFO  LibraryManagementApi.Controllers.ReservationController - Fetching count of active reservations...
2024-09-24 22:12:54,498 INFO  LibraryManagementApi.Controllers.UserController - Fetching the total number of users...
2024-09-24 22:12:54,503 INFO  LibraryManagementApi.Controllers.ReservationController - Active reservations count: 0
2024-09-24 22:12:54,526 INFO  LibraryManagementApi.Controllers.UserController - Total number of users: 2
2024-09-24 22:12:54,537 INFO  LibraryManagementApi.Controllers.UserController - Fetching the total number of users...
2024-09-24 22:12:54,549 INFO  LibraryManagementApi.Controllers.UserController - Total number of users: 2
2024-09-24 22:13:20,431 INFO  LibraryManagementApi.Controllers.ReservationController - Fetching count of active reservations...
2024-09-24 22:13:20,472 INFO  LibraryManagementApi.Controllers.ReservationController - Active reservations count: 0
2024-09-24 22:13:20,503 INFO  LibraryManagementApi.Controllers.UserController - Fetching the total number of users...
2024-09-24 22:13:20,573 INFO  LibraryManagementApi.Controllers.UserController - Total number of users: 2
2024-09-24 22:13:26,599 INFO  LibraryManagementApi.Controllers.ReservationController - Fetching count of active reservations...
2024-09-24 22:13:26,658 INFO  LibraryManagementApi.Controllers.ReservationController - Active reservations count: 0
2024-09-24 22:13:26,713 INFO  LibraryManagementApi.Controllers.UserController - Fetching the total number of users...
2024-09-24 22:13:26,779 INFO  LibraryManagementApi.Controllers.UserController - Total number of users: 2
2024-09-24 22:24:54,392 INFO  LibraryManagementApi.Controllers.ReservationController - Fetching count of active reservations...
2024-09-24 22:24:54,410 INFO  LibraryManagementApi.Controllers.ReservationController - Active reservations count: 0
2024-09-24 22:24:54,432 INFO  LibraryManagementApi.Controllers.UserController - Fetching the total number of users...
2024-09-24 22:24:54,461 INFO  LibraryManagementApi.Controllers.UserController - Total number of users: 2
2024-09-24 22:25:32,422 INFO  LibraryManagementApi.Controllers.ReservationController - Fetching count of active reservations...
2024-09-24 22:25:32,443 INFO  LibraryManagementApi.Controllers.ReservationController - Active reservations count: 0
2024-09-24 22:25:32,464 INFO  LibraryManagementApi.Controllers.UserController - Fetching the total number of users...
2024-09-24 22:25:32,483 INFO  LibraryManagementApi.Controllers.UserController - Total number of users: 2
2024-09-24 22:26:42,517 INFO  LibraryManagementApi.Controllers.ReservationController - Fetching count of active reservations...
2024-09-24 22:26:42,535 INFO  LibraryManagementApi.Controllers.ReservationController - Active reservations count: 0
2024-09-24 22:26:42,553 INFO  LibraryManagementApi.Controllers.UserController - Fetching the total number of users...
2024-09-24 22:26:42,571 INFO  LibraryManagementApi.Controllers.UserController - Total number of users: 2
2024-09-24 22:27:40,433 INFO  LibraryManagementApi.Controllers.ReservationController - Fetching count of active reservations...
2024-09-24 22:27:40,450 INFO  LibraryManagementApi.Controllers.ReservationController - Active reservations count: 0
2024-09-24 22:27:40,484 INFO  LibraryManagementApi.Controllers.UserController - Fetching the total number of users...
2024-09-24 22:27:40,505 INFO  LibraryManagementApi.Controllers.UserController - Total number of users: 2
2024-09-24 22:28:18,082 INFO  LibraryManagementApi.Controllers.ReservationController - Fetching count of active reservations...
2024-09-24 22:28:18,107 INFO  LibraryManagementApi.Controllers.ReservationController - Active reservations count: 0
2024-09-24 22:28:18,127 INFO  LibraryManagementApi.Controllers.UserController - Fetching the total number of users...
2024-09-24 22:28:18,164 INFO  LibraryManagementApi.Controllers.UserController - Total number of users: 2
2024-09-24 22:29:30,507 INFO  LibraryManagementApi.Controllers.ReservationController - Fetching count of active reservations...
2024-09-24 22:29:30,526 INFO  LibraryManagementApi.Controllers.ReservationController - Active reservations count: 0
2024-09-24 22:29:30,545 INFO  LibraryManagementApi.Controllers.UserController - Fetching the total number of users...
2024-09-24 22:29:30,565 INFO  LibraryManagementApi.Controllers.UserController - Total number of users: 2
2024-09-24 22:29:46,543 INFO  LibraryManagementApi.Controllers.ReservationController - Fetching count of active reservations...
2024-09-24 22:29:46,585 INFO  LibraryManagementApi.Controllers.ReservationController - Active reservations count: 0
2024-09-24 22:29:46,619 INFO  LibraryManagementApi.Controllers.UserController - Fetching the total number of users...
2024-09-24 22:29:46,639 INFO  LibraryManagementApi.Controllers.UserController - Total number of users: 2
2024-09-24 22:30:03,637 INFO  LibraryManagementApi.Controllers.ReservationController - Fetching count of active reservations...
2024-09-24 22:30:03,670 INFO  LibraryManagementApi.Controllers.ReservationController - Active reservations count: 0
2024-09-24 22:30:03,718 INFO  LibraryManagementApi.Controllers.UserController - Fetching the total number of users...
2024-09-24 22:30:03,741 INFO  LibraryManagementApi.Controllers.UserController - Total number of users: 2
2024-09-24 22:30:22,771 INFO  LibraryManagementApi.Controllers.ReservationController - Fetching count of active reservations...
2024-09-24 22:30:22,792 INFO  LibraryManagementApi.Controllers.ReservationController - Active reservations count: 0
2024-09-24 22:30:22,815 INFO  LibraryManagementApi.Controllers.UserController - Fetching the total number of users...
2024-09-24 22:30:22,845 INFO  LibraryManagementApi.Controllers.UserController - Total number of users: 2
2024-09-24 22:31:47,318 INFO  LibraryManagementApi.Controllers.ReservationController - Fetching count of active reservations...
2024-09-24 22:31:47,338 INFO  LibraryManagementApi.Controllers.ReservationController - Active reservations count: 0
2024-09-24 22:31:47,361 INFO  LibraryManagementApi.Controllers.UserController - Fetching the total number of users...
2024-09-24 22:31:47,381 INFO  LibraryManagementApi.Controllers.UserController - Total number of users: 2
2024-09-24 22:32:24,185 INFO  LibraryManagementApi.Controllers.ReservationController - Fetching count of active reservations...
2024-09-24 22:32:24,217 INFO  LibraryManagementApi.Controllers.ReservationController - Active reservations count: 0
2024-09-24 22:32:24,242 INFO  LibraryManagementApi.Controllers.UserController - Fetching the total number of users...
2024-09-24 22:32:24,266 INFO  LibraryManagementApi.Controllers.UserController - Total number of users: 2
2024-09-24 23:17:56,345 INFO  LibraryManagementApi.Controllers.UserController - Fetching all regular users...
2024-09-24 23:17:57,495 INFO  LibraryManagementApi.Controllers.UserController - Regular users fetched successfully
2024-09-24 23:24:12,329 INFO  LibraryManagementApi.Controllers.ReservationController - Fetching active reservations count for user with ID: 1
2024-09-24 23:24:15,018 INFO  LibraryManagementApi.Controllers.ReservationController - Active reservations count for user with ID 1: 0
2024-09-24 23:26:48,372 INFO  LibraryManagementApi.Controllers.ReservationController - Fetching active reservations count for user with ID: 1
2024-09-24 23:26:49,006 INFO  LibraryManagementApi.Controllers.ReservationController - Active reservations count for user with ID 1: 0
2024-09-24 23:33:08,251 INFO  LibraryManagementApi.Controllers.ReservationController - Fetching count of active reservations...
2024-09-24 23:33:08,585 INFO  LibraryManagementApi.Controllers.ReservationController - Active reservations count: 0
2024-09-24 23:33:08,694 INFO  LibraryManagementApi.Controllers.ReservationController - Fetching count of active reservations...
2024-09-24 23:33:08,806 INFO  LibraryManagementApi.Controllers.ReservationController - Active reservations count: 0
2024-09-24 23:33:08,862 INFO  LibraryManagementApi.Controllers.UserController - Fetching the total number of users...
2024-09-24 23:33:08,994 INFO  LibraryManagementApi.Controllers.UserController - Total number of users: 2
2024-09-24 23:33:09,016 INFO  LibraryManagementApi.Controllers.UserController - Fetching the total number of users...
2024-09-24 23:33:09,139 INFO  LibraryManagementApi.Controllers.UserController - Total number of users: 2
2024-09-24 23:33:13,916 INFO  LibraryManagementApi.Controllers.ReservationController - Fetching count of active reservations...
2024-09-24 23:33:14,039 INFO  LibraryManagementApi.Controllers.ReservationController - Active reservations count: 0
2024-09-24 23:33:14,074 INFO  LibraryManagementApi.Controllers.ReservationController - Fetching count of active reservations...
2024-09-24 23:33:14,131 INFO  LibraryManagementApi.Controllers.ReservationController - Active reservations count: 0
2024-09-24 23:33:14,136 INFO  LibraryManagementApi.Controllers.UserController - Fetching the total number of users...
2024-09-24 23:33:14,175 INFO  LibraryManagementApi.Controllers.UserController - Total number of users: 2
2024-09-24 23:33:14,220 INFO  LibraryManagementApi.Controllers.UserController - Fetching the total number of users...
2024-09-24 23:33:14,291 INFO  LibraryManagementApi.Controllers.UserController - Total number of users: 2
2024-09-24 23:33:14,313 INFO  LibraryManagementApi.Controllers.UserController - Fetching all users...
2024-09-24 23:33:14,537 INFO  LibraryManagementApi.Controllers.UserController - Users fetched successfully
2024-09-24 23:33:14,752 INFO  LibraryManagementApi.Controllers.UserController - Fetching all users...
2024-09-24 23:33:14,837 INFO  LibraryManagementApi.Controllers.UserController - Users fetched successfully
2024-09-24 23:40:32,396 INFO  LibraryManagementApi.Controllers.ReservationController - Fetching count of active reservations...
2024-09-24 23:40:32,408 INFO  LibraryManagementApi.Controllers.ReservationController - Active reservations count: 0
2024-09-24 23:40:32,423 INFO  LibraryManagementApi.Controllers.UserController - Fetching the total number of users...
2024-09-24 23:40:32,435 INFO  LibraryManagementApi.Controllers.UserController - Total number of users: 2
2024-09-24 23:40:32,448 INFO  LibraryManagementApi.Controllers.UserController - Fetching all users...
2024-09-24 23:40:32,456 INFO  LibraryManagementApi.Controllers.UserController - Users fetched successfully
2024-09-24 23:41:40,356 INFO  LibraryManagementApi.Controllers.ReservationController - Fetching count of active reservations...
2024-09-24 23:41:40,388 INFO  LibraryManagementApi.Controllers.ReservationController - Active reservations count: 0
2024-09-24 23:41:40,434 INFO  LibraryManagementApi.Controllers.UserController - Fetching the total number of users...
2024-09-24 23:41:40,452 INFO  LibraryManagementApi.Controllers.UserController - Total number of users: 2
2024-09-24 23:41:40,469 INFO  LibraryManagementApi.Controllers.UserController - Fetching all users...
2024-09-24 23:41:40,495 INFO  LibraryManagementApi.Controllers.UserController - Users fetched successfully
2024-09-24 23:42:04,933 INFO  LibraryManagementApi.Controllers.ReservationController - Fetching count of active reservations...
2024-09-24 23:42:04,945 INFO  LibraryManagementApi.Controllers.ReservationController - Active reservations count: 0
2024-09-24 23:42:04,966 INFO  LibraryManagementApi.Controllers.UserController - Fetching the total number of users...
2024-09-24 23:42:05,003 INFO  LibraryManagementApi.Controllers.UserController - Total number of users: 2
2024-09-24 23:42:05,021 INFO  LibraryManagementApi.Controllers.UserController - Fetching all users...
2024-09-24 23:42:05,049 INFO  LibraryManagementApi.Controllers.UserController - Users fetched successfully
2024-09-24 23:43:21,760 INFO  LibraryManagementApi.Controllers.ReservationController - Fetching count of active reservations...
2024-09-24 23:43:21,766 INFO  LibraryManagementApi.Controllers.ReservationController - Active reservations count: 0
2024-09-24 23:43:21,771 INFO  LibraryManagementApi.Controllers.UserController - Fetching the total number of users...
2024-09-24 23:43:21,777 INFO  LibraryManagementApi.Controllers.UserController - Total number of users: 2
2024-09-24 23:43:21,786 INFO  LibraryManagementApi.Controllers.UserController - Fetching all users...
2024-09-24 23:43:21,793 INFO  LibraryManagementApi.Controllers.UserController - Users fetched successfully
2024-09-24 23:43:59,218 INFO  LibraryManagementApi.Controllers.ReservationController - Fetching count of active reservations...
2024-09-24 23:43:59,229 INFO  LibraryManagementApi.Controllers.ReservationController - Active reservations count: 0
2024-09-24 23:43:59,232 INFO  LibraryManagementApi.Controllers.ReservationController - Fetching count of active reservations...
2024-09-24 23:43:59,237 INFO  LibraryManagementApi.Controllers.ReservationController - Active reservations count: 0
2024-09-24 23:43:59,239 INFO  LibraryManagementApi.Controllers.UserController - Fetching the total number of users...
2024-09-24 23:43:59,251 INFO  LibraryManagementApi.Controllers.UserController - Total number of users: 2
2024-09-24 23:43:59,255 INFO  LibraryManagementApi.Controllers.UserController - Fetching the total number of users...
2024-09-24 23:43:59,264 INFO  LibraryManagementApi.Controllers.UserController - Total number of users: 2
2024-09-24 23:43:59,266 INFO  LibraryManagementApi.Controllers.UserController - Fetching all users...
2024-09-24 23:43:59,275 INFO  LibraryManagementApi.Controllers.UserController - Users fetched successfully
2024-09-24 23:43:59,282 INFO  LibraryManagementApi.Controllers.UserController - Fetching all users...
2024-09-24 23:43:59,294 INFO  LibraryManagementApi.Controllers.UserController - Users fetched successfully
2024-09-24 23:46:42,189 INFO  LibraryManagementApi.Controllers.ReservationController - Fetching count of active reservations...
2024-09-24 23:46:42,201 INFO  LibraryManagementApi.Controllers.ReservationController - Active reservations count: 0
2024-09-24 23:46:42,206 INFO  LibraryManagementApi.Controllers.ReservationController - Fetching count of active reservations...
2024-09-24 23:46:42,214 INFO  LibraryManagementApi.Controllers.ReservationController - Active reservations count: 0
2024-09-24 23:46:42,215 INFO  LibraryManagementApi.Controllers.UserController - Fetching the total number of users...
2024-09-24 23:46:42,221 INFO  LibraryManagementApi.Controllers.UserController - Total number of users: 2
2024-09-24 23:46:42,224 INFO  LibraryManagementApi.Controllers.UserController - Fetching the total number of users...
2024-09-24 23:46:42,231 INFO  LibraryManagementApi.Controllers.UserController - Total number of users: 2
2024-09-24 23:46:42,232 INFO  LibraryManagementApi.Controllers.UserController - Fetching all users...
2024-09-24 23:46:42,245 INFO  LibraryManagementApi.Controllers.UserController - Users fetched successfully
2024-09-24 23:46:42,248 INFO  LibraryManagementApi.Controllers.UserController - Fetching all users...
2024-09-24 23:46:42,253 INFO  LibraryManagementApi.Controllers.UserController - Users fetched successfully
