2024-09-27 00:00:36,260 INFO  LibraryManagementApi.Controllers.ReviewController - Fetching all reviews
2024-09-27 00:00:36,324 INFO  LibraryManagementApi.Controllers.ReviewController - All reviews fetched successfully
2024-09-27 00:02:26,662 INFO  LibraryManagementApi.Controllers.ReviewController - Creating a new review...
2024-09-27 00:07:15,966 INFO  LibraryManagementApi.Controllers.ReviewController - Creating a new review...
2024-09-27 00:21:14,555 INFO  LibraryManagementApi.Controllers.ReservationController - Fetching count of active reservations...
2024-09-27 00:21:14,606 INFO  LibraryManagementApi.Controllers.ReservationController - Active reservations count: 1
2024-09-27 00:21:14,618 INFO  LibraryManagementApi.Controllers.ReservationController - Fetching count of active reservations...
2024-09-27 00:21:14,637 INFO  LibraryManagementApi.Controllers.ReservationController - Active reservations count: 1
2024-09-27 00:21:14,651 INFO  LibraryManagementApi.Controllers.UserController - Fetching the total number of users...
2024-09-27 00:21:14,680 INFO  LibraryManagementApi.Controllers.UserController - Total number of users: 5
2024-09-27 00:21:14,690 INFO  LibraryManagementApi.Controllers.UserController - Fetching the total number of users...
2024-09-27 00:21:14,710 INFO  LibraryManagementApi.Controllers.UserController - Total number of users: 5
2024-09-27 00:21:14,728 INFO  LibraryManagementApi.Controllers.UserController - Fetching all users...
2024-09-27 00:21:15,085 INFO  LibraryManagementApi.Controllers.UserController - Users fetched successfully
2024-09-27 00:21:15,201 INFO  LibraryManagementApi.Controllers.UserController - Fetching all users...
2024-09-27 00:21:15,223 INFO  LibraryManagementApi.Controllers.UserController - Users fetched successfully
2024-09-27 00:21:17,266 INFO  LibraryManagementApi.Controllers.ReviewController - Fetching all reviews
2024-09-27 00:21:17,475 INFO  LibraryManagementApi.Controllers.ReviewController - All reviews fetched successfully
2024-09-27 00:21:17,486 INFO  LibraryManagementApi.Controllers.ReviewController - Fetching all reviews
2024-09-27 00:21:17,509 INFO  LibraryManagementApi.Controllers.ReviewController - All reviews fetched successfully
2024-09-27 00:21:48,323 INFO  LibraryManagementApi.Controllers.ReviewController - Creating a new review...
2024-09-27 00:21:49,178 INFO  LibraryManagementApi.Controllers.ReviewController - Creating a new review...
2024-09-27 00:21:49,928 INFO  LibraryManagementApi.Controllers.ReviewController - Creating a new review...
2024-09-27 00:21:50,160 INFO  LibraryManagementApi.Controllers.ReviewController - Creating a new review...
2024-09-27 00:21:50,334 INFO  LibraryManagementApi.Controllers.ReviewController - Creating a new review...
2024-09-27 00:21:50,481 INFO  LibraryManagementApi.Controllers.ReviewController - Creating a new review...
2024-09-27 00:21:50,714 INFO  LibraryManagementApi.Controllers.ReviewController - Creating a new review...
2024-09-27 00:21:51,611 INFO  LibraryManagementApi.Controllers.ReviewController - Creating a new review...
2024-09-27 00:23:12,160 INFO  LibraryManagementApi.Controllers.ReservationController - Fetching count of active reservations...
2024-09-27 00:23:12,180 INFO  LibraryManagementApi.Controllers.ReservationController - Active reservations count: 1
2024-09-27 00:23:12,185 INFO  LibraryManagementApi.Controllers.ReservationController - Fetching count of active reservations...
2024-09-27 00:23:12,193 INFO  LibraryManagementApi.Controllers.UserController - Fetching the total number of users...
2024-09-27 00:23:12,200 INFO  LibraryManagementApi.Controllers.ReservationController - Active reservations count: 1
2024-09-27 00:23:12,215 INFO  LibraryManagementApi.Controllers.UserController - Total number of users: 5
2024-09-27 00:23:12,220 INFO  LibraryManagementApi.Controllers.UserController - Fetching the total number of users...
2024-09-27 00:23:12,233 INFO  LibraryManagementApi.Controllers.UserController - Fetching all users...
2024-09-27 00:23:12,237 INFO  LibraryManagementApi.Controllers.UserController - Total number of users: 5
2024-09-27 00:23:12,257 INFO  LibraryManagementApi.Controllers.UserController - Users fetched successfully
2024-09-27 00:23:12,263 INFO  LibraryManagementApi.Controllers.UserController - Fetching all users...
2024-09-27 00:23:12,284 INFO  LibraryManagementApi.Controllers.UserController - Users fetched successfully
2024-09-27 00:23:13,723 INFO  LibraryManagementApi.Controllers.ReviewController - Fetching all reviews
2024-09-27 00:23:13,755 INFO  LibraryManagementApi.Controllers.ReviewController - All reviews fetched successfully
2024-09-27 00:23:13,760 INFO  LibraryManagementApi.Controllers.ReviewController - Fetching all reviews
2024-09-27 00:23:13,789 INFO  LibraryManagementApi.Controllers.ReviewController - All reviews fetched successfully
2024-09-27 00:23:33,251 INFO  LibraryManagementApi.Controllers.ReviewController - Fetching all reviews
2024-09-27 00:23:33,298 INFO  LibraryManagementApi.Controllers.ReviewController - All reviews fetched successfully
2024-09-27 00:23:55,653 INFO  LibraryManagementApi.Controllers.ReviewController - Creating a new review...
2024-09-27 00:23:57,379 INFO  LibraryManagementApi.Controllers.ReviewController - Creating a new review...
2024-09-27 00:23:58,774 INFO  LibraryManagementApi.Controllers.ReviewController - Creating a new review...
2024-09-27 00:27:01,281 INFO  LibraryManagementApi.Controllers.ReviewController - Fetching all reviews
2024-09-27 00:27:01,309 INFO  LibraryManagementApi.Controllers.ReviewController - All reviews fetched successfully
2024-09-27 00:27:38,358 INFO  LibraryManagementApi.Controllers.ReviewController - Fetching all reviews
2024-09-27 00:27:38,409 INFO  LibraryManagementApi.Controllers.ReviewController - All reviews fetched successfully
2024-09-27 00:27:38,420 INFO  LibraryManagementApi.Controllers.ReviewController - Fetching all reviews
2024-09-27 00:27:38,443 INFO  LibraryManagementApi.Controllers.ReviewController - All reviews fetched successfully
2024-09-27 00:27:59,192 INFO  LibraryManagementApi.Controllers.ReviewController - Creating a new review...
2024-09-27 00:27:59,266 INFO  LibraryManagementApi.Controllers.ReviewController - Review for book ID 8 created successfully
2024-09-27 00:27:59,335 INFO  LibraryManagementApi.Controllers.ReviewController - Fetching all reviews
2024-09-27 00:27:59,358 INFO  LibraryManagementApi.Controllers.ReviewController - All reviews fetched successfully
2024-09-27 00:29:54,232 INFO  LibraryManagementApi.Controllers.ReviewController - Fetching all reviews
2024-09-27 00:29:54,264 INFO  LibraryManagementApi.Controllers.ReviewController - All reviews fetched successfully
2024-09-27 00:30:03,634 INFO  LibraryManagementApi.Controllers.ReservationController - Fetching count of active reservations...
2024-09-27 00:30:03,655 INFO  LibraryManagementApi.Controllers.ReservationController - Active reservations count: 1
2024-09-27 00:30:03,661 INFO  LibraryManagementApi.Controllers.ReservationController - Fetching count of active reservations...
2024-09-27 00:30:03,676 INFO  LibraryManagementApi.Controllers.UserController - Fetching the total number of users...
2024-09-27 00:30:03,682 INFO  LibraryManagementApi.Controllers.ReservationController - Active reservations count: 1
2024-09-27 00:30:03,696 INFO  LibraryManagementApi.Controllers.UserController - Total number of users: 5
2024-09-27 00:30:03,708 INFO  LibraryManagementApi.Controllers.UserController - Fetching the total number of users...
2024-09-27 00:30:03,729 INFO  LibraryManagementApi.Controllers.UserController - Total number of users: 5
2024-09-27 00:30:03,733 INFO  LibraryManagementApi.Controllers.UserController - Fetching all users...
2024-09-27 00:30:03,758 INFO  LibraryManagementApi.Controllers.UserController - Users fetched successfully
2024-09-27 00:30:03,766 INFO  LibraryManagementApi.Controllers.UserController - Fetching all users...
2024-09-27 00:30:03,785 INFO  LibraryManagementApi.Controllers.UserController - Users fetched successfully
2024-09-27 00:30:06,477 INFO  LibraryManagementApi.Controllers.ReviewController - Fetching all reviews
2024-09-27 00:30:06,506 INFO  LibraryManagementApi.Controllers.ReviewController - All reviews fetched successfully
2024-09-27 00:30:06,513 INFO  LibraryManagementApi.Controllers.ReviewController - Fetching all reviews
2024-09-27 00:30:06,544 INFO  LibraryManagementApi.Controllers.ReviewController - All reviews fetched successfully
2024-09-27 00:30:19,217 INFO  LibraryManagementApi.Controllers.ReviewController - Fetching all reviews
2024-09-27 00:30:19,247 INFO  LibraryManagementApi.Controllers.ReviewController - All reviews fetched successfully
2024-09-27 00:30:45,251 INFO  LibraryManagementApi.Controllers.ReviewController - Fetching all reviews
2024-09-27 00:30:45,301 INFO  LibraryManagementApi.Controllers.ReviewController - All reviews fetched successfully
2024-09-27 00:30:52,231 INFO  LibraryManagementApi.Controllers.ReviewController - Fetching all reviews
2024-09-27 00:30:52,323 INFO  LibraryManagementApi.Controllers.ReviewController - All reviews fetched successfully
2024-09-27 00:31:25,126 INFO  LibraryManagementApi.Controllers.ReservationController - Fetching count of active reservations...
2024-09-27 00:31:25,144 INFO  LibraryManagementApi.Controllers.ReservationController - Active reservations count: 1
2024-09-27 00:31:25,149 INFO  LibraryManagementApi.Controllers.ReservationController - Fetching count of active reservations...
2024-09-27 00:31:25,157 INFO  LibraryManagementApi.Controllers.UserController - Fetching the total number of users...
2024-09-27 00:31:25,161 INFO  LibraryManagementApi.Controllers.ReservationController - Active reservations count: 1
2024-09-27 00:31:25,176 INFO  LibraryManagementApi.Controllers.UserController - Total number of users: 5
2024-09-27 00:31:25,180 INFO  LibraryManagementApi.Controllers.UserController - Fetching the total number of users...
2024-09-27 00:31:25,192 INFO  LibraryManagementApi.Controllers.UserController - Total number of users: 5
2024-09-27 00:31:25,198 INFO  LibraryManagementApi.Controllers.UserController - Fetching all users...
2024-09-27 00:31:25,214 INFO  LibraryManagementApi.Controllers.UserController - Users fetched successfully
2024-09-27 00:31:25,218 INFO  LibraryManagementApi.Controllers.UserController - Fetching all users...
2024-09-27 00:31:25,229 INFO  LibraryManagementApi.Controllers.UserController - Users fetched successfully
2024-09-27 00:38:32,547 INFO  LibraryManagementApi.Controllers.ReservationController - Fetching count of active reservations...
2024-09-27 00:38:32,565 INFO  LibraryManagementApi.Controllers.ReservationController - Active reservations count: 1
2024-09-27 00:38:32,571 INFO  LibraryManagementApi.Controllers.ReservationController - Fetching count of active reservations...
2024-09-27 00:38:32,586 INFO  LibraryManagementApi.Controllers.ReservationController - Active reservations count: 1
2024-09-27 00:38:32,596 INFO  LibraryManagementApi.Controllers.UserController - Fetching the total number of users...
2024-09-27 00:38:32,610 INFO  LibraryManagementApi.Controllers.UserController - Total number of users: 5
2024-09-27 00:38:32,618 INFO  LibraryManagementApi.Controllers.UserController - Fetching the total number of users...
2024-09-27 00:38:32,633 INFO  LibraryManagementApi.Controllers.UserController - Total number of users: 5
2024-09-27 00:38:32,635 INFO  LibraryManagementApi.Controllers.UserController - Fetching all users...
2024-09-27 00:38:32,650 INFO  LibraryManagementApi.Controllers.UserController - Users fetched successfully
2024-09-27 00:38:32,656 INFO  LibraryManagementApi.Controllers.UserController - Fetching all users...
2024-09-27 00:38:32,676 INFO  LibraryManagementApi.Controllers.UserController - Users fetched successfully
2024-09-27 00:38:37,303 INFO  LibraryManagementApi.Controllers.ReservationController - Fetching count of active reservations...
2024-09-27 00:38:37,320 INFO  LibraryManagementApi.Controllers.ReservationController - Active reservations count: 1
2024-09-27 00:38:37,334 INFO  LibraryManagementApi.Controllers.UserController - Fetching the total number of users...
2024-09-27 00:38:37,355 INFO  LibraryManagementApi.Controllers.UserController - Total number of users: 5
2024-09-27 00:38:37,388 INFO  LibraryManagementApi.Controllers.UserController - Fetching all users...
2024-09-27 00:38:37,405 INFO  LibraryManagementApi.Controllers.UserController - Users fetched successfully
2024-09-27 09:10:49,874 INFO  LibraryManagementApi.Controllers.ReservationController - Fetching count of active reservations...
2024-09-27 09:10:49,894 INFO  LibraryManagementApi.Controllers.ReservationController - Active reservations count: 1
2024-09-27 09:10:49,899 INFO  LibraryManagementApi.Controllers.ReservationController - Fetching count of active reservations...
2024-09-27 09:10:49,906 INFO  LibraryManagementApi.Controllers.ReservationController - Active reservations count: 1
2024-09-27 09:10:49,917 INFO  LibraryManagementApi.Controllers.UserController - Fetching the total number of users...
2024-09-27 09:10:49,927 INFO  LibraryManagementApi.Controllers.UserController - Total number of users: 5
2024-09-27 09:10:49,934 INFO  LibraryManagementApi.Controllers.UserController - Fetching the total number of users...
2024-09-27 09:10:49,944 INFO  LibraryManagementApi.Controllers.UserController - Total number of users: 5
2024-09-27 09:10:49,952 INFO  LibraryManagementApi.Controllers.UserController - Fetching all users...
2024-09-27 09:10:49,974 INFO  LibraryManagementApi.Controllers.UserController - Users fetched successfully
2024-09-27 09:10:50,013 INFO  LibraryManagementApi.Controllers.UserController - Fetching all users...
2024-09-27 09:10:50,022 INFO  LibraryManagementApi.Controllers.UserController - Users fetched successfully
2024-09-27 09:10:52,196 INFO  LibraryManagementApi.Controllers.ReviewController - Fetching all reviews
2024-09-27 09:10:52,292 INFO  LibraryManagementApi.Controllers.ReviewController - All reviews fetched successfully
2024-09-27 09:10:52,297 INFO  LibraryManagementApi.Controllers.ReviewController - Fetching all reviews
2024-09-27 09:10:52,327 INFO  LibraryManagementApi.Controllers.ReviewController - All reviews fetched successfully
2024-09-27 09:13:01,873 INFO  LibraryManagementApi.Controllers.ReviewController - Fetching all reviews
2024-09-27 09:13:01,889 INFO  LibraryManagementApi.Controllers.ReviewController - All reviews fetched successfully
2024-09-27 09:13:01,894 INFO  LibraryManagementApi.Controllers.ReviewController - Fetching all reviews
2024-09-27 09:13:01,966 INFO  LibraryManagementApi.Controllers.ReviewController - All reviews fetched successfully
2024-09-27 09:13:57,341 INFO  LibraryManagementApi.Controllers.ReviewController - Fetching all reviews
2024-09-27 09:13:57,358 INFO  LibraryManagementApi.Controllers.ReviewController - All reviews fetched successfully
2024-09-27 09:15:11,068 INFO  LibraryManagementApi.Controllers.ReservationController - Fetching count of active reservations...
2024-09-27 09:15:11,075 INFO  LibraryManagementApi.Controllers.ReservationController - Active reservations count: 1
2024-09-27 09:15:11,077 INFO  LibraryManagementApi.Controllers.ReservationController - Fetching count of active reservations...
2024-09-27 09:15:11,082 INFO  LibraryManagementApi.Controllers.UserController - Fetching the total number of users...
2024-09-27 09:15:11,084 INFO  LibraryManagementApi.Controllers.ReservationController - Active reservations count: 1
2024-09-27 09:15:11,089 INFO  LibraryManagementApi.Controllers.UserController - Total number of users: 5
2024-09-27 09:15:11,091 INFO  LibraryManagementApi.Controllers.UserController - Fetching the total number of users...
2024-09-27 09:15:11,096 INFO  LibraryManagementApi.Controllers.UserController - Fetching all users...
2024-09-27 09:15:11,096 INFO  LibraryManagementApi.Controllers.UserController - Total number of users: 5
2024-09-27 09:15:11,103 INFO  LibraryManagementApi.Controllers.UserController - Users fetched successfully
2024-09-27 09:15:11,106 INFO  LibraryManagementApi.Controllers.UserController - Fetching all users...
2024-09-27 09:15:11,111 INFO  LibraryManagementApi.Controllers.UserController - Users fetched successfully
2024-09-27 09:15:12,908 INFO  LibraryManagementApi.Controllers.ReviewController - Fetching all reviews
2024-09-27 09:15:12,920 INFO  LibraryManagementApi.Controllers.ReviewController - All reviews fetched successfully
2024-09-27 09:15:12,922 INFO  LibraryManagementApi.Controllers.ReviewController - Fetching all reviews
2024-09-27 09:15:12,928 INFO  LibraryManagementApi.Controllers.ReviewController - All reviews fetched successfully
2024-09-27 09:19:42,769 INFO  LibraryManagementApi.Controllers.ReviewController - Fetching all reviews
2024-09-27 09:19:42,779 INFO  LibraryManagementApi.Controllers.ReviewController - All reviews fetched successfully
2024-09-27 09:19:59,778 INFO  LibraryManagementApi.Controllers.ReviewController - Fetching all reviews
2024-09-27 09:19:59,790 INFO  LibraryManagementApi.Controllers.ReviewController - All reviews fetched successfully
2024-09-27 09:27:26,311 INFO  LibraryManagementApi.Controllers.ReservationController - Fetching count of active reservations...
2024-09-27 09:27:26,321 INFO  LibraryManagementApi.Controllers.ReservationController - Active reservations count: 1
2024-09-27 09:27:26,324 INFO  LibraryManagementApi.Controllers.ReservationController - Fetching count of active reservations...
2024-09-27 09:27:26,328 INFO  LibraryManagementApi.Controllers.UserController - Fetching the total number of users...
2024-09-27 09:27:26,330 INFO  LibraryManagementApi.Controllers.ReservationController - Active reservations count: 1
2024-09-27 09:27:26,337 INFO  LibraryManagementApi.Controllers.UserController - Total number of users: 5
2024-09-27 09:27:26,340 INFO  LibraryManagementApi.Controllers.UserController - Fetching the total number of users...
2024-09-27 09:27:26,345 INFO  LibraryManagementApi.Controllers.UserController - Fetching all users...
2024-09-27 09:27:26,347 INFO  LibraryManagementApi.Controllers.UserController - Total number of users: 5
2024-09-27 09:27:26,353 INFO  LibraryManagementApi.Controllers.UserController - Users fetched successfully
2024-09-27 09:27:26,357 INFO  LibraryManagementApi.Controllers.UserController - Fetching all users...
2024-09-27 09:27:26,363 INFO  LibraryManagementApi.Controllers.UserController - Users fetched successfully
2024-09-27 09:28:42,785 INFO  LibraryManagementApi.Controllers.ReservationController - Fetching count of active reservations...
2024-09-27 09:28:42,793 INFO  LibraryManagementApi.Controllers.ReservationController - Active reservations count: 1
2024-09-27 09:28:42,796 INFO  LibraryManagementApi.Controllers.ReservationController - Fetching count of active reservations...
2024-09-27 09:28:42,798 INFO  LibraryManagementApi.Controllers.UserController - Fetching the total number of users...
2024-09-27 09:28:42,804 INFO  LibraryManagementApi.Controllers.ReservationController - Active reservations count: 1
2024-09-27 09:28:42,807 INFO  LibraryManagementApi.Controllers.UserController - Total number of users: 5
2024-09-27 09:28:42,810 INFO  LibraryManagementApi.Controllers.UserController - Fetching the total number of users...
2024-09-27 09:28:42,814 INFO  LibraryManagementApi.Controllers.UserController - Fetching all users...
2024-09-27 09:28:42,815 INFO  LibraryManagementApi.Controllers.UserController - Total number of users: 5
2024-09-27 09:28:42,822 INFO  LibraryManagementApi.Controllers.UserController - Users fetched successfully
2024-09-27 09:28:42,824 INFO  LibraryManagementApi.Controllers.UserController - Fetching all users...
2024-09-27 09:28:42,829 INFO  LibraryManagementApi.Controllers.UserController - Users fetched successfully
2024-09-27 09:37:29,185 INFO  LibraryManagementApi.Controllers.ReviewController - Fetching all reviews
2024-09-27 09:37:29,234 INFO  LibraryManagementApi.Controllers.ReviewController - All reviews fetched successfully
2024-09-27 09:37:29,241 INFO  LibraryManagementApi.Controllers.ReviewController - Fetching all reviews
2024-09-27 09:37:29,439 INFO  LibraryManagementApi.Controllers.ReviewController - All reviews fetched successfully
2024-09-27 09:40:10,296 INFO  LibraryManagementApi.Controllers.ReviewController - Fetching all reviews
2024-09-27 09:40:10,326 INFO  LibraryManagementApi.Controllers.ReviewController - All reviews fetched successfully
2024-09-27 09:40:10,333 INFO  LibraryManagementApi.Controllers.ReviewController - Fetching all reviews
2024-09-27 09:40:10,358 INFO  LibraryManagementApi.Controllers.ReviewController - All reviews fetched successfully
2024-09-27 09:48:19,624 INFO  LibraryManagementApi.Controllers.ReviewController - Fetching all reviews
2024-09-27 09:48:20,086 INFO  LibraryManagementApi.Controllers.ReviewController - All reviews fetched successfully
2024-09-27 09:49:00,606 INFO  LibraryManagementApi.Controllers.ReviewController - Fetching reviews by user: KanishkkaE
2024-09-27 09:49:00,675 WARN  LibraryManagementApi.Controllers.ReviewController - No reviews found by user KanishkkaE
2024-09-27 09:49:32,932 INFO  LibraryManagementApi.Controllers.ReviewController - Fetching reviews by user: Nithish
2024-09-27 09:49:32,982 INFO  LibraryManagementApi.Controllers.ReviewController - Reviews by user Nithish fetched successfully
2024-09-27 09:50:11,954 INFO  LibraryManagementApi.Controllers.ReviewController - Fetching reviews for book with title: Galactic Frontiers
2024-09-27 09:50:13,190 INFO  LibraryManagementApi.Controllers.ReviewController - Reviews for book titled Galactic Frontiers fetched successfully
2024-09-27 09:50:48,899 INFO  LibraryManagementApi.Controllers.ReservationController - Fetching count of active reservations...
2024-09-27 09:50:48,926 INFO  LibraryManagementApi.Controllers.ReservationController - Active reservations count: 1
2024-09-27 09:50:48,938 INFO  LibraryManagementApi.Controllers.ReservationController - Fetching count of active reservations...
2024-09-27 09:50:48,966 INFO  LibraryManagementApi.Controllers.ReservationController - Active reservations count: 1
2024-09-27 09:50:48,982 INFO  LibraryManagementApi.Controllers.UserController - Fetching the total number of users...
2024-09-27 09:50:49,010 INFO  LibraryManagementApi.Controllers.UserController - Total number of users: 5
2024-09-27 09:50:49,021 INFO  LibraryManagementApi.Controllers.UserController - Fetching the total number of users...
2024-09-27 09:50:49,038 INFO  LibraryManagementApi.Controllers.UserController - Total number of users: 5
2024-09-27 09:50:49,050 INFO  LibraryManagementApi.Controllers.UserController - Fetching all users...
2024-09-27 09:50:49,083 INFO  LibraryManagementApi.Controllers.UserController - Users fetched successfully
2024-09-27 09:50:49,162 INFO  LibraryManagementApi.Controllers.UserController - Fetching all users...
2024-09-27 09:50:49,182 INFO  LibraryManagementApi.Controllers.UserController - Users fetched successfully
2024-09-27 09:50:50,922 INFO  LibraryManagementApi.Controllers.ReviewController - Fetching all reviews
2024-09-27 09:50:50,946 INFO  LibraryManagementApi.Controllers.ReviewController - All reviews fetched successfully
2024-09-27 09:50:50,953 INFO  LibraryManagementApi.Controllers.ReviewController - Fetching all reviews
2024-09-27 09:50:50,965 INFO  LibraryManagementApi.Controllers.ReviewController - All reviews fetched successfully
2024-09-27 09:58:24,741 INFO  LibraryManagementApi.Controllers.ReviewController - Fetching all reviews
2024-09-27 09:58:24,787 INFO  LibraryManagementApi.Controllers.ReviewController - All reviews fetched successfully
2024-09-27 09:58:24,795 INFO  LibraryManagementApi.Controllers.ReviewController - Fetching all reviews
2024-09-27 09:58:24,833 INFO  LibraryManagementApi.Controllers.ReviewController - All reviews fetched successfully
2024-09-27 09:58:36,547 INFO  LibraryManagementApi.Controllers.ReviewController - Fetching all reviews
2024-09-27 09:58:36,578 INFO  LibraryManagementApi.Controllers.ReviewController - All reviews fetched successfully
2024-09-27 09:58:37,669 INFO  LibraryManagementApi.Controllers.ReviewController - Fetching all reviews
2024-09-27 09:58:37,700 INFO  LibraryManagementApi.Controllers.ReviewController - All reviews fetched successfully
2024-09-27 09:58:37,875 INFO  LibraryManagementApi.Controllers.ReviewController - Fetching all reviews
2024-09-27 09:58:37,903 INFO  LibraryManagementApi.Controllers.ReviewController - All reviews fetched successfully
2024-09-27 09:58:38,446 INFO  LibraryManagementApi.Controllers.ReviewController - Fetching all reviews
2024-09-27 09:58:38,480 INFO  LibraryManagementApi.Controllers.ReviewController - All reviews fetched successfully
2024-09-27 10:02:25,958 INFO  LibraryManagementApi.Controllers.ReviewController - Fetching all reviews
2024-09-27 10:02:25,985 INFO  LibraryManagementApi.Controllers.ReviewController - All reviews fetched successfully
2024-09-27 10:02:25,994 INFO  LibraryManagementApi.Controllers.ReviewController - Fetching all reviews
2024-09-27 10:02:26,038 INFO  LibraryManagementApi.Controllers.ReviewController - All reviews fetched successfully
2024-09-27 10:02:35,081 INFO  LibraryManagementApi.Controllers.ReviewController - Fetching reviews by user: nithish
2024-09-27 10:02:35,118 INFO  LibraryManagementApi.Controllers.ReviewController - Reviews by user nithish fetched successfully
2024-09-27 10:03:01,446 INFO  LibraryManagementApi.Controllers.ReservationController - Fetching count of active reservations...
2024-09-27 10:03:01,468 INFO  LibraryManagementApi.Controllers.ReservationController - Active reservations count: 1
2024-09-27 10:03:01,474 INFO  LibraryManagementApi.Controllers.ReservationController - Fetching count of active reservations...
2024-09-27 10:03:01,484 INFO  LibraryManagementApi.Controllers.UserController - Fetching the total number of users...
2024-09-27 10:03:01,488 INFO  LibraryManagementApi.Controllers.ReservationController - Active reservations count: 1
2024-09-27 10:03:01,506 INFO  LibraryManagementApi.Controllers.UserController - Total number of users: 5
2024-09-27 10:03:01,512 INFO  LibraryManagementApi.Controllers.UserController - Fetching the total number of users...
2024-09-27 10:03:01,523 INFO  LibraryManagementApi.Controllers.UserController - Fetching all users...
2024-09-27 10:03:01,528 INFO  LibraryManagementApi.Controllers.UserController - Total number of users: 5
2024-09-27 10:03:01,548 INFO  LibraryManagementApi.Controllers.UserController - Users fetched successfully
2024-09-27 10:03:01,557 INFO  LibraryManagementApi.Controllers.UserController - Fetching all users...
2024-09-27 10:03:01,576 INFO  LibraryManagementApi.Controllers.UserController - Users fetched successfully
2024-09-27 10:03:05,499 INFO  LibraryManagementApi.Controllers.ReviewController - Fetching all reviews
2024-09-27 10:03:05,523 INFO  LibraryManagementApi.Controllers.ReviewController - All reviews fetched successfully
2024-09-27 10:03:05,529 INFO  LibraryManagementApi.Controllers.ReviewController - Fetching all reviews
2024-09-27 10:03:05,546 INFO  LibraryManagementApi.Controllers.ReviewController - All reviews fetched successfully
2024-09-27 10:04:06,175 INFO  LibraryManagementApi.Controllers.ReviewController - Fetching all reviews
2024-09-27 10:04:06,216 INFO  LibraryManagementApi.Controllers.ReviewController - All reviews fetched successfully
2024-09-27 10:04:06,230 INFO  LibraryManagementApi.Controllers.ReviewController - Fetching all reviews
2024-09-27 10:04:06,299 INFO  LibraryManagementApi.Controllers.ReviewController - All reviews fetched successfully
2024-09-27 10:04:11,725 INFO  LibraryManagementApi.Controllers.ReviewController - Fetching all reviews
2024-09-27 10:04:11,769 INFO  LibraryManagementApi.Controllers.ReviewController - All reviews fetched successfully
2024-09-27 10:04:11,787 INFO  LibraryManagementApi.Controllers.ReviewController - Fetching all reviews
2024-09-27 10:04:11,845 INFO  LibraryManagementApi.Controllers.ReviewController - All reviews fetched successfully
2024-09-27 10:04:27,838 INFO  LibraryManagementApi.Controllers.ReviewController - Fetching reviews by user: nithish
2024-09-27 10:04:27,867 INFO  LibraryManagementApi.Controllers.ReviewController - Reviews by user nithish fetched successfully
2024-09-27 10:04:43,052 INFO  LibraryManagementApi.Controllers.ReservationController - Fetching count of active reservations...
2024-09-27 10:04:43,072 INFO  LibraryManagementApi.Controllers.ReservationController - Active reservations count: 1
2024-09-27 10:04:43,079 INFO  LibraryManagementApi.Controllers.ReservationController - Fetching count of active reservations...
2024-09-27 10:04:43,095 INFO  LibraryManagementApi.Controllers.UserController - Fetching the total number of users...
2024-09-27 10:04:43,107 INFO  LibraryManagementApi.Controllers.ReservationController - Active reservations count: 1
2024-09-27 10:04:43,126 INFO  LibraryManagementApi.Controllers.UserController - Total number of users: 5
2024-09-27 10:04:43,131 INFO  LibraryManagementApi.Controllers.UserController - Fetching the total number of users...
2024-09-27 10:04:43,142 INFO  LibraryManagementApi.Controllers.UserController - Fetching all users...
2024-09-27 10:04:43,146 INFO  LibraryManagementApi.Controllers.UserController - Total number of users: 5
2024-09-27 10:04:43,170 INFO  LibraryManagementApi.Controllers.UserController - Users fetched successfully
2024-09-27 10:04:43,177 INFO  LibraryManagementApi.Controllers.UserController - Fetching all users...
2024-09-27 10:04:43,199 INFO  LibraryManagementApi.Controllers.UserController - Users fetched successfully
2024-09-27 10:05:46,935 INFO  LibraryManagementApi.Controllers.ReviewController - Fetching all reviews
2024-09-27 10:05:46,968 INFO  LibraryManagementApi.Controllers.ReviewController - All reviews fetched successfully
2024-09-27 10:05:46,976 INFO  LibraryManagementApi.Controllers.ReviewController - Fetching all reviews
2024-09-27 10:05:46,997 INFO  LibraryManagementApi.Controllers.ReviewController - All reviews fetched successfully
2024-09-27 10:05:51,706 INFO  LibraryManagementApi.Controllers.ReviewController - Fetching all reviews
2024-09-27 10:05:51,744 INFO  LibraryManagementApi.Controllers.ReviewController - All reviews fetched successfully
2024-09-27 10:05:51,757 INFO  LibraryManagementApi.Controllers.ReviewController - Fetching all reviews
2024-09-27 10:05:51,791 INFO  LibraryManagementApi.Controllers.ReviewController - All reviews fetched successfully
2024-09-27 10:30:09,550 INFO  LibraryManagementApi.Controllers.ReservationController - Fetching count of active reservations...
2024-09-27 10:30:09,573 INFO  LibraryManagementApi.Controllers.ReservationController - Active reservations count: 1
2024-09-27 10:30:09,578 INFO  LibraryManagementApi.Controllers.ReservationController - Fetching count of active reservations...
2024-09-27 10:30:09,586 INFO  LibraryManagementApi.Controllers.ReservationController - Active reservations count: 1
2024-09-27 10:30:09,594 INFO  LibraryManagementApi.Controllers.UserController - Fetching the total number of users...
2024-09-27 10:30:09,606 INFO  LibraryManagementApi.Controllers.UserController - Total number of users: 5
2024-09-27 10:30:09,610 INFO  LibraryManagementApi.Controllers.UserController - Fetching the total number of users...
2024-09-27 10:30:09,617 INFO  LibraryManagementApi.Controllers.UserController - Total number of users: 5
2024-09-27 10:30:09,625 INFO  LibraryManagementApi.Controllers.UserController - Fetching all users...
2024-09-27 10:30:09,647 INFO  LibraryManagementApi.Controllers.UserController - Users fetched successfully
2024-09-27 10:30:09,689 INFO  LibraryManagementApi.Controllers.UserController - Fetching all users...
2024-09-27 10:30:09,697 INFO  LibraryManagementApi.Controllers.UserController - Users fetched successfully
2024-09-27 10:30:48,190 INFO  LibraryManagementApi.Controllers.ReservationController - Fetching count of active reservations...
2024-09-27 10:30:48,205 INFO  LibraryManagementApi.Controllers.ReservationController - Active reservations count: 1
2024-09-27 10:30:48,255 INFO  LibraryManagementApi.Controllers.UserController - Fetching the total number of users...
2024-09-27 10:30:48,270 INFO  LibraryManagementApi.Controllers.UserController - Total number of users: 5
2024-09-27 10:30:48,286 INFO  LibraryManagementApi.Controllers.UserController - Fetching all users...
2024-09-27 10:30:48,298 INFO  LibraryManagementApi.Controllers.UserController - Users fetched successfully
2024-09-27 10:31:55,892 INFO  LibraryManagementApi.Controllers.ReservationController - Fetching count of active reservations...
2024-09-27 10:31:55,898 INFO  LibraryManagementApi.Controllers.ReservationController - Active reservations count: 1
2024-09-27 10:31:55,904 INFO  LibraryManagementApi.Controllers.ReservationController - Fetching count of active reservations...
2024-09-27 10:31:55,909 INFO  LibraryManagementApi.Controllers.UserController - Fetching the total number of users...
2024-09-27 10:31:55,912 INFO  LibraryManagementApi.Controllers.ReservationController - Active reservations count: 1
2024-09-27 10:31:55,917 INFO  LibraryManagementApi.Controllers.UserController - Total number of users: 5
2024-09-27 10:31:55,922 INFO  LibraryManagementApi.Controllers.UserController - Fetching the total number of users...
2024-09-27 10:31:55,927 INFO  LibraryManagementApi.Controllers.UserController - Fetching all users...
2024-09-27 10:31:55,929 INFO  LibraryManagementApi.Controllers.UserController - Total number of users: 5
2024-09-27 10:31:55,942 INFO  LibraryManagementApi.Controllers.UserController - Users fetched successfully
2024-09-27 10:31:55,945 INFO  LibraryManagementApi.Controllers.UserController - Fetching all users...
2024-09-27 10:31:55,957 INFO  LibraryManagementApi.Controllers.UserController - Users fetched successfully
2024-09-27 10:32:23,450 INFO  LibraryManagementApi.Controllers.ReviewController - Fetching all reviews
2024-09-27 10:32:23,495 INFO  LibraryManagementApi.Controllers.ReviewController - All reviews fetched successfully
2024-09-27 10:32:23,503 INFO  LibraryManagementApi.Controllers.ReviewController - Fetching all reviews
2024-09-27 10:32:23,508 INFO  LibraryManagementApi.Controllers.ReviewController - All reviews fetched successfully
2024-09-27 10:33:46,525 INFO  LibraryManagementApi.Controllers.ReviewController - Fetching all reviews
2024-09-27 10:33:46,534 INFO  LibraryManagementApi.Controllers.ReviewController - All reviews fetched successfully
2024-09-27 10:33:46,538 INFO  LibraryManagementApi.Controllers.ReviewController - Fetching all reviews
2024-09-27 10:33:46,545 INFO  LibraryManagementApi.Controllers.ReviewController - All reviews fetched successfully
2024-09-27 10:35:40,607 INFO  LibraryManagementApi.Controllers.ReservationController - Fetching count of active reservations...
2024-09-27 10:35:40,616 INFO  LibraryManagementApi.Controllers.ReservationController - Active reservations count: 1
2024-09-27 10:35:40,618 INFO  LibraryManagementApi.Controllers.ReservationController - Fetching count of active reservations...
2024-09-27 10:35:40,627 INFO  LibraryManagementApi.Controllers.ReservationController - Active reservations count: 1
2024-09-27 10:35:40,627 INFO  LibraryManagementApi.Controllers.UserController - Fetching the total number of users...
2024-09-27 10:35:40,632 INFO  LibraryManagementApi.Controllers.UserController - Total number of users: 5
2024-09-27 10:35:40,634 INFO  LibraryManagementApi.Controllers.UserController - Fetching the total number of users...
2024-09-27 10:35:40,639 INFO  LibraryManagementApi.Controllers.UserController - Fetching all users...
2024-09-27 10:35:40,641 INFO  LibraryManagementApi.Controllers.UserController - Total number of users: 5
2024-09-27 10:35:40,646 INFO  LibraryManagementApi.Controllers.UserController - Users fetched successfully
2024-09-27 10:35:40,649 INFO  LibraryManagementApi.Controllers.UserController - Fetching all users...
2024-09-27 10:35:40,658 INFO  LibraryManagementApi.Controllers.UserController - Users fetched successfully
2024-09-27 10:35:47,818 INFO  LibraryManagementApi.Controllers.ReservationController - Fetching reservations with status: Active
2024-09-27 10:35:47,852 INFO  LibraryManagementApi.Controllers.ReservationController - Reservations fetched successfully
2024-09-27 10:35:50,229 INFO  LibraryManagementApi.Controllers.ReservationController - Fetching all reservations...
2024-09-27 10:35:50,248 INFO  LibraryManagementApi.Controllers.ReservationController - Reservations fetched successfully
2024-09-27 10:37:13,078 INFO  LibraryManagementApi.Controllers.UserController - Fetching user with ID: 1
2024-09-27 10:37:13,107 INFO  LibraryManagementApi.Controllers.UserController - User with ID 1 fetched successfully
2024-09-27 10:37:13,111 INFO  LibraryManagementApi.Controllers.UserController - Fetching user with ID: 1
2024-09-27 10:37:13,117 INFO  LibraryManagementApi.Controllers.UserController - User with ID 1 fetched successfully
2024-09-27 10:37:27,615 INFO  LibraryManagementApi.Controllers.UserController - Fetching user with ID: 1
2024-09-27 10:37:27,624 INFO  LibraryManagementApi.Controllers.UserController - User with ID 1 fetched successfully
2024-09-27 10:37:27,627 INFO  LibraryManagementApi.Controllers.UserController - Fetching user with ID: 1
2024-09-27 10:37:27,635 INFO  LibraryManagementApi.Controllers.UserController - User with ID 1 fetched successfully
2024-09-27 10:39:27,092 INFO  LibraryManagementApi.Controllers.ReviewController - Fetching all reviews
2024-09-27 10:39:27,107 INFO  LibraryManagementApi.Controllers.ReviewController - All reviews fetched successfully
2024-09-27 10:39:27,111 INFO  LibraryManagementApi.Controllers.ReviewController - Fetching all reviews
2024-09-27 10:39:27,121 INFO  LibraryManagementApi.Controllers.ReviewController - All reviews fetched successfully
2024-09-27 11:40:01,882 INFO  LibraryManagementApi.Controllers.ReservationController - Fetching count of active reservations...
2024-09-27 11:40:01,961 INFO  LibraryManagementApi.Controllers.ReservationController - Active reservations count: 3
2024-09-27 11:40:01,974 INFO  LibraryManagementApi.Controllers.ReservationController - Fetching count of active reservations...
2024-09-27 11:40:01,994 INFO  LibraryManagementApi.Controllers.ReservationController - Active reservations count: 3
2024-09-27 11:40:02,009 INFO  LibraryManagementApi.Controllers.UserController - Fetching the total number of users...
2024-09-27 11:40:02,033 INFO  LibraryManagementApi.Controllers.UserController - Total number of users: 18
2024-09-27 11:40:02,046 INFO  LibraryManagementApi.Controllers.UserController - Fetching the total number of users...
2024-09-27 11:40:02,066 INFO  LibraryManagementApi.Controllers.UserController - Total number of users: 18
2024-09-27 11:40:02,080 INFO  LibraryManagementApi.Controllers.UserController - Fetching all users...
2024-09-27 11:40:02,144 INFO  LibraryManagementApi.Controllers.UserController - Users fetched successfully
2024-09-27 11:40:02,263 INFO  LibraryManagementApi.Controllers.UserController - Fetching all users...
2024-09-27 11:40:02,289 INFO  LibraryManagementApi.Controllers.UserController - Users fetched successfully
2024-09-27 11:40:37,178 INFO  LibraryManagementApi.Controllers.ReservationController - Fetching count of active reservations...
2024-09-27 11:40:37,194 INFO  LibraryManagementApi.Controllers.ReservationController - Active reservations count: 3
2024-09-27 11:40:37,204 INFO  LibraryManagementApi.Controllers.ReservationController - Fetching count of active reservations...
2024-09-27 11:40:37,219 INFO  LibraryManagementApi.Controllers.UserController - Fetching the total number of users...
2024-09-27 11:40:37,224 INFO  LibraryManagementApi.Controllers.ReservationController - Active reservations count: 3
2024-09-27 11:40:37,242 INFO  LibraryManagementApi.Controllers.UserController - Total number of users: 18
2024-09-27 11:40:37,251 INFO  LibraryManagementApi.Controllers.UserController - Fetching the total number of users...
2024-09-27 11:40:37,273 INFO  LibraryManagementApi.Controllers.UserController - Fetching all users...
2024-09-27 11:40:37,283 INFO  LibraryManagementApi.Controllers.UserController - Total number of users: 18
2024-09-27 11:40:37,311 INFO  LibraryManagementApi.Controllers.UserController - Users fetched successfully
2024-09-27 11:40:37,324 INFO  LibraryManagementApi.Controllers.UserController - Fetching all users...
2024-09-27 11:40:37,345 INFO  LibraryManagementApi.Controllers.UserController - Users fetched successfully
2024-09-27 11:41:07,196 INFO  LibraryManagementApi.Controllers.ReservationController - Fetching count of active reservations...
2024-09-27 11:41:07,221 INFO  LibraryManagementApi.Controllers.ReservationController - Active reservations count: 3
2024-09-27 11:41:07,233 INFO  LibraryManagementApi.Controllers.ReservationController - Fetching count of active reservations...
2024-09-27 11:41:07,247 INFO  LibraryManagementApi.Controllers.UserController - Fetching the total number of users...
2024-09-27 11:41:07,253 INFO  LibraryManagementApi.Controllers.ReservationController - Active reservations count: 3
2024-09-27 11:41:07,274 INFO  LibraryManagementApi.Controllers.UserController - Total number of users: 18
2024-09-27 11:41:07,281 INFO  LibraryManagementApi.Controllers.UserController - Fetching the total number of users...
2024-09-27 11:41:07,293 INFO  LibraryManagementApi.Controllers.UserController - Fetching all users...
2024-09-27 11:41:07,301 INFO  LibraryManagementApi.Controllers.UserController - Total number of users: 18
2024-09-27 11:41:07,319 INFO  LibraryManagementApi.Controllers.UserController - Users fetched successfully
2024-09-27 11:41:07,333 INFO  LibraryManagementApi.Controllers.UserController - Fetching all users...
2024-09-27 11:41:07,352 INFO  LibraryManagementApi.Controllers.UserController - Users fetched successfully
2024-09-27 11:41:27,237 INFO  LibraryManagementApi.Controllers.ReservationController - Fetching count of active reservations...
2024-09-27 11:41:27,257 INFO  LibraryManagementApi.Controllers.ReservationController - Active reservations count: 3
2024-09-27 11:41:27,261 INFO  LibraryManagementApi.Controllers.ReservationController - Fetching count of active reservations...
2024-09-27 11:41:27,272 INFO  LibraryManagementApi.Controllers.UserController - Fetching the total number of users...
2024-09-27 11:41:27,283 INFO  LibraryManagementApi.Controllers.ReservationController - Active reservations count: 3
2024-09-27 11:41:27,296 INFO  LibraryManagementApi.Controllers.UserController - Total number of users: 18
2024-09-27 11:41:27,304 INFO  LibraryManagementApi.Controllers.UserController - Fetching the total number of users...
2024-09-27 11:41:27,320 INFO  LibraryManagementApi.Controllers.UserController - Fetching all users...
2024-09-27 11:41:27,327 INFO  LibraryManagementApi.Controllers.UserController - Total number of users: 18
2024-09-27 11:41:27,338 INFO  LibraryManagementApi.Controllers.UserController - Users fetched successfully
2024-09-27 11:41:27,345 INFO  LibraryManagementApi.Controllers.UserController - Fetching all users...
2024-09-27 11:41:27,359 INFO  LibraryManagementApi.Controllers.UserController - Users fetched successfully
2024-09-27 11:41:38,049 INFO  LibraryManagementApi.Controllers.ReservationController - Fetching all reservations...
2024-09-27 11:41:38,196 INFO  LibraryManagementApi.Controllers.ReservationController - Reservations fetched successfully
2024-09-27 11:41:38,220 INFO  LibraryManagementApi.Controllers.ReservationController - Fetching all reservations...
2024-09-27 11:41:38,246 INFO  LibraryManagementApi.Controllers.ReservationController - Reservations fetched successfully
2024-09-27 11:41:44,755 INFO  LibraryManagementApi.Controllers.ReservationController - Fetching count of active reservations...
2024-09-27 11:41:44,775 INFO  LibraryManagementApi.Controllers.ReservationController - Active reservations count: 3
2024-09-27 11:41:44,782 INFO  LibraryManagementApi.Controllers.ReservationController - Fetching count of active reservations...
2024-09-27 11:41:44,793 INFO  LibraryManagementApi.Controllers.UserController - Fetching the total number of users...
2024-09-27 11:41:44,800 INFO  LibraryManagementApi.Controllers.ReservationController - Active reservations count: 3
2024-09-27 11:41:44,832 INFO  LibraryManagementApi.Controllers.UserController - Total number of users: 18
2024-09-27 11:41:44,841 INFO  LibraryManagementApi.Controllers.UserController - Fetching the total number of users...
2024-09-27 11:41:44,851 INFO  LibraryManagementApi.Controllers.UserController - Fetching all users...
2024-09-27 11:41:44,859 INFO  LibraryManagementApi.Controllers.UserController - Total number of users: 18
2024-09-27 11:41:44,871 INFO  LibraryManagementApi.Controllers.UserController - Users fetched successfully
2024-09-27 11:41:44,877 INFO  LibraryManagementApi.Controllers.UserController - Fetching all users...
2024-09-27 11:41:44,892 INFO  LibraryManagementApi.Controllers.UserController - Users fetched successfully
2024-09-27 11:42:23,469 INFO  LibraryManagementApi.Controllers.UserController - Fetching user with ID: 4
2024-09-27 11:42:23,588 INFO  LibraryManagementApi.Controllers.UserController - User with ID 4 fetched successfully
2024-09-27 11:42:23,594 INFO  LibraryManagementApi.Controllers.UserController - Fetching user with ID: 4
2024-09-27 11:42:23,623 INFO  LibraryManagementApi.Controllers.UserController - User with ID 4 fetched successfully
2024-09-27 11:45:30,738 INFO  LibraryManagementApi.Controllers.ReservationController - Fetching count of active reservations...
2024-09-27 11:45:30,755 INFO  LibraryManagementApi.Controllers.ReservationController - Active reservations count: 3
2024-09-27 11:45:30,760 INFO  LibraryManagementApi.Controllers.ReservationController - Fetching count of active reservations...
2024-09-27 11:45:30,773 INFO  LibraryManagementApi.Controllers.UserController - Fetching the total number of users...
2024-09-27 11:45:30,779 INFO  LibraryManagementApi.Controllers.ReservationController - Active reservations count: 3
2024-09-27 11:45:30,793 INFO  LibraryManagementApi.Controllers.UserController - Total number of users: 18
2024-09-27 11:45:30,799 INFO  LibraryManagementApi.Controllers.UserController - Fetching the total number of users...
2024-09-27 11:45:30,807 INFO  LibraryManagementApi.Controllers.UserController - Fetching all users...
2024-09-27 11:45:30,812 INFO  LibraryManagementApi.Controllers.UserController - Total number of users: 18
2024-09-27 11:45:30,829 INFO  LibraryManagementApi.Controllers.UserController - Users fetched successfully
2024-09-27 11:45:30,863 INFO  LibraryManagementApi.Controllers.UserController - Fetching all users...
2024-09-27 11:45:30,882 INFO  LibraryManagementApi.Controllers.UserController - Users fetched successfully
2024-09-27 11:45:35,141 INFO  LibraryManagementApi.Controllers.ReservationController - Fetching count of active reservations...
2024-09-27 11:45:35,161 INFO  LibraryManagementApi.Controllers.ReservationController - Active reservations count: 3
2024-09-27 11:45:35,181 INFO  LibraryManagementApi.Controllers.ReservationController - Fetching count of active reservations...
2024-09-27 11:45:35,191 INFO  LibraryManagementApi.Controllers.UserController - Fetching the total number of users...
2024-09-27 11:45:35,197 INFO  LibraryManagementApi.Controllers.ReservationController - Active reservations count: 3
2024-09-27 11:45:35,220 INFO  LibraryManagementApi.Controllers.UserController - Total number of users: 18
2024-09-27 11:45:35,226 INFO  LibraryManagementApi.Controllers.UserController - Fetching the total number of users...
2024-09-27 11:45:35,228 INFO  LibraryManagementApi.Controllers.UserController - Fetching all users...
2024-09-27 11:45:35,241 INFO  LibraryManagementApi.Controllers.UserController - Total number of users: 18
2024-09-27 11:45:35,256 INFO  LibraryManagementApi.Controllers.UserController - Users fetched successfully
2024-09-27 11:45:35,265 INFO  LibraryManagementApi.Controllers.UserController - Fetching all users...
2024-09-27 11:45:35,281 INFO  LibraryManagementApi.Controllers.UserController - Users fetched successfully
2024-09-27 11:46:07,871 INFO  LibraryManagementApi.Controllers.ReviewController - Fetching all reviews
2024-09-27 11:46:08,046 INFO  LibraryManagementApi.Controllers.ReviewController - All reviews fetched successfully
2024-09-27 11:46:08,055 INFO  LibraryManagementApi.Controllers.ReviewController - Fetching all reviews
2024-09-27 11:46:08,068 INFO  LibraryManagementApi.Controllers.ReviewController - All reviews fetched successfully
2024-09-27 11:46:16,224 INFO  LibraryManagementApi.Controllers.UserController - Fetching user with ID: 4
2024-09-27 11:46:16,241 INFO  LibraryManagementApi.Controllers.UserController - User with ID 4 fetched successfully
2024-09-27 11:46:16,248 INFO  LibraryManagementApi.Controllers.UserController - Fetching user with ID: 4
2024-09-27 11:46:16,269 INFO  LibraryManagementApi.Controllers.UserController - User with ID 4 fetched successfully
2024-09-27 11:46:22,893 INFO  LibraryManagementApi.Controllers.UserController - Updating user with ID: 4
2024-09-27 11:46:23,983 INFO  LibraryManagementApi.Controllers.UserController - User with ID 4 updated successfully
2024-09-27 11:46:23,991 INFO  LibraryManagementApi.Controllers.UserController - Fetching user with ID: 4
2024-09-27 11:46:24,012 INFO  LibraryManagementApi.Controllers.UserController - User with ID 4 fetched successfully
2024-09-27 11:47:43,661 INFO  LibraryManagementApi.Controllers.EventController - Fetching upcoming events...
2024-09-27 11:47:43,730 INFO  LibraryManagementApi.Controllers.EventController - Upcoming events retrieved successfully
2024-09-27 11:47:43,739 INFO  LibraryManagementApi.Controllers.EventController - Fetching upcoming events...
2024-09-27 11:47:43,748 INFO  LibraryManagementApi.Controllers.EventController - Upcoming events retrieved successfully
2024-09-27 11:47:58,300 INFO  LibraryManagementApi.Controllers.EventController - Adding a new event...
2024-09-27 11:47:58,618 INFO  LibraryManagementApi.Controllers.EventController - Event 'vbn' added successfully
2024-09-27 11:47:58,691 INFO  LibraryManagementApi.Controllers.EventController - Fetching upcoming events...
2024-09-27 11:47:58,706 INFO  LibraryManagementApi.Controllers.EventController - Upcoming events retrieved successfully
2024-09-27 11:48:04,621 INFO  LibraryManagementApi.Controllers.ReservationController - Fetching count of active reservations...
2024-09-27 11:48:04,646 INFO  LibraryManagementApi.Controllers.ReservationController - Active reservations count: 3
2024-09-27 11:48:04,662 INFO  LibraryManagementApi.Controllers.ReservationController - Fetching count of active reservations...
2024-09-27 11:48:04,678 INFO  LibraryManagementApi.Controllers.UserController - Fetching the total number of users...
2024-09-27 11:48:04,683 INFO  LibraryManagementApi.Controllers.ReservationController - Active reservations count: 3
2024-09-27 11:48:04,700 INFO  LibraryManagementApi.Controllers.UserController - Total number of users: 18
2024-09-27 11:48:04,706 INFO  LibraryManagementApi.Controllers.UserController - Fetching the total number of users...
2024-09-27 11:48:04,716 INFO  LibraryManagementApi.Controllers.UserController - Fetching all users...
2024-09-27 11:48:04,735 INFO  LibraryManagementApi.Controllers.UserController - Total number of users: 18
2024-09-27 11:48:04,751 INFO  LibraryManagementApi.Controllers.UserController - Users fetched successfully
2024-09-27 11:48:04,757 INFO  LibraryManagementApi.Controllers.UserController - Fetching all users...
2024-09-27 11:48:04,770 INFO  LibraryManagementApi.Controllers.UserController - Users fetched successfully
2024-09-27 11:48:06,077 INFO  LibraryManagementApi.Controllers.EventController - Fetching upcoming events...
2024-09-27 11:48:06,095 INFO  LibraryManagementApi.Controllers.EventController - Upcoming events retrieved successfully
2024-09-27 11:48:06,099 INFO  LibraryManagementApi.Controllers.EventController - Fetching upcoming events...
2024-09-27 11:48:06,114 INFO  LibraryManagementApi.Controllers.EventController - Upcoming events retrieved successfully
2024-09-27 11:48:21,448 INFO  LibraryManagementApi.Controllers.EventController - Adding a new event...
2024-09-27 11:48:21,502 INFO  LibraryManagementApi.Controllers.EventController - Event 'dfg' added successfully
2024-09-27 11:48:21,518 INFO  LibraryManagementApi.Controllers.EventController - Fetching upcoming events...
2024-09-27 11:48:21,688 INFO  LibraryManagementApi.Controllers.EventController - Upcoming events retrieved successfully
2024-09-27 11:48:52,763 INFO  LibraryManagementApi.Controllers.EventController - Adding a new event...
2024-09-27 11:48:52,786 INFO  LibraryManagementApi.Controllers.EventController - Event 'sdf' added successfully
2024-09-27 11:48:52,837 INFO  LibraryManagementApi.Controllers.EventController - Fetching upcoming events...
2024-09-27 11:48:52,856 INFO  LibraryManagementApi.Controllers.EventController - Upcoming events retrieved successfully
2024-09-27 11:51:25,292 INFO  LibraryManagementApi.Controllers.ReviewController - Fetching all reviews
2024-09-27 11:51:25,370 INFO  LibraryManagementApi.Controllers.ReviewController - All reviews fetched successfully
2024-09-27 11:51:25,391 INFO  LibraryManagementApi.Controllers.ReviewController - Fetching all reviews
2024-09-27 11:51:25,411 INFO  LibraryManagementApi.Controllers.ReviewController - All reviews fetched successfully
2024-09-27 11:51:33,334 INFO  LibraryManagementApi.Controllers.ReservationController - Fetching all reservations...
2024-09-27 11:51:33,375 INFO  LibraryManagementApi.Controllers.ReservationController - Reservations fetched successfully
2024-09-27 11:51:33,381 INFO  LibraryManagementApi.Controllers.ReservationController - Fetching all reservations...
2024-09-27 11:51:33,405 INFO  LibraryManagementApi.Controllers.ReservationController - Reservations fetched successfully
2024-09-27 11:51:40,348 INFO  LibraryManagementApi.Controllers.ReservationController - Fetching all reservations...
2024-09-27 11:51:40,384 INFO  LibraryManagementApi.Controllers.ReservationController - Reservations fetched successfully
2024-09-27 11:51:40,389 INFO  LibraryManagementApi.Controllers.ReservationController - Fetching all reservations...
2024-09-27 11:51:40,416 INFO  LibraryManagementApi.Controllers.ReservationController - Reservations fetched successfully
2024-09-27 11:52:01,002 INFO  LibraryManagementApi.Controllers.ReservationController - Fetching count of active reservations...
2024-09-27 11:52:01,021 INFO  LibraryManagementApi.Controllers.ReservationController - Active reservations count: 3
2024-09-27 11:52:01,025 INFO  LibraryManagementApi.Controllers.ReservationController - Fetching count of active reservations...
2024-09-27 11:52:01,037 INFO  LibraryManagementApi.Controllers.UserController - Fetching the total number of users...
2024-09-27 11:52:01,043 INFO  LibraryManagementApi.Controllers.ReservationController - Active reservations count: 3
2024-09-27 11:52:01,052 INFO  LibraryManagementApi.Controllers.UserController - Total number of users: 18
2024-09-27 11:52:01,059 INFO  LibraryManagementApi.Controllers.UserController - Fetching the total number of users...
2024-09-27 11:52:01,079 INFO  LibraryManagementApi.Controllers.UserController - Fetching all users...
2024-09-27 11:52:01,084 INFO  LibraryManagementApi.Controllers.UserController - Total number of users: 18
2024-09-27 11:52:01,096 INFO  LibraryManagementApi.Controllers.UserController - Users fetched successfully
2024-09-27 11:52:01,102 INFO  LibraryManagementApi.Controllers.UserController - Fetching all users...
2024-09-27 11:52:01,113 INFO  LibraryManagementApi.Controllers.UserController - Users fetched successfully
2024-09-27 11:52:16,882 INFO  LibraryManagementApi.Controllers.ReviewController - Fetching all reviews
2024-09-27 11:52:16,912 INFO  LibraryManagementApi.Controllers.ReviewController - All reviews fetched successfully
2024-09-27 11:52:16,916 INFO  LibraryManagementApi.Controllers.ReviewController - Fetching all reviews
2024-09-27 11:52:16,930 INFO  LibraryManagementApi.Controllers.ReviewController - All reviews fetched successfully
2024-09-27 11:52:33,748 INFO  LibraryManagementApi.Controllers.EventController - Fetching upcoming events...
2024-09-27 11:52:33,765 INFO  LibraryManagementApi.Controllers.EventController - Upcoming events retrieved successfully
2024-09-27 11:52:33,770 INFO  LibraryManagementApi.Controllers.EventController - Fetching upcoming events...
2024-09-27 11:52:33,787 INFO  LibraryManagementApi.Controllers.EventController - Upcoming events retrieved successfully
2024-09-27 11:52:34,825 INFO  LibraryManagementApi.Controllers.ReviewController - Fetching all reviews
2024-09-27 11:52:34,851 INFO  LibraryManagementApi.Controllers.ReviewController - All reviews fetched successfully
2024-09-27 11:52:34,856 INFO  LibraryManagementApi.Controllers.ReviewController - Fetching all reviews
2024-09-27 11:52:34,878 INFO  LibraryManagementApi.Controllers.ReviewController - All reviews fetched successfully
2024-09-27 11:52:50,926 INFO  LibraryManagementApi.Controllers.ReviewController - Creating a new review...
2024-09-27 11:52:51,008 INFO  LibraryManagementApi.Controllers.ReviewController - Review for book ID 1 created successfully
2024-09-27 11:52:51,014 INFO  LibraryManagementApi.Controllers.ReviewController - Fetching all reviews
2024-09-27 11:52:51,039 INFO  LibraryManagementApi.Controllers.ReviewController - All reviews fetched successfully
2024-09-27 11:55:21,546 INFO  LibraryManagementApi.Controllers.ReviewController - Fetching all reviews
2024-09-27 11:55:21,588 INFO  LibraryManagementApi.Controllers.ReviewController - All reviews fetched successfully
2024-09-27 11:55:21,593 INFO  LibraryManagementApi.Controllers.ReviewController - Fetching all reviews
2024-09-27 11:55:21,606 INFO  LibraryManagementApi.Controllers.ReviewController - All reviews fetched successfully
2024-09-27 11:55:24,771 INFO  LibraryManagementApi.Controllers.ReviewController - Deleting review with ID: 2
2024-09-27 11:55:24,872 INFO  LibraryManagementApi.Controllers.ReviewController - Review with ID 2 deleted successfully
2024-09-27 11:55:24,879 INFO  LibraryManagementApi.Controllers.ReviewController - Fetching all reviews
2024-09-27 11:55:24,909 INFO  LibraryManagementApi.Controllers.ReviewController - All reviews fetched successfully
2024-09-27 11:56:15,282 INFO  LibraryManagementApi.Controllers.ReservationController - Fetching count of active reservations...
2024-09-27 11:56:15,298 INFO  LibraryManagementApi.Controllers.ReservationController - Active reservations count: 3
2024-09-27 11:56:15,302 INFO  LibraryManagementApi.Controllers.ReservationController - Fetching count of active reservations...
2024-09-27 11:56:15,310 INFO  LibraryManagementApi.Controllers.UserController - Fetching the total number of users...
2024-09-27 11:56:15,316 INFO  LibraryManagementApi.Controllers.ReservationController - Active reservations count: 3
2024-09-27 11:56:15,333 INFO  LibraryManagementApi.Controllers.UserController - Total number of users: 18
2024-09-27 11:56:15,351 INFO  LibraryManagementApi.Controllers.UserController - Fetching the total number of users...
2024-09-27 11:56:15,363 INFO  LibraryManagementApi.Controllers.UserController - Fetching all users...
2024-09-27 11:56:15,373 INFO  LibraryManagementApi.Controllers.UserController - Total number of users: 18
2024-09-27 11:56:15,391 INFO  LibraryManagementApi.Controllers.UserController - Users fetched successfully
2024-09-27 11:56:15,398 INFO  LibraryManagementApi.Controllers.UserController - Fetching all users...
2024-09-27 11:56:15,417 INFO  LibraryManagementApi.Controllers.UserController - Users fetched successfully
2024-09-27 11:56:57,212 INFO  LibraryManagementApi.Controllers.ReservationController - Fetching count of active reservations...
2024-09-27 11:56:57,238 INFO  LibraryManagementApi.Controllers.ReservationController - Active reservations count: 3
2024-09-27 11:56:57,244 INFO  LibraryManagementApi.Controllers.ReservationController - Fetching count of active reservations...
2024-09-27 11:56:57,257 INFO  LibraryManagementApi.Controllers.UserController - Fetching the total number of users...
2024-09-27 11:56:57,264 INFO  LibraryManagementApi.Controllers.ReservationController - Active reservations count: 3
2024-09-27 11:56:57,280 INFO  LibraryManagementApi.Controllers.UserController - Total number of users: 18
2024-09-27 11:56:57,285 INFO  LibraryManagementApi.Controllers.UserController - Fetching the total number of users...
2024-09-27 11:56:57,297 INFO  LibraryManagementApi.Controllers.UserController - Fetching all users...
2024-09-27 11:56:57,303 INFO  LibraryManagementApi.Controllers.UserController - Total number of users: 18
2024-09-27 11:56:57,318 INFO  LibraryManagementApi.Controllers.UserController - Users fetched successfully
2024-09-27 11:56:57,324 INFO  LibraryManagementApi.Controllers.UserController - Fetching all users...
2024-09-27 11:56:57,340 INFO  LibraryManagementApi.Controllers.UserController - Users fetched successfully
2024-09-27 11:57:07,582 INFO  LibraryManagementApi.Controllers.EventController - Fetching upcoming events...
2024-09-27 11:57:07,723 INFO  LibraryManagementApi.Controllers.EventController - Upcoming events retrieved successfully
2024-09-27 11:57:07,729 INFO  LibraryManagementApi.Controllers.EventController - Fetching upcoming events...
2024-09-27 11:57:07,762 INFO  LibraryManagementApi.Controllers.EventController - Upcoming events retrieved successfully
2024-09-27 11:57:18,655 INFO  LibraryManagementApi.Controllers.UserController - Fetching user with ID: 4
2024-09-27 11:57:18,798 INFO  LibraryManagementApi.Controllers.UserController - User with ID 4 fetched successfully
2024-09-27 11:57:18,806 INFO  LibraryManagementApi.Controllers.UserController - Fetching user with ID: 4
2024-09-27 11:57:18,836 INFO  LibraryManagementApi.Controllers.UserController - User with ID 4 fetched successfully
2024-09-27 11:57:59,521 INFO  LibraryManagementApi.Controllers.ReservationController - Fetching all reservations...
2024-09-27 11:57:59,571 INFO  LibraryManagementApi.Controllers.ReservationController - Reservations fetched successfully
2024-09-27 11:57:59,585 INFO  LibraryManagementApi.Controllers.ReservationController - Fetching all reservations...
2024-09-27 11:57:59,619 INFO  LibraryManagementApi.Controllers.ReservationController - Reservations fetched successfully
2024-09-27 11:58:30,756 INFO  LibraryManagementApi.Controllers.UserController - Fetching user with ID: 4
2024-09-27 11:58:30,787 INFO  LibraryManagementApi.Controllers.UserController - User with ID 4 fetched successfully
2024-09-27 11:58:30,800 INFO  LibraryManagementApi.Controllers.UserController - Fetching user with ID: 4
2024-09-27 11:58:30,826 INFO  LibraryManagementApi.Controllers.UserController - User with ID 4 fetched successfully
2024-09-27 14:10:37,348 INFO  LibraryManagementApi.Controllers.ReservationController - Fetching count of active reservations...
2024-09-27 14:10:37,468 INFO  LibraryManagementApi.Controllers.ReservationController - Active reservations count: 3
2024-09-27 14:10:37,475 INFO  LibraryManagementApi.Controllers.ReservationController - Fetching count of active reservations...
2024-09-27 14:10:37,487 INFO  LibraryManagementApi.Controllers.ReservationController - Active reservations count: 3
2024-09-27 14:10:37,494 INFO  LibraryManagementApi.Controllers.UserController - Fetching the total number of users...
2024-09-27 14:10:37,512 INFO  LibraryManagementApi.Controllers.UserController - Total number of users: 18
2024-09-27 14:10:37,517 INFO  LibraryManagementApi.Controllers.UserController - Fetching the total number of users...
2024-09-27 14:10:37,522 INFO  LibraryManagementApi.Controllers.UserController - Total number of users: 18
2024-09-27 14:10:37,528 INFO  LibraryManagementApi.Controllers.UserController - Fetching all users...
2024-09-27 14:10:37,564 INFO  LibraryManagementApi.Controllers.UserController - Users fetched successfully
2024-09-27 14:10:37,667 INFO  LibraryManagementApi.Controllers.UserController - Fetching all users...
2024-09-27 14:10:37,717 INFO  LibraryManagementApi.Controllers.UserController - Users fetched successfully
2024-09-27 14:11:04,682 INFO  LibraryManagementApi.Controllers.ReservationController - Adding a new reservation...
2024-09-27 14:11:04,772 WARN  LibraryManagementApi.Controllers.ReservationController - Book not found
2024-09-27 14:15:59,835 INFO  LibraryManagementApi.Controllers.ReservationController - Fetching count of active reservations...
2024-09-27 14:15:59,844 INFO  LibraryManagementApi.Controllers.ReservationController - Active reservations count: 3
2024-09-27 14:15:59,846 INFO  LibraryManagementApi.Controllers.ReservationController - Fetching count of active reservations...
2024-09-27 14:15:59,855 INFO  LibraryManagementApi.Controllers.UserController - Fetching the total number of users...
2024-09-27 14:15:59,857 INFO  LibraryManagementApi.Controllers.ReservationController - Active reservations count: 3
2024-09-27 14:15:59,863 INFO  LibraryManagementApi.Controllers.UserController - Total number of users: 18
2024-09-27 14:15:59,868 INFO  LibraryManagementApi.Controllers.UserController - Fetching the total number of users...
2024-09-27 14:15:59,872 INFO  LibraryManagementApi.Controllers.UserController - Fetching all users...
2024-09-27 14:15:59,874 INFO  LibraryManagementApi.Controllers.UserController - Total number of users: 18
2024-09-27 14:15:59,885 INFO  LibraryManagementApi.Controllers.UserController - Users fetched successfully
2024-09-27 14:15:59,890 INFO  LibraryManagementApi.Controllers.UserController - Fetching all users...
2024-09-27 14:15:59,897 INFO  LibraryManagementApi.Controllers.UserController - Users fetched successfully
2024-09-27 14:16:13,496 INFO  LibraryManagementApi.Controllers.EventController - Fetching upcoming events...
2024-09-27 14:16:13,556 INFO  LibraryManagementApi.Controllers.EventController - Upcoming events retrieved successfully
2024-09-27 14:16:13,562 INFO  LibraryManagementApi.Controllers.EventController - Fetching upcoming events...
2024-09-27 14:16:13,572 INFO  LibraryManagementApi.Controllers.EventController - Upcoming events retrieved successfully
2024-09-27 14:16:54,191 INFO  LibraryManagementApi.Controllers.EventController - Adding a new event...
2024-09-27 14:16:54,503 INFO  LibraryManagementApi.Controllers.EventController - Event 'Music Competition' added successfully
2024-09-27 14:16:54,577 INFO  LibraryManagementApi.Controllers.EventController - Fetching upcoming events...
2024-09-27 14:16:54,584 INFO  LibraryManagementApi.Controllers.EventController - Upcoming events retrieved successfully
2024-09-27 14:23:49,694 INFO  LibraryManagementApi.Controllers.ReservationController - Fetching all reservations...
2024-09-27 14:23:49,948 INFO  LibraryManagementApi.Controllers.ReservationController - Reservations fetched successfully
2024-09-27 14:23:49,975 INFO  LibraryManagementApi.Controllers.ReservationController - Fetching all reservations...
2024-09-27 14:23:49,992 INFO  LibraryManagementApi.Controllers.ReservationController - Reservations fetched successfully
2024-09-27 14:24:18,744 INFO  LibraryManagementApi.Controllers.ReservationController - Fetching count of active reservations...
2024-09-27 14:24:18,755 INFO  LibraryManagementApi.Controllers.ReservationController - Active reservations count: 3
2024-09-27 14:24:18,758 INFO  LibraryManagementApi.Controllers.ReservationController - Fetching count of active reservations...
2024-09-27 14:24:18,763 INFO  LibraryManagementApi.Controllers.UserController - Fetching the total number of users...
2024-09-27 14:24:18,767 INFO  LibraryManagementApi.Controllers.ReservationController - Active reservations count: 3
2024-09-27 14:24:18,780 INFO  LibraryManagementApi.Controllers.UserController - Total number of users: 18
2024-09-27 14:24:18,784 INFO  LibraryManagementApi.Controllers.UserController - Fetching the total number of users...
2024-09-27 14:24:18,791 INFO  LibraryManagementApi.Controllers.UserController - Fetching all users...
2024-09-27 14:24:18,792 INFO  LibraryManagementApi.Controllers.UserController - Total number of users: 18
2024-09-27 14:24:18,826 INFO  LibraryManagementApi.Controllers.UserController - Users fetched successfully
2024-09-27 14:24:18,831 INFO  LibraryManagementApi.Controllers.UserController - Fetching all users...
2024-09-27 14:24:18,841 INFO  LibraryManagementApi.Controllers.UserController - Users fetched successfully
2024-09-27 14:25:04,982 INFO  LibraryManagementApi.Controllers.ReservationController - Adding a new reservation...
2024-09-27 14:25:05,020 WARN  LibraryManagementApi.Controllers.ReservationController - Book not found
2024-09-27 14:30:21,420 INFO  LibraryManagementApi.Controllers.ReviewController - Fetching all reviews
2024-09-27 14:30:21,693 INFO  LibraryManagementApi.Controllers.ReviewController - All reviews fetched successfully
2024-09-27 14:30:21,721 INFO  LibraryManagementApi.Controllers.ReviewController - Fetching all reviews
2024-09-27 14:30:21,735 INFO  LibraryManagementApi.Controllers.ReviewController - All reviews fetched successfully
2024-09-27 14:30:28,535 INFO  LibraryManagementApi.Controllers.ReviewController - Fetching all reviews
2024-09-27 14:30:28,550 INFO  LibraryManagementApi.Controllers.ReviewController - All reviews fetched successfully
2024-09-27 14:30:28,552 INFO  LibraryManagementApi.Controllers.ReviewController - Fetching all reviews
2024-09-27 14:30:28,571 INFO  LibraryManagementApi.Controllers.ReviewController - All reviews fetched successfully
2024-09-27 14:30:37,139 INFO  LibraryManagementApi.Controllers.EventController - Fetching upcoming events...
2024-09-27 14:30:37,151 INFO  LibraryManagementApi.Controllers.EventController - Upcoming events retrieved successfully
2024-09-27 14:30:37,156 INFO  LibraryManagementApi.Controllers.EventController - Fetching upcoming events...
2024-09-27 14:30:37,164 INFO  LibraryManagementApi.Controllers.EventController - Upcoming events retrieved successfully
2024-09-27 14:30:43,244 INFO  LibraryManagementApi.Controllers.UserController - Fetching user with ID: 1
2024-09-27 14:30:43,591 INFO  LibraryManagementApi.Controllers.UserController - User with ID 1 fetched successfully
2024-09-27 14:30:43,594 INFO  LibraryManagementApi.Controllers.UserController - Fetching user with ID: 1
2024-09-27 14:30:43,606 INFO  LibraryManagementApi.Controllers.UserController - User with ID 1 fetched successfully
2024-09-27 14:31:22,322 INFO  LibraryManagementApi.Controllers.ReservationController - Fetching count of active reservations...
2024-09-27 14:31:22,333 INFO  LibraryManagementApi.Controllers.ReservationController - Active reservations count: 3
2024-09-27 14:31:22,336 INFO  LibraryManagementApi.Controllers.ReservationController - Fetching count of active reservations...
2024-09-27 14:31:22,342 INFO  LibraryManagementApi.Controllers.UserController - Fetching the total number of users...
2024-09-27 14:31:22,373 INFO  LibraryManagementApi.Controllers.ReservationController - Active reservations count: 3
2024-09-27 14:31:22,431 INFO  LibraryManagementApi.Controllers.UserController - Total number of users: 18
2024-09-27 14:31:22,436 INFO  LibraryManagementApi.Controllers.UserController - Fetching the total number of users...
2024-09-27 14:31:22,444 INFO  LibraryManagementApi.Controllers.UserController - Fetching all users...
2024-09-27 14:31:22,490 INFO  LibraryManagementApi.Controllers.UserController - Total number of users: 18
2024-09-27 14:31:22,507 INFO  LibraryManagementApi.Controllers.UserController - Users fetched successfully
2024-09-27 14:31:22,514 INFO  LibraryManagementApi.Controllers.UserController - Fetching all users...
2024-09-27 14:31:22,544 INFO  LibraryManagementApi.Controllers.UserController - Users fetched successfully
2024-09-27 15:05:25,490 INFO  LibraryManagementApi.Controllers.ReservationController - Fetching count of active reservations...
2024-09-27 15:05:26,045 INFO  LibraryManagementApi.Controllers.ReservationController - Active reservations count: 3
2024-09-27 15:05:26,186 INFO  LibraryManagementApi.Controllers.ReservationController - Fetching count of active reservations...
2024-09-27 15:05:26,201 INFO  LibraryManagementApi.Controllers.ReservationController - Active reservations count: 3
2024-09-27 15:05:26,217 INFO  LibraryManagementApi.Controllers.UserController - Fetching the total number of users...
2024-09-27 15:05:26,396 INFO  LibraryManagementApi.Controllers.UserController - Total number of users: 18
2024-09-27 15:05:26,400 INFO  LibraryManagementApi.Controllers.UserController - Fetching the total number of users...
2024-09-27 15:05:26,422 INFO  LibraryManagementApi.Controllers.UserController - Fetching all users...
2024-09-27 15:05:26,674 INFO  LibraryManagementApi.Controllers.UserController - Total number of users: 18
2024-09-27 15:05:26,924 INFO  LibraryManagementApi.Controllers.UserController - Users fetched successfully
2024-09-27 15:05:27,820 INFO  LibraryManagementApi.Controllers.UserController - Fetching all users...
2024-09-27 15:05:27,990 INFO  LibraryManagementApi.Controllers.UserController - Users fetched successfully
2024-09-27 15:28:18,126 INFO  LibraryManagementApi.Controllers.ReservationController - Fetching count of active reservations...
2024-09-27 15:28:18,198 INFO  LibraryManagementApi.Controllers.ReservationController - Active reservations count: 3
2024-09-27 15:28:18,210 INFO  LibraryManagementApi.Controllers.ReservationController - Fetching count of active reservations...
2024-09-27 15:28:18,234 INFO  LibraryManagementApi.Controllers.ReservationController - Active reservations count: 3
2024-09-27 15:28:18,253 INFO  LibraryManagementApi.Controllers.UserController - Fetching the total number of users...
2024-09-27 15:28:18,288 INFO  LibraryManagementApi.Controllers.UserController - Total number of users: 18
2024-09-27 15:28:18,298 INFO  LibraryManagementApi.Controllers.UserController - Fetching the total number of users...
2024-09-27 15:28:18,324 INFO  LibraryManagementApi.Controllers.UserController - Total number of users: 18
2024-09-27 15:28:18,343 INFO  LibraryManagementApi.Controllers.UserController - Fetching all users...
2024-09-27 15:28:18,789 INFO  LibraryManagementApi.Controllers.UserController - Users fetched successfully
2024-09-27 15:28:18,909 INFO  LibraryManagementApi.Controllers.UserController - Fetching all users...
2024-09-27 15:28:18,970 INFO  LibraryManagementApi.Controllers.UserController - Users fetched successfully
2024-09-27 15:40:34,080 INFO  LibraryManagementApi.Controllers.ReservationController - Fetching count of active reservations...
2024-09-27 15:40:34,110 INFO  LibraryManagementApi.Controllers.ReservationController - Active reservations count: 3
2024-09-27 15:40:34,119 INFO  LibraryManagementApi.Controllers.ReservationController - Fetching count of active reservations...
2024-09-27 15:40:34,137 INFO  LibraryManagementApi.Controllers.UserController - Fetching the total number of users...
2024-09-27 15:40:34,142 INFO  LibraryManagementApi.Controllers.ReservationController - Active reservations count: 3
2024-09-27 15:40:34,160 INFO  LibraryManagementApi.Controllers.UserController - Total number of users: 18
2024-09-27 15:40:34,177 INFO  LibraryManagementApi.Controllers.UserController - Fetching the total number of users...
2024-09-27 15:40:34,181 INFO  LibraryManagementApi.Controllers.UserController - Fetching all users...
2024-09-27 15:40:34,201 INFO  LibraryManagementApi.Controllers.UserController - Total number of users: 18
2024-09-27 15:40:34,215 INFO  LibraryManagementApi.Controllers.UserController - Users fetched successfully
2024-09-27 15:40:34,231 INFO  LibraryManagementApi.Controllers.UserController - Fetching all users...
2024-09-27 15:40:34,251 INFO  LibraryManagementApi.Controllers.UserController - Users fetched successfully
2024-09-27 20:33:36,501 INFO  LibraryManagementApi.Controllers.BorrowedBookController - Fetching all borrowed books...
2024-09-27 20:33:36,607 INFO  LibraryManagementApi.Controllers.BorrowedBookController - Borrowed books fetched successfully
2024-09-27 20:39:46,140 INFO  LibraryManagementApi.Controllers.BorrowedBookController - Fetching all borrowed books...
2024-09-27 20:39:46,301 INFO  LibraryManagementApi.Controllers.BorrowedBookController - Borrowed books fetched successfully
2024-09-27 20:41:03,345 INFO  LibraryManagementApi.Controllers.BorrowedBookController - Fetching all borrowed books...
2024-09-27 20:41:03,352 INFO  LibraryManagementApi.Controllers.BorrowedBookController - Borrowed books fetched successfully
2024-09-27 21:03:03,668 INFO  LibraryManagementApi.Controllers.BorrowedBookController - Fetching all borrowed books...
2024-09-27 21:03:03,793 INFO  LibraryManagementApi.Controllers.BorrowedBookController - Borrowed books fetched successfully
