2024-09-18 16:20:50,935 INFO  LibraryManagementApi.Controllers.BookController - Fetching all books...
2024-09-18 16:20:51,192 INFO  LibraryManagementApi.Controllers.BookController - Books retrieved successfully
2024-09-18 16:40:50,465 INFO  LibraryManagementApi.Controllers.BookController - Adding a new book...
2024-09-18 16:40:51,556 INFO  LibraryManagementApi.Controllers.BookController - Book 'The Great Gatsby' added successfully
2024-09-18 16:42:01,647 INFO  LibraryManagementApi.Controllers.BookController - Updating book with ID: 1
2024-09-18 16:42:01,767 INFO  LibraryManagementApi.Controllers.BookController - Book with ID 1 updated successfully
2024-09-18 16:42:12,207 INFO  LibraryManagementApi.Controllers.BookController - Fetching book with ID: 1
2024-09-18 16:42:12,344 INFO  LibraryManagementApi.Controllers.BookController - Book with ID 1 retrieved successfully
2024-09-18 16:44:24,545 INFO  LibraryManagementApi.Controllers.BookController - Adding a new book...
2024-09-18 16:44:24,642 INFO  LibraryManagementApi.Controllers.BookController - Book 'To Kill a Mockingbird' added successfully
2024-09-18 16:45:06,476 INFO  LibraryManagementApi.Controllers.BookController - Adding a new book...
2024-09-18 16:45:06,545 INFO  LibraryManagementApi.Controllers.BookController - Book '1984' added successfully
2024-09-18 16:45:48,221 INFO  LibraryManagementApi.Controllers.BorrowedBookController - Adding a new borrowed book...
2024-09-18 16:45:49,086 INFO  LibraryManagementApi.Controllers.BorrowedBookController - Borrowed book added successfully with ID: 1
2024-09-18 21:26:28,684 INFO  LibraryManagementApi.Controllers.BookController - Fetching all books...
2024-09-18 21:26:28,992 INFO  LibraryManagementApi.Controllers.BookController - Books retrieved successfully
2024-09-18 21:26:58,076 INFO  LibraryManagementApi.Controllers.BorrowedBookController - Fetching all borrowed books...
2024-09-18 21:26:58,163 INFO  LibraryManagementApi.Controllers.BorrowedBookController - Borrowed books fetched successfully
2024-09-18 21:27:49,326 INFO  LibraryManagementApi.Controllers.BookController - Updating book with ID: 1
2024-09-18 21:27:49,751 INFO  LibraryManagementApi.Controllers.BookController - Book with ID 1 updated successfully
2024-09-18 21:28:07,667 INFO  LibraryManagementApi.Controllers.BookController - Fetching book with ID: 1
2024-09-18 21:28:07,745 INFO  LibraryManagementApi.Controllers.BookController - Book with ID 1 retrieved successfully
2024-09-18 21:30:39,891 INFO  LibraryManagementApi.Controllers.BookController - Adding a new book...
2024-09-18 21:30:40,101 INFO  LibraryManagementApi.Controllers.BookController - Book 'Dune' added successfully
2024-09-18 21:31:16,276 INFO  LibraryManagementApi.Controllers.BookController - Fetching all books...
2024-09-18 21:31:16,300 INFO  LibraryManagementApi.Controllers.BookController - Books retrieved successfully
2024-09-18 21:31:33,727 INFO  LibraryManagementApi.Controllers.BorrowedBookController - Adding a new borrowed book...
2024-09-18 21:31:34,065 INFO  LibraryManagementApi.Controllers.BorrowedBookController - Borrowed book added successfully with ID: 2
2024-09-18 21:32:58,813 INFO  LibraryManagementApi.Controllers.UserController - Creating a new user...
2024-09-18 21:32:58,915 INFO  LibraryManagementApi.Controllers.UserController - User with email kanishikka.2001105@srec.ac.in created successfully
2024-09-18 21:33:25,686 INFO  LibraryManagementApi.Controllers.BookController - Fetching book with ID: 4
2024-09-18 21:33:25,709 INFO  LibraryManagementApi.Controllers.BookController - Book with ID 4 retrieved successfully
2024-09-18 21:34:08,608 INFO  LibraryManagementApi.Controllers.BookController - Fetching all books...
2024-09-18 21:34:08,644 INFO  LibraryManagementApi.Controllers.BookController - Books retrieved successfully
2024-09-18 21:34:27,249 INFO  LibraryManagementApi.Controllers.BorrowedBookController - Fetching all borrowed books...
2024-09-18 21:34:27,273 INFO  LibraryManagementApi.Controllers.BorrowedBookController - Borrowed books fetched successfully
2024-09-18 21:38:55,103 INFO  LibraryManagementApi.Controllers.ReservationController - Adding a new reservation...
2024-09-18 21:38:55,268 INFO  LibraryManagementApi.Controllers.ReservationController - Reservation added successfully with ID: 1
2024-09-18 21:42:55,705 INFO  LibraryManagementApi.Controllers.BorrowedBookController - Updating borrowed book with ID: 2
2024-09-18 21:42:56,880 INFO  LibraryManagementApi.Controllers.BorrowedBookController - Borrowed book with ID 2 updated successfully
2024-09-18 21:51:42,411 INFO  LibraryManagementApi.Controllers.BorrowedBookController - Updating borrowed book with ID: 3
2024-09-18 21:51:42,979 INFO  LibraryManagementApi.Controllers.BorrowedBookController - Borrowed book with ID 3 updated successfully
