2024-09-30 00:05:04,446 INFO  LibraryManagementApi.Controllers.ReservationController - Fetching count of active reservations...
2024-09-30 00:05:04,488 INFO  LibraryManagementApi.Controllers.ReservationController - Active reservations count: 0
2024-09-30 00:05:04,495 INFO  LibraryManagementApi.Controllers.ReservationController - Fetching count of active reservations...
2024-09-30 00:05:04,507 INFO  LibraryManagementApi.Controllers.UserController - Fetching the total number of users...
2024-09-30 00:05:04,509 INFO  LibraryManagementApi.Controllers.ReservationController - Active reservations count: 0
2024-09-30 00:05:04,524 INFO  LibraryManagementApi.Controllers.UserController - Total number of users: 2
2024-09-30 00:05:04,528 INFO  LibraryManagementApi.Controllers.UserController - Fetching the total number of users...
2024-09-30 00:05:04,536 INFO  LibraryManagementApi.Controllers.UserController - Fetching all users...
2024-09-30 00:05:04,541 INFO  LibraryManagementApi.Controllers.UserController - Total number of users: 2
2024-09-30 00:05:04,554 INFO  LibraryManagementApi.Controllers.UserController - Users fetched successfully
2024-09-30 00:05:04,558 INFO  LibraryManagementApi.Controllers.UserController - Fetching all users...
2024-09-30 00:05:04,571 INFO  LibraryManagementApi.Controllers.UserController - Users fetched successfully
2024-09-30 00:05:06,546 INFO  LibraryManagementApi.Controllers.ReservationController - Fetching active reservations for user ID: 4
2024-09-30 00:05:06,546 INFO  LibraryManagementApi.Controllers.BookController - Fetching not available books...
2024-09-30 00:05:06,575 WARN  LibraryManagementApi.Controllers.ReservationController - No active reservations found for user ID: 4
2024-09-30 00:05:06,587 INFO  LibraryManagementApi.Controllers.ReservationController - Fetching active reservations for user ID: 4
2024-09-30 00:05:06,602 WARN  LibraryManagementApi.Controllers.BookController - No available books found
2024-09-30 00:05:06,610 WARN  LibraryManagementApi.Controllers.ReservationController - No active reservations found for user ID: 4
2024-09-30 00:05:06,616 INFO  LibraryManagementApi.Controllers.BookController - Fetching not available books...
2024-09-30 00:05:06,636 WARN  LibraryManagementApi.Controllers.BookController - No available books found
2024-09-30 00:05:08,748 INFO  LibraryManagementApi.Controllers.BookController - Fetching available books...
2024-09-30 00:05:08,764 INFO  LibraryManagementApi.Controllers.BookController - Fetching not available books...
2024-09-30 00:05:08,765 INFO  LibraryManagementApi.Controllers.BookController - Fetching all books...
2024-09-30 00:05:08,770 INFO  LibraryManagementApi.Controllers.BookController - Available books retrieved successfully
2024-09-30 00:05:08,784 INFO  LibraryManagementApi.Controllers.BookController - Fetching available books...
2024-09-30 00:05:08,831 WARN  LibraryManagementApi.Controllers.BookController - No available books found
2024-09-30 00:05:08,847 INFO  LibraryManagementApi.Controllers.BookController - Books retrieved successfully
2024-09-30 00:05:08,854 INFO  LibraryManagementApi.Controllers.BookController - Fetching not available books...
2024-09-30 00:05:08,870 INFO  LibraryManagementApi.Controllers.BookController - Fetching all books...
2024-09-30 00:05:08,871 INFO  LibraryManagementApi.Controllers.BookController - Available books retrieved successfully
2024-09-30 00:05:08,901 WARN  LibraryManagementApi.Controllers.BookController - No available books found
2024-09-30 00:05:08,902 INFO  LibraryManagementApi.Controllers.BookController - Books retrieved successfully
2024-09-30 00:07:15,791 INFO  LibraryManagementApi.Controllers.BookController - Fetching not available books...
2024-09-30 00:07:15,809 INFO  LibraryManagementApi.Controllers.ReservationController - Fetching active reservations for user ID: 4
2024-09-30 00:07:15,826 WARN  LibraryManagementApi.Controllers.BookController - No available books found
2024-09-30 00:07:15,840 INFO  LibraryManagementApi.Controllers.BookController - Fetching not available books...
2024-09-30 00:07:15,852 WARN  LibraryManagementApi.Controllers.ReservationController - No active reservations found for user ID: 4
2024-09-30 00:07:15,898 WARN  LibraryManagementApi.Controllers.BookController - No available books found
2024-09-30 00:07:15,920 INFO  LibraryManagementApi.Controllers.ReservationController - Fetching active reservations for user ID: 4
2024-09-30 00:07:15,948 WARN  LibraryManagementApi.Controllers.ReservationController - No active reservations found for user ID: 4
2024-09-30 00:08:49,068 INFO  LibraryManagementApi.Controllers.ReviewController - Fetching all reviews
2024-09-30 00:08:49,091 INFO  LibraryManagementApi.Controllers.ReviewController - All reviews fetched successfully
2024-09-30 00:08:49,097 INFO  LibraryManagementApi.Controllers.ReviewController - Fetching all reviews
2024-09-30 00:08:49,110 INFO  LibraryManagementApi.Controllers.ReviewController - All reviews fetched successfully
2024-09-30 00:08:50,443 INFO  LibraryManagementApi.Controllers.EventController - Fetching upcoming events...
2024-09-30 00:08:50,457 WARN  LibraryManagementApi.Controllers.EventController - No upcoming events found
2024-09-30 00:08:50,461 INFO  LibraryManagementApi.Controllers.EventController - Fetching upcoming events...
2024-09-30 00:08:50,499 WARN  LibraryManagementApi.Controllers.EventController - No upcoming events found
2024-09-30 00:08:51,649 INFO  LibraryManagementApi.Controllers.UserController - Fetching user with ID: 4
2024-09-30 00:08:51,671 INFO  LibraryManagementApi.Controllers.UserController - User with ID 4 fetched successfully
2024-09-30 00:08:51,676 INFO  LibraryManagementApi.Controllers.UserController - Fetching user with ID: 4
2024-09-30 00:08:51,688 INFO  LibraryManagementApi.Controllers.UserController - User with ID 4 fetched successfully
2024-09-30 00:08:54,131 INFO  LibraryManagementApi.Controllers.BookController - Fetching not available books...
2024-09-30 00:08:54,132 INFO  LibraryManagementApi.Controllers.ReservationController - Fetching active reservations for user ID: 4
2024-09-30 00:08:54,155 WARN  LibraryManagementApi.Controllers.BookController - No available books found
2024-09-30 00:08:54,163 INFO  LibraryManagementApi.Controllers.BookController - Fetching not available books...
2024-09-30 00:08:54,179 WARN  LibraryManagementApi.Controllers.ReservationController - No active reservations found for user ID: 4
2024-09-30 00:08:54,184 WARN  LibraryManagementApi.Controllers.BookController - No available books found
2024-09-30 00:08:54,200 INFO  LibraryManagementApi.Controllers.ReservationController - Fetching active reservations for user ID: 4
2024-09-30 00:08:54,228 WARN  LibraryManagementApi.Controllers.ReservationController - No active reservations found for user ID: 4
2024-09-30 00:08:55,095 INFO  LibraryManagementApi.Controllers.BookController - Fetching not available books...
2024-09-30 00:08:55,107 INFO  LibraryManagementApi.Controllers.BookController - Fetching available books...
2024-09-30 00:08:55,132 WARN  LibraryManagementApi.Controllers.BookController - No available books found
2024-09-30 00:08:55,146 INFO  LibraryManagementApi.Controllers.BookController - Fetching not available books...
2024-09-30 00:08:55,171 INFO  LibraryManagementApi.Controllers.BookController - Fetching all books...
2024-09-30 00:08:55,178 INFO  LibraryManagementApi.Controllers.BookController - Available books retrieved successfully
2024-09-30 00:08:55,220 WARN  LibraryManagementApi.Controllers.BookController - No available books found
2024-09-30 00:08:55,232 INFO  LibraryManagementApi.Controllers.BookController - Books retrieved successfully
2024-09-30 00:08:55,237 INFO  LibraryManagementApi.Controllers.BookController - Fetching available books...
2024-09-30 00:08:55,244 INFO  LibraryManagementApi.Controllers.BookController - Fetching all books...
2024-09-30 00:08:55,250 INFO  LibraryManagementApi.Controllers.BookController - Available books retrieved successfully
2024-09-30 00:08:55,265 INFO  LibraryManagementApi.Controllers.BookController - Books retrieved successfully
2024-09-30 00:09:19,558 INFO  LibraryManagementApi.Controllers.ReservationController - Fetching count of active reservations...
2024-09-30 00:09:19,578 INFO  LibraryManagementApi.Controllers.ReservationController - Active reservations count: 0
2024-09-30 00:09:19,581 INFO  LibraryManagementApi.Controllers.ReservationController - Fetching count of active reservations...
2024-09-30 00:09:19,592 INFO  LibraryManagementApi.Controllers.ReservationController - Active reservations count: 0
2024-09-30 00:09:19,595 INFO  LibraryManagementApi.Controllers.UserController - Fetching the total number of users...
2024-09-30 00:09:19,608 INFO  LibraryManagementApi.Controllers.UserController - Total number of users: 2
2024-09-30 00:09:19,614 INFO  LibraryManagementApi.Controllers.UserController - Fetching the total number of users...
2024-09-30 00:09:19,621 INFO  LibraryManagementApi.Controllers.UserController - Fetching all users...
2024-09-30 00:09:19,625 INFO  LibraryManagementApi.Controllers.UserController - Total number of users: 2
2024-09-30 00:09:19,642 INFO  LibraryManagementApi.Controllers.UserController - Users fetched successfully
2024-09-30 00:09:19,646 INFO  LibraryManagementApi.Controllers.UserController - Fetching all users...
2024-09-30 00:09:19,657 INFO  LibraryManagementApi.Controllers.UserController - Users fetched successfully
2024-09-30 00:09:31,331 INFO  LibraryManagementApi.Controllers.BookController - Fetching all books...
2024-09-30 00:09:31,332 INFO  LibraryManagementApi.Controllers.BookController - Fetching available books...
2024-09-30 00:09:31,345 INFO  LibraryManagementApi.Controllers.BookController - Fetching not available books...
2024-09-30 00:09:31,351 INFO  LibraryManagementApi.Controllers.BookController - Books retrieved successfully
2024-09-30 00:09:31,372 WARN  LibraryManagementApi.Controllers.BookController - No available books found
2024-09-30 00:09:31,386 INFO  LibraryManagementApi.Controllers.BookController - Available books retrieved successfully
2024-09-30 00:09:31,392 INFO  LibraryManagementApi.Controllers.BookController - Fetching not available books...
2024-09-30 00:09:31,393 INFO  LibraryManagementApi.Controllers.BookController - Fetching available books...
2024-09-30 00:09:31,393 INFO  LibraryManagementApi.Controllers.BookController - Fetching all books...
2024-09-30 00:09:31,415 WARN  LibraryManagementApi.Controllers.BookController - No available books found
2024-09-30 00:09:31,426 INFO  LibraryManagementApi.Controllers.BookController - Books retrieved successfully
2024-09-30 00:09:31,459 INFO  LibraryManagementApi.Controllers.BookController - Available books retrieved successfully
2024-09-30 00:18:39,803 INFO  LibraryManagementApi.Controllers.BookController - Fetching all books...
2024-09-30 00:18:39,808 INFO  LibraryManagementApi.Controllers.BookController - Fetching not available books...
2024-09-30 00:18:39,821 INFO  LibraryManagementApi.Controllers.BookController - Fetching available books...
2024-09-30 00:18:39,849 INFO  LibraryManagementApi.Controllers.BookController - Books retrieved successfully
2024-09-30 00:18:39,859 WARN  LibraryManagementApi.Controllers.BookController - No available books found
2024-09-30 00:18:39,902 INFO  LibraryManagementApi.Controllers.BookController - Available books retrieved successfully
2024-09-30 00:18:43,265 INFO  LibraryManagementApi.Controllers.BookController - Fetching not available books...
2024-09-30 00:18:43,266 INFO  LibraryManagementApi.Controllers.BookController - Fetching available books...
2024-09-30 00:18:43,295 INFO  LibraryManagementApi.Controllers.BookController - Available books retrieved successfully
2024-09-30 00:18:43,298 INFO  LibraryManagementApi.Controllers.BookController - Fetching all books...
2024-09-30 00:18:43,300 WARN  LibraryManagementApi.Controllers.BookController - No available books found
2024-09-30 00:18:43,374 INFO  LibraryManagementApi.Controllers.BookController - Books retrieved successfully
2024-09-30 00:19:09,223 INFO  LibraryManagementApi.Controllers.ReservationController - Fetching count of active reservations...
2024-09-30 00:19:09,244 INFO  LibraryManagementApi.Controllers.ReservationController - Active reservations count: 0
2024-09-30 00:19:09,249 INFO  LibraryManagementApi.Controllers.ReservationController - Fetching count of active reservations...
2024-09-30 00:19:09,261 INFO  LibraryManagementApi.Controllers.UserController - Fetching the total number of users...
2024-09-30 00:19:09,266 INFO  LibraryManagementApi.Controllers.ReservationController - Active reservations count: 0
2024-09-30 00:19:09,280 INFO  LibraryManagementApi.Controllers.UserController - Total number of users: 2
2024-09-30 00:19:09,283 INFO  LibraryManagementApi.Controllers.UserController - Fetching the total number of users...
2024-09-30 00:19:09,294 INFO  LibraryManagementApi.Controllers.UserController - Total number of users: 2
2024-09-30 00:19:09,297 INFO  LibraryManagementApi.Controllers.UserController - Fetching all users...
2024-09-30 00:19:09,309 INFO  LibraryManagementApi.Controllers.UserController - Users fetched successfully
2024-09-30 00:19:09,314 INFO  LibraryManagementApi.Controllers.UserController - Fetching all users...
2024-09-30 00:19:09,327 INFO  LibraryManagementApi.Controllers.UserController - Users fetched successfully
2024-09-30 15:55:46,813 INFO  LibraryManagementApi.Controllers.ReservationController - Fetching count of active reservations...
2024-09-30 15:55:46,833 INFO  LibraryManagementApi.Controllers.ReservationController - Active reservations count: 0
2024-09-30 15:55:46,838 INFO  LibraryManagementApi.Controllers.ReservationController - Fetching count of active reservations...
2024-09-30 15:55:46,847 INFO  LibraryManagementApi.Controllers.ReservationController - Active reservations count: 0
2024-09-30 15:55:46,852 INFO  LibraryManagementApi.Controllers.UserController - Fetching the total number of users...
2024-09-30 15:55:46,864 INFO  LibraryManagementApi.Controllers.UserController - Total number of users: 2
2024-09-30 15:55:46,868 INFO  LibraryManagementApi.Controllers.UserController - Fetching the total number of users...
2024-09-30 15:55:46,877 INFO  LibraryManagementApi.Controllers.UserController - Total number of users: 2
2024-09-30 15:55:46,882 INFO  LibraryManagementApi.Controllers.UserController - Fetching all users...
2024-09-30 15:55:46,895 INFO  LibraryManagementApi.Controllers.UserController - Users fetched successfully
2024-09-30 15:55:46,928 INFO  LibraryManagementApi.Controllers.UserController - Fetching all users...
2024-09-30 15:55:46,936 INFO  LibraryManagementApi.Controllers.UserController - Users fetched successfully
2024-09-30 17:11:54,334 INFO  LibraryManagementApi.Controllers.ReservationController - Fetching count of active reservations...
2024-09-30 17:11:54,355 INFO  LibraryManagementApi.Controllers.ReservationController - Active reservations count: 0
2024-09-30 17:11:54,360 INFO  LibraryManagementApi.Controllers.ReservationController - Fetching count of active reservations...
2024-09-30 17:11:54,370 INFO  LibraryManagementApi.Controllers.UserController - Fetching the total number of users...
2024-09-30 17:11:54,398 INFO  LibraryManagementApi.Controllers.ReservationController - Active reservations count: 0
2024-09-30 17:11:54,426 INFO  LibraryManagementApi.Controllers.UserController - Total number of users: 2
2024-09-30 17:11:54,434 INFO  LibraryManagementApi.Controllers.UserController - Fetching the total number of users...
2024-09-30 17:11:54,449 INFO  LibraryManagementApi.Controllers.UserController - Fetching all users...
2024-09-30 17:11:54,455 INFO  LibraryManagementApi.Controllers.UserController - Total number of users: 2
2024-09-30 17:11:54,487 INFO  LibraryManagementApi.Controllers.UserController - Users fetched successfully
2024-09-30 17:11:54,507 INFO  LibraryManagementApi.Controllers.UserController - Fetching all users...
2024-09-30 17:11:54,526 INFO  LibraryManagementApi.Controllers.UserController - Users fetched successfully
2024-09-30 17:11:58,454 INFO  LibraryManagementApi.Controllers.UserController - Fetching all users...
2024-09-30 17:11:58,464 INFO  LibraryManagementApi.Controllers.UserController - Users fetched successfully
2024-09-30 17:11:58,469 INFO  LibraryManagementApi.Controllers.UserController - Fetching all users...
2024-09-30 17:11:58,475 INFO  LibraryManagementApi.Controllers.UserController - Users fetched successfully
2024-09-30 17:11:59,878 INFO  LibraryManagementApi.Controllers.UserController - Fetching user with ID: 2
2024-09-30 17:11:59,970 INFO  LibraryManagementApi.Controllers.UserController - User with ID 2 fetched successfully
2024-09-30 17:11:59,976 INFO  LibraryManagementApi.Controllers.UserController - Fetching user with ID: 2
2024-09-30 17:11:59,991 INFO  LibraryManagementApi.Controllers.UserController - User with ID 2 fetched successfully
2024-09-30 22:46:20,908 INFO  LibraryManagementApi.Controllers.ReservationController - Fetching count of active reservations...
2024-09-30 22:46:20,954 INFO  LibraryManagementApi.Controllers.ReservationController - Active reservations count: 0
2024-09-30 22:46:20,967 INFO  LibraryManagementApi.Controllers.ReservationController - Fetching count of active reservations...
2024-09-30 22:46:20,983 INFO  LibraryManagementApi.Controllers.ReservationController - Active reservations count: 0
2024-09-30 22:46:20,997 INFO  LibraryManagementApi.Controllers.UserController - Fetching the total number of users...
2024-09-30 22:46:21,026 INFO  LibraryManagementApi.Controllers.UserController - Total number of users: 2
2024-09-30 22:46:21,034 INFO  LibraryManagementApi.Controllers.UserController - Fetching the total number of users...
2024-09-30 22:46:21,063 INFO  LibraryManagementApi.Controllers.UserController - Total number of users: 2
2024-09-30 22:46:21,098 INFO  LibraryManagementApi.Controllers.UserController - Fetching all users...
2024-09-30 22:46:21,153 INFO  LibraryManagementApi.Controllers.UserController - Users fetched successfully
2024-09-30 22:46:21,245 INFO  LibraryManagementApi.Controllers.UserController - Fetching all users...
2024-09-30 22:46:21,259 INFO  LibraryManagementApi.Controllers.UserController - Users fetched successfully
2024-09-30 22:46:25,589 INFO  LibraryManagementApi.Controllers.UserController - Fetching all users...
2024-09-30 22:46:25,602 INFO  LibraryManagementApi.Controllers.UserController - Users fetched successfully
2024-09-30 22:46:25,608 INFO  LibraryManagementApi.Controllers.UserController - Fetching all users...
2024-09-30 22:46:25,626 INFO  LibraryManagementApi.Controllers.UserController - Users fetched successfully
2024-09-30 22:46:27,308 INFO  LibraryManagementApi.Controllers.UserController - Fetching user with ID: 2
2024-09-30 22:46:27,364 INFO  LibraryManagementApi.Controllers.UserController - User with ID 2 fetched successfully
2024-09-30 22:46:27,370 INFO  LibraryManagementApi.Controllers.UserController - Fetching user with ID: 2
2024-09-30 22:46:27,389 INFO  LibraryManagementApi.Controllers.UserController - User with ID 2 fetched successfully
2024-09-30 22:46:29,802 INFO  LibraryManagementApi.Controllers.UserController - Fetching all users...
2024-09-30 22:46:29,819 INFO  LibraryManagementApi.Controllers.UserController - Users fetched successfully
2024-09-30 22:46:29,824 INFO  LibraryManagementApi.Controllers.UserController - Fetching all users...
2024-09-30 22:46:29,835 INFO  LibraryManagementApi.Controllers.UserController - Users fetched successfully
2024-09-30 22:46:38,861 INFO  LibraryManagementApi.Controllers.UserController - Fetching user with ID: 2
2024-09-30 22:46:38,879 INFO  LibraryManagementApi.Controllers.UserController - User with ID 2 fetched successfully
2024-09-30 22:46:38,886 INFO  LibraryManagementApi.Controllers.UserController - Fetching user with ID: 2
2024-09-30 22:46:38,902 INFO  LibraryManagementApi.Controllers.UserController - User with ID 2 fetched successfully
2024-09-30 22:47:37,508 INFO  LibraryManagementApi.Controllers.BookController - Fetching all books...
2024-09-30 22:47:37,511 INFO  LibraryManagementApi.Controllers.BookController - Fetching available books...
2024-09-30 22:47:37,514 INFO  LibraryManagementApi.Controllers.BookController - Fetching not available books...
2024-09-30 22:47:37,527 INFO  LibraryManagementApi.Controllers.BookController - Books retrieved successfully
2024-09-30 22:47:37,547 INFO  LibraryManagementApi.Controllers.BookController - Fetching all books...
2024-09-30 22:47:37,556 WARN  LibraryManagementApi.Controllers.BookController - No available books found
2024-09-30 22:47:37,565 INFO  LibraryManagementApi.Controllers.BookController - Available books retrieved successfully
2024-09-30 22:47:37,573 INFO  LibraryManagementApi.Controllers.BookController - Books retrieved successfully
2024-09-30 22:47:37,576 INFO  LibraryManagementApi.Controllers.BookController - Fetching available books...
2024-09-30 22:47:37,610 INFO  LibraryManagementApi.Controllers.BookController - Available books retrieved successfully
2024-09-30 22:47:37,649 INFO  LibraryManagementApi.Controllers.BookController - Fetching not available books...
2024-09-30 22:47:37,666 WARN  LibraryManagementApi.Controllers.BookController - No available books found
2024-09-30 22:47:46,054 INFO  LibraryManagementApi.Controllers.BookController - Fetching not available books...
2024-09-30 22:47:46,067 WARN  LibraryManagementApi.Controllers.BookController - No available books found
2024-09-30 22:47:46,074 INFO  LibraryManagementApi.Controllers.BookController - Fetching not available books...
2024-09-30 22:47:46,083 INFO  LibraryManagementApi.Controllers.ReservationController - Fetching all reservations...
2024-09-30 22:47:46,083 INFO  LibraryManagementApi.Controllers.ReservationController - Fetching active reservations for user ID: 2
2024-09-30 22:47:46,090 WARN  LibraryManagementApi.Controllers.BookController - No available books found
2024-09-30 22:47:46,137 WARN  LibraryManagementApi.Controllers.ReservationController - No reservations found.
2024-09-30 22:47:46,141 WARN  LibraryManagementApi.Controllers.ReservationController - No active reservations found for user ID: 2
2024-09-30 22:47:46,148 INFO  LibraryManagementApi.Controllers.ReservationController - Fetching active reservations for user ID: 2
2024-09-30 22:47:46,149 INFO  LibraryManagementApi.Controllers.ReservationController - Fetching all reservations...
2024-09-30 22:47:46,168 WARN  LibraryManagementApi.Controllers.ReservationController - No active reservations found for user ID: 2
2024-09-30 22:47:46,172 WARN  LibraryManagementApi.Controllers.ReservationController - No reservations found.
2024-09-30 22:47:55,067 INFO  LibraryManagementApi.Controllers.ReviewController - Fetching all reviews
2024-09-30 22:47:55,132 INFO  LibraryManagementApi.Controllers.ReviewController - All reviews fetched successfully
2024-09-30 22:47:55,143 INFO  LibraryManagementApi.Controllers.ReviewController - Fetching all reviews
2024-09-30 22:47:55,156 INFO  LibraryManagementApi.Controllers.ReviewController - All reviews fetched successfully
2024-09-30 22:48:43,480 INFO  LibraryManagementApi.Controllers.EventController - Fetching upcoming events...
2024-09-30 22:48:43,514 WARN  LibraryManagementApi.Controllers.EventController - No upcoming events found
2024-09-30 22:48:43,519 INFO  LibraryManagementApi.Controllers.EventController - Fetching upcoming events...
2024-09-30 22:48:43,531 WARN  LibraryManagementApi.Controllers.EventController - No upcoming events found
2024-09-30 22:48:46,761 INFO  LibraryManagementApi.Controllers.UserController - Fetching user with ID: 2
2024-09-30 22:48:46,790 INFO  LibraryManagementApi.Controllers.UserController - User with ID 2 fetched successfully
2024-09-30 22:48:46,796 INFO  LibraryManagementApi.Controllers.UserController - Fetching user with ID: 2
2024-09-30 22:48:46,816 INFO  LibraryManagementApi.Controllers.UserController - User with ID 2 fetched successfully
2024-09-30 22:50:33,011 INFO  LibraryManagementApi.Controllers.ReservationController - Fetching count of active reservations...
2024-09-30 22:50:33,038 INFO  LibraryManagementApi.Controllers.ReservationController - Active reservations count: 0
2024-09-30 22:50:33,042 INFO  LibraryManagementApi.Controllers.ReservationController - Fetching count of active reservations...
2024-09-30 22:50:33,050 INFO  LibraryManagementApi.Controllers.UserController - Fetching the total number of users...
2024-09-30 22:50:33,055 INFO  LibraryManagementApi.Controllers.ReservationController - Active reservations count: 0
2024-09-30 22:50:33,064 INFO  LibraryManagementApi.Controllers.UserController - Total number of users: 2
2024-09-30 22:50:33,071 INFO  LibraryManagementApi.Controllers.UserController - Fetching the total number of users...
2024-09-30 22:50:33,080 INFO  LibraryManagementApi.Controllers.UserController - Fetching all users...
2024-09-30 22:50:33,090 INFO  LibraryManagementApi.Controllers.UserController - Total number of users: 2
2024-09-30 22:50:33,106 INFO  LibraryManagementApi.Controllers.UserController - Users fetched successfully
2024-09-30 22:50:33,110 INFO  LibraryManagementApi.Controllers.UserController - Fetching all users...
2024-09-30 22:50:33,121 INFO  LibraryManagementApi.Controllers.UserController - Users fetched successfully
2024-09-30 22:50:39,770 INFO  LibraryManagementApi.Controllers.ReviewController - Fetching all reviews
2024-09-30 22:50:39,790 INFO  LibraryManagementApi.Controllers.ReviewController - All reviews fetched successfully
2024-09-30 22:50:39,794 INFO  LibraryManagementApi.Controllers.ReviewController - Fetching all reviews
2024-09-30 22:50:39,805 INFO  LibraryManagementApi.Controllers.ReviewController - All reviews fetched successfully
2024-09-30 22:50:43,120 INFO  LibraryManagementApi.Controllers.UserController - Fetching user with ID: 2
2024-09-30 22:50:43,137 INFO  LibraryManagementApi.Controllers.UserController - User with ID 2 fetched successfully
2024-09-30 22:50:43,145 INFO  LibraryManagementApi.Controllers.UserController - Fetching user with ID: 2
2024-09-30 22:50:43,160 INFO  LibraryManagementApi.Controllers.UserController - User with ID 2 fetched successfully
2024-09-30 22:51:57,460 INFO  LibraryManagementApi.Controllers.ReviewController - Fetching all reviews
2024-09-30 22:51:57,485 INFO  LibraryManagementApi.Controllers.ReviewController - All reviews fetched successfully
2024-09-30 22:51:57,491 INFO  LibraryManagementApi.Controllers.ReviewController - Fetching all reviews
2024-09-30 22:51:57,513 INFO  LibraryManagementApi.Controllers.ReviewController - All reviews fetched successfully
2024-09-30 22:52:31,886 INFO  LibraryManagementApi.Controllers.UserController - Fetching all users...
2024-09-30 22:52:31,906 INFO  LibraryManagementApi.Controllers.UserController - Users fetched successfully
2024-09-30 22:52:31,914 INFO  LibraryManagementApi.Controllers.UserController - Fetching all users...
2024-09-30 22:52:31,930 INFO  LibraryManagementApi.Controllers.UserController - Users fetched successfully
2024-09-30 22:52:57,268 INFO  LibraryManagementApi.Controllers.BookController - Fetching available books...
2024-09-30 22:52:57,283 INFO  LibraryManagementApi.Controllers.BookController - Fetching all books...
2024-09-30 22:52:57,288 INFO  LibraryManagementApi.Controllers.BookController - Fetching not available books...
2024-09-30 22:52:57,293 INFO  LibraryManagementApi.Controllers.BookController - Available books retrieved successfully
2024-09-30 22:52:57,321 INFO  LibraryManagementApi.Controllers.BookController - Books retrieved successfully
2024-09-30 22:52:57,331 INFO  LibraryManagementApi.Controllers.BookController - Fetching available books...
2024-09-30 22:52:57,357 WARN  LibraryManagementApi.Controllers.BookController - No available books found
2024-09-30 22:52:57,379 INFO  LibraryManagementApi.Controllers.BookController - Available books retrieved successfully
2024-09-30 22:52:57,399 INFO  LibraryManagementApi.Controllers.BookController - Fetching all books...
2024-09-30 22:52:57,401 INFO  LibraryManagementApi.Controllers.BookController - Fetching not available books...
2024-09-30 22:52:57,422 INFO  LibraryManagementApi.Controllers.BookController - Books retrieved successfully
2024-09-30 22:52:57,432 WARN  LibraryManagementApi.Controllers.BookController - No available books found
2024-09-30 22:53:07,433 INFO  LibraryManagementApi.Controllers.UserController - Fetching all users...
2024-09-30 22:53:07,447 INFO  LibraryManagementApi.Controllers.UserController - Users fetched successfully
2024-09-30 22:53:07,453 INFO  LibraryManagementApi.Controllers.UserController - Fetching all users...
2024-09-30 22:53:07,469 INFO  LibraryManagementApi.Controllers.UserController - Users fetched successfully
2024-09-30 22:53:31,649 INFO  LibraryManagementApi.Controllers.BookController - Fetching not available books...
2024-09-30 22:53:31,649 INFO  LibraryManagementApi.Controllers.BookController - Fetching available books...
2024-09-30 22:53:31,682 WARN  LibraryManagementApi.Controllers.BookController - No available books found
2024-09-30 22:53:31,687 INFO  LibraryManagementApi.Controllers.BookController - Available books retrieved successfully
2024-09-30 22:53:31,688 INFO  LibraryManagementApi.Controllers.BookController - Fetching all books...
2024-09-30 22:53:31,688 INFO  LibraryManagementApi.Controllers.BookController - Fetching not available books...
2024-09-30 22:53:31,713 WARN  LibraryManagementApi.Controllers.BookController - No available books found
2024-09-30 22:53:31,718 INFO  LibraryManagementApi.Controllers.BookController - Books retrieved successfully
2024-09-30 22:53:31,720 INFO  LibraryManagementApi.Controllers.BookController - Fetching available books...
2024-09-30 22:53:31,726 INFO  LibraryManagementApi.Controllers.BookController - Fetching all books...
2024-09-30 22:53:31,748 INFO  LibraryManagementApi.Controllers.BookController - Books retrieved successfully
2024-09-30 22:53:31,771 INFO  LibraryManagementApi.Controllers.BookController - Available books retrieved successfully
2024-09-30 22:53:34,080 INFO  LibraryManagementApi.Controllers.UserController - Fetching user with ID: 2
2024-09-30 22:53:34,096 INFO  LibraryManagementApi.Controllers.UserController - User with ID 2 fetched successfully
2024-09-30 22:53:34,100 INFO  LibraryManagementApi.Controllers.UserController - Fetching user with ID: 2
2024-09-30 22:53:34,118 INFO  LibraryManagementApi.Controllers.UserController - User with ID 2 fetched successfully
2024-09-30 22:53:37,586 INFO  LibraryManagementApi.Controllers.BookController - Fetching not available books...
2024-09-30 22:53:37,586 INFO  LibraryManagementApi.Controllers.BookController - Fetching available books...
2024-09-30 22:53:37,600 INFO  LibraryManagementApi.Controllers.BookController - Fetching all books...
2024-09-30 22:53:37,610 INFO  LibraryManagementApi.Controllers.BookController - Available books retrieved successfully
2024-09-30 22:53:37,618 WARN  LibraryManagementApi.Controllers.BookController - No available books found
2024-09-30 22:53:37,622 INFO  LibraryManagementApi.Controllers.BookController - Fetching available books...
2024-09-30 22:53:37,624 INFO  LibraryManagementApi.Controllers.BookController - Books retrieved successfully
2024-09-30 22:53:37,638 INFO  LibraryManagementApi.Controllers.BookController - Fetching not available books...
2024-09-30 22:53:37,645 INFO  LibraryManagementApi.Controllers.BookController - Available books retrieved successfully
2024-09-30 22:53:37,649 INFO  LibraryManagementApi.Controllers.BookController - Fetching all books...
2024-09-30 22:53:37,677 WARN  LibraryManagementApi.Controllers.BookController - No available books found
2024-09-30 22:53:37,680 INFO  LibraryManagementApi.Controllers.BookController - Books retrieved successfully
2024-09-30 22:53:50,249 INFO  LibraryManagementApi.Controllers.ReviewController - Fetching all reviews
2024-09-30 22:53:50,269 INFO  LibraryManagementApi.Controllers.ReviewController - All reviews fetched successfully
2024-09-30 22:53:50,273 INFO  LibraryManagementApi.Controllers.ReviewController - Fetching all reviews
2024-09-30 22:53:50,287 INFO  LibraryManagementApi.Controllers.ReviewController - All reviews fetched successfully
2024-09-30 22:54:00,913 INFO  LibraryManagementApi.Controllers.BookController - Fetching available books...
2024-09-30 22:54:00,913 INFO  LibraryManagementApi.Controllers.BookController - Fetching all books...
2024-09-30 22:54:00,913 INFO  LibraryManagementApi.Controllers.BookController - Fetching not available books...
2024-09-30 22:54:00,938 INFO  LibraryManagementApi.Controllers.BookController - Available books retrieved successfully
2024-09-30 22:54:00,943 INFO  LibraryManagementApi.Controllers.BookController - Books retrieved successfully
2024-09-30 22:54:00,974 WARN  LibraryManagementApi.Controllers.BookController - No available books found
2024-09-30 22:54:00,975 INFO  LibraryManagementApi.Controllers.BookController - Fetching all books...
2024-09-30 22:54:00,975 INFO  LibraryManagementApi.Controllers.BookController - Fetching available books...
2024-09-30 22:54:00,992 INFO  LibraryManagementApi.Controllers.BookController - Fetching not available books...
2024-09-30 22:54:00,999 INFO  LibraryManagementApi.Controllers.BookController - Available books retrieved successfully
2024-09-30 22:54:01,007 INFO  LibraryManagementApi.Controllers.BookController - Books retrieved successfully
2024-09-30 22:54:01,028 WARN  LibraryManagementApi.Controllers.BookController - No available books found
