2024-09-23 08:35:55,875 INFO  LibraryManagementApi.Controllers.UserController - Creating a new user...
2024-09-23 08:35:56,642 INFO  LibraryManagementApi.Controllers.UserController - User with email user1@gmail.com created successfully
2024-09-23 08:35:57,554 INFO  LibraryManagementApi.Controllers.UserController - Creating a new user...
2024-09-23 08:35:57,566 WARN  LibraryManagementApi.Controllers.UserController - User with email user1@gmail.com already exists
2024-09-23 08:36:36,503 INFO  LibraryManagementApi.Controllers.UserController - Creating a new user...
2024-09-23 08:36:36,534 INFO  LibraryManagementApi.Controllers.UserController - User with email user2@gmail.com created successfully
2024-09-23 08:36:39,078 INFO  LibraryManagementApi.Controllers.UserController - Creating a new user...
2024-09-23 08:36:39,092 WARN  LibraryManagementApi.Controllers.UserController - User with email user2@gmail.com already exists
2024-09-23 09:12:24,550 INFO  LibraryManagementApi.Controllers.UserController - Creating a new user...
2024-09-23 09:12:28,594 INFO  LibraryManagementApi.Controllers.UserController - User with email user@example.com created successfully
2024-09-23 09:16:10,856 INFO  LibraryManagementApi.Controllers.UserController - Creating a new user...
2024-09-23 09:16:10,891 WARN  LibraryManagementApi.Controllers.UserController - User with email user1@gmail.com already exists
2024-09-23 09:16:41,659 INFO  LibraryManagementApi.Controllers.UserController - Creating a new user...
2024-09-23 09:16:42,007 INFO  LibraryManagementApi.Controllers.UserController - User with email user10@gmail.com created successfully
2024-09-23 09:16:46,775 INFO  LibraryManagementApi.Controllers.UserController - Creating a new user...
2024-09-23 09:16:46,797 WARN  LibraryManagementApi.Controllers.UserController - User with email user10@gmail.com already exists
2024-09-23 09:19:44,811 INFO  LibraryManagementApi.Controllers.UserController - Creating a new user...
2024-09-23 09:19:45,039 WARN  LibraryManagementApi.Controllers.UserController - User with email user10@gmail.com already exists
2024-09-23 09:52:16,857 INFO  LibraryManagementApi.Controllers.UserController - Creating a new user...
2024-09-23 09:52:18,744 INFO  LibraryManagementApi.Controllers.UserController - User with email prasanth@gmail.com created successfully
2024-09-23 09:52:25,050 INFO  LibraryManagementApi.Controllers.UserController - Creating a new user...
2024-09-23 09:52:25,067 WARN  LibraryManagementApi.Controllers.UserController - User with email prasanth@gmail.com already exists
2024-09-23 10:10:52,169 INFO  LibraryManagementApi.Controllers.UserController - Creating a new user...
2024-09-23 10:10:52,881 INFO  LibraryManagementApi.Controllers.UserController - User with email prasanthi@gmail.com created successfully
2024-09-23 10:12:04,085 INFO  LibraryManagementApi.Controllers.UserController - Creating a new user...
2024-09-23 10:12:04,523 INFO  LibraryManagementApi.Controllers.UserController - User with email nag@gmail.com created successfully
2024-09-23 10:12:05,859 INFO  LibraryManagementApi.Controllers.UserController - Creating a new user...
2024-09-23 10:12:05,893 WARN  LibraryManagementApi.Controllers.UserController - User with email nag@gmail.com already exists
2024-09-23 10:15:54,513 INFO  LibraryManagementApi.Controllers.UserController - Creating a new user...
2024-09-23 10:15:55,059 INFO  LibraryManagementApi.Controllers.UserController - User with email chanti@gmail.com created successfully
2024-09-23 10:23:19,984 INFO  LibraryManagementApi.Controllers.UserController - Creating a new user...
2024-09-23 10:23:20,410 INFO  LibraryManagementApi.Controllers.UserController - User with email chanti3@gmail.com created successfully
2024-09-23 10:29:53,956 INFO  LibraryManagementApi.Controllers.UserController - Creating a new user...
2024-09-23 10:29:54,751 INFO  LibraryManagementApi.Controllers.UserController - User with email kamatchi@gmail.com created successfully
2024-09-23 10:40:33,182 INFO  LibraryManagementApi.Controllers.UserController - Creating a new user...
2024-09-23 10:40:33,693 INFO  LibraryManagementApi.Controllers.UserController - User with email kam@gmail.com created successfully
2024-09-23 10:41:53,556 INFO  LibraryManagementApi.Controllers.UserController - Creating a new user...
2024-09-23 10:41:53,773 INFO  LibraryManagementApi.Controllers.UserController - User with email kamo@gmail.com created successfully
2024-09-23 10:42:52,769 INFO  LibraryManagementApi.Controllers.UserController - Creating a new user...
2024-09-23 10:42:52,975 INFO  LibraryManagementApi.Controllers.UserController - User with email kamo1@gmail.com created successfully
2024-09-23 22:30:01,046 INFO  LibraryManagementApi.Controllers.UserController - Fetching all users...
2024-09-23 22:30:01,228 INFO  LibraryManagementApi.Controllers.UserController - Users fetched successfully
2024-09-23 23:14:11,265 INFO  LibraryManagementApi.Controllers.EventController - Fetching all events...
2024-09-23 23:14:11,327 WARN  LibraryManagementApi.Controllers.EventController - No events found
2024-09-23 23:16:43,980 INFO  LibraryManagementApi.Controllers.EventController - Fetching upcoming events...
2024-09-23 23:16:44,059 WARN  LibraryManagementApi.Controllers.EventController - No upcoming events found
2024-09-23 23:17:16,773 INFO  LibraryManagementApi.Controllers.EventController - Adding a new event...
2024-09-23 23:17:17,278 INFO  LibraryManagementApi.Controllers.EventController - Event 'art class' added successfully
2024-09-23 23:17:22,016 INFO  LibraryManagementApi.Controllers.EventController - Fetching upcoming events...
2024-09-23 23:17:22,042 INFO  LibraryManagementApi.Controllers.EventController - Upcoming events retrieved successfully
2024-09-23 23:25:55,374 INFO  LibraryManagementApi.Controllers.BookController - Adding a new book...
2024-09-23 23:26:46,633 INFO  LibraryManagementApi.Controllers.BookController - Adding a new book...
2024-09-23 23:27:00,106 INFO  LibraryManagementApi.Controllers.BookController - Adding a new book...
2024-09-23 23:27:00,161 INFO  LibraryManagementApi.Controllers.BookController - Book 'string' added successfully
2024-09-23 23:37:44,585 INFO  LibraryManagementApi.Controllers.BookController - Fetching all books...
2024-09-23 23:37:44,665 INFO  LibraryManagementApi.Controllers.BookController - Books retrieved successfully
